Begin Time:2024-04-15T11:59:50.647
[2024-04-15T11:59:50.647 info Netsdk:69989 18876:17488 netsdk.cpp:302]Enter CLIENT_SetAutoReconnect:[cbAutoConnect=0000000002D60050, dwUser=0000000000000000].
[2024-04-15T11:59:50.647 info Netsdk:69989 18876:17488 netsdk.cpp:304]Leave CLIENT_SetAutoReconnect.
[2024-04-15T11:59:50.647 info Netsdk:69989 18876:17488 netsdk.cpp:326]Enter CLIENT_SetConnectTime:[nWaitTime=5000, nTryTimes=1].
[2024-04-15T11:59:50.647 info Netsdk:69989 18876:17488 netsdk.cpp:339]Leave CLIENT_SetConnectTime.
[2024-04-15T11:59:50.648 info Netsdk:69989 18876:17488 netsdk.cpp:352]Enter CLIENT_SetNetworkParam:[nWaittime=0, nConnectTime=10000, nConnectTryNum=0, nSubConnectSpaceTime=0, nGetDevInfoTime=3000, nConnectBufSize=0, nGetConnInfoTime=3000, nSearchRecordTime=0, nsubDisconnetTime=0, byNetType=0, byPlaybackBufSize=0, bDetectDisconnTime=0, bKeepLifeInterval=0, nPicBufSize=0].
[2024-04-15T11:59:50.648 info Netsdk:69989 18876:17488 netsdk.cpp:367]Leave CLIENT_SetNetworkParam.
[2024-04-15T11:59:50.863 info Netsdk:69989 18876:15576 netsdk.cpp:245]Enter CLIENT_InitEx:[cbDisConnect=0000000002D60010, dwUser=0000000000000000, lpInitParam=0000000000000000].
[2024-04-15T11:59:50.863 info Netsdk:69989 18876:15576 AVNetSDKMgr.cpp:736]Test avnetsdk module handle: 000000002F2E0000

[2024-04-15T11:59:50.863 info Netsdk:69989 18876:15576 netsdk.cpp:268]Leave CLIENT_InitEx.
[2024-04-15T11:59:50.864 info Netsdk:69989 18876:15576 Manager.cpp:17401]-------------------Log file reset, log number:10-log size:10240------------------
Begin Time:2024-04-15T11:59:50.864
[2024-04-15T11:59:50.864 info Netsdk:69989 18876:15576 netsdk.cpp:302]Enter CLIENT_SetAutoReconnect:[cbAutoConnect=0000000002D60050, dwUser=0000000000000000].
[2024-04-15T11:59:50.864 info Netsdk:69989 18876:15576 netsdk.cpp:304]Leave CLIENT_SetAutoReconnect.
[2024-04-15T11:59:50.864 info Netsdk:69989 18876:15576 netsdk.cpp:326]Enter CLIENT_SetConnectTime:[nWaitTime=5000, nTryTimes=1].
[2024-04-15T11:59:50.864 info Netsdk:69989 18876:15576 netsdk.cpp:339]Leave CLIENT_SetConnectTime.
[2024-04-15T11:59:50.864 info Netsdk:69989 18876:15576 netsdk.cpp:352]Enter CLIENT_SetNetworkParam:[nWaittime=0, nConnectTime=10000, nConnectTryNum=0, nSubConnectSpaceTime=0, nGetDevInfoTime=3000, nConnectBufSize=0, nGetConnInfoTime=3000, nSearchRecordTime=0, nsubDisconnetTime=0, byNetType=0, byPlaybackBufSize=0, bDetectDisconnTime=0, bKeepLifeInterval=0, nPicBufSize=0].
[2024-04-15T11:59:50.864 info Netsdk:69989 18876:15576 netsdk.cpp:367]Leave CLIENT_SetNetworkParam.
[2024-04-15T11:59:50.865 info Netsdk:69989 18876:15576 netsdk.cpp:1656]Enter CLIENT_RealPlayByDataType. lLoginID:0000000027BFCE60. nChannelID:0. hWnd:0000000000000000
[2024-04-15T11:59:50.918 error Netsdk:69989 18876:15576 Generation2ProtocolSecureTransmit.cpp:661]Not find
[2024-04-15T11:59:50.918 info Netsdk:69989 18876:15576 DevConfigEx.cpp:12265]IN SetupSession PORT=0 and PORT: 43489
[2024-04-15T11:59:50.944 info Netsdk:69989 18876:15576 TPTCPClient.cpp:540]Connect Client Ip : 192.168.10.124 
[2024-04-15T11:59:50.944 info Netsdk:69989 18876:15576 TPTCPClient.cpp:541]Connect Client Port : 2609
[2024-04-15T11:59:50.944 info Netsdk:69989 18876:15576 TcpSocket.cpp:2320]bSetSSL:0, nPolicy:0, nTlsMode:0
[2024-04-15T11:59:50.944 info Netsdk:69989 18876:15576 TcpSocket.cpp:2335]IsStandardTls bSetSSL:0, nPolicy:0, nTlsMode:0
[2024-04-15T11:59:50.974 info Netsdk:69989 18876:15576 netsdk.cpp:1703]Leave CLIENT_RealPlayByDataType. ret:831565600
[2024-04-15T11:59:50.974 info Netsdk:69989 18876:15576 netsdk.cpp:3034]Enter CLIENT_SetRealDataCallBackEx. [lRealHandle=831565600. cbRealData=0000000002D60090, dwUser=0000000000000000. dwFlag=31.]
[2024-04-15T11:59:50.974 info Netsdk:69989 18876:15576 netsdk.cpp:3056]Leave CLIENT_SetRealDataCallBackEx.ret:1.
[2024-04-15T11:59:51.058 error Netsdk:69989 18876:16972 RealPlayAndPlayBackUtil.cpp:468]Render is NULL
[2024-04-15T11:59:51.058 error Netsdk:69989 18876:16972 RealPlayAndPlayBackUtil.cpp:468]Render is NULL
[2024-04-15T12:01:39.218 info Netsdk:69989 18876:1652 netsdk.cpp:2091]Enter CLIENT_StopRealPlayEx. lRealHandle:666909664.
[2024-04-15T12:01:39.218 info Netsdk:69989 18876:1652 netsdk.cpp:2105]Leave CLIENT_StopRealPlayEx. ret:1
[2024-04-15T12:01:39.219 info Netsdk:69989 18876:1652 netsdk.cpp:2091]Enter CLIENT_StopRealPlayEx. lRealHandle:831565600.
[2024-04-15T12:01:39.219 info Netsdk:69989 18876:1652 netsdk.cpp:2105]Leave CLIENT_StopRealPlayEx. ret:1
