Begin Time:2024-04-15T12:42:43.151
[2024-04-15T12:42:43.151 info Netsdk:69989 13804:9540 netsdk.cpp:302]Enter CLIENT_SetAutoReconnect:[cbAutoConnect=00000000208C0050, dwUser=0000000000000000].
[2024-04-15T12:42:43.151 info Netsdk:69989 13804:9540 netsdk.cpp:304]Leave CLIENT_SetAutoReconnect.
[2024-04-15T12:42:43.151 info Netsdk:69989 13804:9540 netsdk.cpp:326]Enter CLIENT_SetConnectTime:[nWaitTime=5000, nTryTimes=1].
[2024-04-15T12:42:43.151 info Netsdk:69989 13804:9540 netsdk.cpp:339]Leave CLIENT_SetConnectTime.
[2024-04-15T12:42:43.151 info Netsdk:69989 13804:9540 netsdk.cpp:352]Enter CLIENT_SetNetworkParam:[nWaittime=0, nConnectTime=10000, nConnectTryNum=0, nSubConnectSpaceTime=0, nGetDevInfoTime=3000, nConnectBufSize=0, nGetConnInfoTime=3000, nSearchRecordTime=0, nsubDisconnetTime=0, byNetType=0, byPlaybackBufSize=0, bDetectDisconnTime=0, bKeepLifeInterval=0, nPicBufSize=0].
[2024-04-15T12:42:43.151 info Netsdk:69989 13804:9540 netsdk.cpp:367]Leave CLIENT_SetNetworkParam.
[2024-04-15T12:42:43.151 info Netsdk:69989 13804:9540 netsdk.cpp:1656]Enter CLIENT_RealPlayByDataType. lLoginID:0000000027DB7F50. nChannelID:1. hWnd:0000000000000000
[2024-04-15T12:42:43.193 error Netsdk:69989 13804:9540 Generation2ProtocolSecureTransmit.cpp:661]Not find
[2024-04-15T12:42:43.193 info Netsdk:69989 13804:9540 DevConfigEx.cpp:12265]IN SetupSession PORT=0 and PORT: 43489
[2024-04-15T12:42:43.226 info Netsdk:69989 13804:9540 TPTCPClient.cpp:540]Connect Client Ip : 192.168.10.124 
[2024-04-15T12:42:43.226 info Netsdk:69989 13804:9540 TPTCPClient.cpp:541]Connect Client Port : 9706
[2024-04-15T12:42:43.226 info Netsdk:69989 13804:9540 TcpSocket.cpp:2320]bSetSSL:0, nPolicy:0, nTlsMode:0
[2024-04-15T12:42:43.226 info Netsdk:69989 13804:9540 TcpSocket.cpp:2335]IsStandardTls bSetSSL:0, nPolicy:0, nTlsMode:0
[2024-04-15T12:42:43.259 info Netsdk:69989 13804:9540 netsdk.cpp:1703]Leave CLIENT_RealPlayByDataType. ret:836420800
[2024-04-15T12:42:43.260 info Netsdk:69989 13804:9540 netsdk.cpp:3034]Enter CLIENT_SetRealDataCallBackEx. [lRealHandle=836420800. cbRealData=00000000208C0090, dwUser=0000000000000000. dwFlag=31.]
[2024-04-15T12:42:43.260 info Netsdk:69989 13804:9540 netsdk.cpp:3056]Leave CLIENT_SetRealDataCallBackEx.ret:1.
[2024-04-15T12:42:43.328 error Netsdk:69989 13804:14852 RealPlayAndPlayBackUtil.cpp:468]Render is NULL
[2024-04-15T12:42:43.328 error Netsdk:69989 13804:14852 RealPlayAndPlayBackUtil.cpp:468]Render is NULL
[2024-04-15T12:42:54.919 info Netsdk:69989 13804:14068 netsdk.cpp:2091]Enter CLIENT_StopRealPlayEx. lRealHandle:836420800.
[2024-04-15T12:42:54.919 info Netsdk:69989 13804:14068 netsdk.cpp:2105]Leave CLIENT_StopRealPlayEx. ret:1
[2024-04-15T12:42:59.418 info Netsdk:69989 13804:14356 netsdk.cpp:2091]Enter CLIENT_StopRealPlayEx. lRealHandle:668593536.
[2024-04-15T12:42:59.418 info Netsdk:69989 13804:14356 netsdk.cpp:2105]Leave CLIENT_StopRealPlayEx. ret:1
