Begin Time:2024-04-15T10:53:33.940
[2024-04-15T10:53:33.940 info Netsdk:69989 9444:15060 netsdk.cpp:302]Enter CLIENT_SetAutoReconnect:[cbAutoConnect=00000000247F0050, dwUser=0000000000000000].
[2024-04-15T10:53:33.940 info Netsdk:69989 9444:15060 netsdk.cpp:304]Leave CLIENT_SetAutoReconnect.
[2024-04-15T10:53:33.940 info Netsdk:69989 9444:15060 netsdk.cpp:326]Enter CLIENT_SetConnectTime:[nWaitTime=5000, nTryTimes=1].
[2024-04-15T10:53:33.940 info Netsdk:69989 9444:15060 netsdk.cpp:339]Leave CLIENT_SetConnectTime.
[2024-04-15T10:53:33.940 info Netsdk:69989 9444:15060 netsdk.cpp:352]Enter CLIENT_SetNetworkParam:[nWaittime=0, nConnectTime=10000, nConnectTryNum=0, nSubConnectSpaceTime=0, nGetDevInfoTime=3000, nConnectBufSize=0, nGetConnInfoTime=3000, nSearchRecordTime=0, nsubDisconnetTime=0, byNetType=0, byPlaybackBufSize=0, bDetectDisconnTime=0, bKeepLifeInterval=0, nPicBufSize=0].
[2024-04-15T10:53:33.940 info Netsdk:69989 9444:15060 netsdk.cpp:367]Leave CLIENT_SetNetworkParam.
[2024-04-15T10:53:33.940 info Netsdk:69989 9444:15060 netsdk.cpp:1656]Enter CLIENT_RealPlayByDataType. lLoginID:00000000272E7F50. nChannelID:0. hWnd:0000000000000000
[2024-04-15T10:53:33.973 error Netsdk:69989 9444:15060 Generation2ProtocolSecureTransmit.cpp:661]Not find
[2024-04-15T10:53:33.973 info Netsdk:69989 9444:15060 DevConfigEx.cpp:12265]IN SetupSession PORT=0 and PORT: 43489
[2024-04-15T10:53:34.004 info Netsdk:69989 9444:15060 TPTCPClient.cpp:540]Connect Client Ip : 192.168.10.124 
[2024-04-15T10:53:34.004 info Netsdk:69989 9444:15060 TPTCPClient.cpp:541]Connect Client Port : 14208
[2024-04-15T10:53:34.004 info Netsdk:69989 9444:15060 TcpSocket.cpp:2320]bSetSSL:0, nPolicy:0, nTlsMode:0
[2024-04-15T10:53:34.004 info Netsdk:69989 9444:15060 TcpSocket.cpp:2335]IsStandardTls bSetSSL:0, nPolicy:0, nTlsMode:0
[2024-04-15T10:53:34.037 info Netsdk:69989 9444:15060 netsdk.cpp:1703]Leave CLIENT_RealPlayByDataType. ret:657476512
[2024-04-15T10:53:34.037 info Netsdk:69989 9444:15060 netsdk.cpp:3034]Enter CLIENT_SetRealDataCallBackEx. [lRealHandle=657476512. cbRealData=00000000247F0090, dwUser=000000000096B8F0. dwFlag=31.]
[2024-04-15T10:53:34.037 info Netsdk:69989 9444:15060 netsdk.cpp:3056]Leave CLIENT_SetRealDataCallBackEx.ret:1.
[2024-04-15T10:53:34.106 error Netsdk:69989 9444:1168 RealPlayAndPlayBackUtil.cpp:468]Render is NULL
[2024-04-15T10:53:34.106 error Netsdk:69989 9444:1168 RealPlayAndPlayBackUtil.cpp:468]Render is NULL
[2024-04-15T10:53:39.757 info Netsdk:69989 9444:16944 netsdk.cpp:245]Enter CLIENT_InitEx:[cbDisConnect=00000000247F0010, dwUser=0000000000000000, lpInitParam=0000000000000000].
[2024-04-15T10:53:39.757 info Netsdk:69989 9444:16944 AVNetSDKMgr.cpp:736]Test avnetsdk module handle: 00000000302F0000

[2024-04-15T10:53:39.757 info Netsdk:69989 9444:16944 netsdk.cpp:268]Leave CLIENT_InitEx.
[2024-04-15T10:53:39.758 info Netsdk:69989 9444:16944 Manager.cpp:17401]-------------------Log file reset, log number:10-log size:10240------------------
