Begin Time:2024-04-15T10:55:30.319
[2024-04-15T10:55:30.319 info Netsdk:69989 12756:3760 netsdk.cpp:302]Enter CLIENT_SetAutoReconnect:[cbAutoConnect=00000000247E0050, dwUser=0000000000000000].
[2024-04-15T10:55:30.319 info Netsdk:69989 12756:3760 netsdk.cpp:304]Leave CLIENT_SetAutoReconnect.
[2024-04-15T10:55:30.319 info Netsdk:69989 12756:3760 netsdk.cpp:326]Enter CLIENT_SetConnectTime:[nWaitTime=5000, nTryTimes=1].
[2024-04-15T10:55:30.319 info Netsdk:69989 12756:3760 netsdk.cpp:339]Leave CLIENT_SetConnectTime.
[2024-04-15T10:55:30.319 info Netsdk:69989 12756:3760 netsdk.cpp:352]Enter CLIENT_SetNetworkParam:[nWaittime=0, nConnectTime=10000, nConnectTryNum=0, nSubConnectSpaceTime=0, nGetDevInfoTime=3000, nConnectBufSize=0, nGetConnInfoTime=3000, nSearchRecordTime=0, nsubDisconnetTime=0, byNetType=0, byPlaybackBufSize=0, bDetectDisconnTime=0, bKeepLifeInterval=0, nPicBufSize=0].
[2024-04-15T10:55:30.320 info Netsdk:69989 12756:3760 netsdk.cpp:367]Leave CLIENT_SetNetworkParam.
[2024-04-15T10:56:03.163 info Netsdk:69989 12756:13232 netsdk.cpp:2091]Enter CLIENT_StopRealPlayEx. lRealHandle:837704688.
[2024-04-15T10:56:05.180 info Netsdk:69989 12756:5376 netsdk.cpp:2091]Enter CLIENT_StopRealPlayEx. lRealHandle:837704688.
[2024-04-15T10:56:05.181 error Netsdk:69989 12756:13548 TcpSocket.cpp:1557]exlen size add head_size is over buff len, extlen:331097000,Len:51200
[2024-04-15T10:56:05.181 info Netsdk:69989 12756:13548 TcpSocket.cpp:1560]46 CE 92 C7 A8 23 BC 13 3C C1 26 B4 1C E2 75 E1 C6 6D 10 38 7B 7C C8 3B 98 EA F4 96 60 48 A6 C2 
[2024-04-15T10:56:05.181 error Netsdk:69989 12756:13548 TcpSocket.cpp:1566]Ext len too long, size:331097000, ip:49.239.193.148, port:43489
[2024-04-15T10:56:05.181 error Netsdk:69989 12756:13548 TPTCPClient.cpp:286]Device is not online
[2024-04-15T10:56:05.181 info Netsdk:69989 12756:13232 netsdk.cpp:2105]Leave CLIENT_StopRealPlayEx. ret:1
[2024-04-15T10:56:05.181 info Netsdk:69989 12756:5376 netsdk.cpp:2105]Leave CLIENT_StopRealPlayEx. ret:0
[2024-04-15T10:56:24.007 info Netsdk:69989 12756:13704 netsdk.cpp:2091]Enter CLIENT_StopRealPlayEx. lRealHandle:837704688.
[2024-04-15T10:56:24.007 info Netsdk:69989 12756:13704 netsdk.cpp:2105]Leave CLIENT_StopRealPlayEx. ret:0
[2024-04-15T10:56:25.181 info Netsdk:69989 12756:9340 netsdk.cpp:245]Enter CLIENT_InitEx:[cbDisConnect=00000000247E0010, dwUser=0000000000000000, lpInitParam=0000000000000000].
[2024-04-15T10:56:25.181 info Netsdk:69989 12756:9340 AVNetSDKMgr.cpp:736]Test avnetsdk module handle: 000000002F780000

[2024-04-15T10:56:25.181 info Netsdk:69989 12756:9340 netsdk.cpp:268]Leave CLIENT_InitEx.
[2024-04-15T10:56:25.182 info Netsdk:69989 12756:9340 Manager.cpp:17401]-------------------Log file reset, log number:10-log size:10240------------------
