Begin Time:2024-04-15T11:53:47.741
[2024-04-15T11:53:47.741 info Netsdk:69989 19820:6064 AVNetSDKMgr.cpp:504]Load avnetsdk library dynamically
[2024-04-15T11:53:47.741 info Netsdk:69989 19820:10688 AVNetSDKMgr.cpp:736]Test avnetsdk module handle: 000000002D790000

[2024-04-15T11:53:47.741 info Netsdk:69989 19820:10688 netsdk.cpp:268]Leave CLIENT_InitEx.
[2024-04-15T11:53:47.741 info Netsdk:69989 19820:6064 AVNetSDKMgr.cpp:549]avnetsdk module handle: 000000002D790000

[2024-04-15T11:53:47.741 info Netsdk:69989 19820:6064 AVNetSDKMgr.cpp:823]Load configsdk dynamically
[2024-04-15T11:53:47.742 info Netsdk:69989 19820:10688 Manager.cpp:17401]-------------------Log file reset, log number:10-log size:10240------------------
Begin Time:2024-04-15T11:53:47.743
[2024-04-15T11:53:47.743 info Netsdk:69989 19820:6064 netsdk.cpp:302]Enter CLIENT_SetAutoReconnect:[cbAutoConnect=00000000201B0050, dwUser=0000000000000000].
[2024-04-15T11:53:47.743 info Netsdk:69989 19820:6064 netsdk.cpp:304]Leave CLIENT_SetAutoReconnect.
[2024-04-15T11:53:47.743 info Netsdk:69989 19820:10688 netsdk.cpp:302]Enter CLIENT_SetAutoReconnect:[cbAutoConnect=00000000201B0050, dwUser=0000000000000000].
[2024-04-15T11:53:47.743 info Netsdk:69989 19820:10688 netsdk.cpp:304]Leave CLIENT_SetAutoReconnect.
[2024-04-15T11:53:47.743 info Netsdk:69989 19820:6064 netsdk.cpp:326]Enter CLIENT_SetConnectTime:[nWaitTime=5000, nTryTimes=1].
[2024-04-15T11:53:47.743 info Netsdk:69989 19820:10688 netsdk.cpp:326]Enter CLIENT_SetConnectTime:[nWaitTime=5000, nTryTimes=1].
[2024-04-15T11:53:47.743 info Netsdk:69989 19820:10688 netsdk.cpp:339]Leave CLIENT_SetConnectTime.
[2024-04-15T11:53:47.743 info Netsdk:69989 19820:6064 netsdk.cpp:339]Leave CLIENT_SetConnectTime.
[2024-04-15T11:53:47.743 info Netsdk:69989 19820:10688 netsdk.cpp:352]Enter CLIENT_SetNetworkParam:[nWaittime=0, nConnectTime=10000, nConnectTryNum=0, nSubConnectSpaceTime=0, nGetDevInfoTime=3000, nConnectBufSize=0, nGetConnInfoTime=3000, nSearchRecordTime=0, nsubDisconnetTime=0, byNetType=0, byPlaybackBufSize=0, bDetectDisconnTime=0, bKeepLifeInterval=0, nPicBufSize=0].
[2024-04-15T11:53:47.743 info Netsdk:69989 19820:6064 netsdk.cpp:352]Enter CLIENT_SetNetworkParam:[nWaittime=0, nConnectTime=10000, nConnectTryNum=0, nSubConnectSpaceTime=0, nGetDevInfoTime=3000, nConnectBufSize=0, nGetConnInfoTime=3000, nSearchRecordTime=0, nsubDisconnetTime=0, byNetType=0, byPlaybackBufSize=0, bDetectDisconnTime=0, bKeepLifeInterval=0, nPicBufSize=0].
[2024-04-15T11:53:47.743 info Netsdk:69989 19820:6064 netsdk.cpp:367]Leave CLIENT_SetNetworkParam.
[2024-04-15T11:53:47.743 info Netsdk:69989 19820:10688 netsdk.cpp:367]Leave CLIENT_SetNetworkParam.
[2024-04-15T11:53:47.744 info Netsdk:69989 19820:6064 netsdk.cpp:991]Enter CLIENT_LoginWithHighLevelSecurity. pstInParam:00000000223903B0, pstOutParam:000000002235A6F0.
[2024-04-15T11:53:47.744 info Netsdk:69989 19820:6064 netsdk.cpp:1007]IP:49.239.193.148, port:43489, SpeCap:0, CapParam:0000000000000000, TLSCap:0
[2024-04-15T11:53:47.744 info Netsdk:69989 19820:10688 netsdk.cpp:991]Enter CLIENT_LoginWithHighLevelSecurity. pstInParam:000000002238FF60, pstOutParam:00000000223599F0.
[2024-04-15T11:53:47.744 info Netsdk:69989 19820:10688 netsdk.cpp:1007]IP:49.239.193.148, port:43489, SpeCap:0, CapParam:0000000000000000, TLSCap:0
[2024-04-15T11:53:47.776 info Netsdk:69989 19820:10688 TPTCPClient.cpp:540]Connect Client Ip : 192.168.10.124 
[2024-04-15T11:53:47.776 info Netsdk:69989 19820:10688 TPTCPClient.cpp:541]Connect Client Port : 9648
[2024-04-15T11:53:47.781 info Netsdk:69989 19820:6064 TPTCPClient.cpp:540]Connect Client Ip : 192.168.10.124 
[2024-04-15T11:53:47.781 info Netsdk:69989 19820:6064 TPTCPClient.cpp:541]Connect Client Port : 9647
[2024-04-15T11:53:48.435 info Netsdk:69989 19820:10688 netsdk.cpp:1054]Leave CLIENT_LoginWithHighLevelSecurity. error:0, login ID:00000000275F8A30.
[2024-04-15T11:53:48.467 info Netsdk:69989 19820:6064 netsdk.cpp:1054]Leave CLIENT_LoginWithHighLevelSecurity. error:0, login ID:00000000275FEAA0.
[2024-04-15T11:53:48.470 info Netsdk:69989 19820:6064 netsdk.cpp:1656]Enter CLIENT_RealPlayByDataType. lLoginID:00000000275FEAA0. nChannelID:0. hWnd:0000000000000000
[2024-04-15T11:53:48.895 error Netsdk:69989 19820:6064 Generation2ProtocolSecureTransmit.cpp:661]Not find
[2024-04-15T11:53:48.895 info Netsdk:69989 19820:6064 DevConfigEx.cpp:12265]IN SetupSession PORT=0 and PORT: 43489
[2024-04-15T11:53:48.921 info Netsdk:69989 19820:6064 TPTCPClient.cpp:540]Connect Client Ip : 192.168.10.124 
[2024-04-15T11:53:48.922 info Netsdk:69989 19820:6064 TPTCPClient.cpp:541]Connect Client Port : 9651
[2024-04-15T11:53:48.922 info Netsdk:69989 19820:6064 TcpSocket.cpp:2320]bSetSSL:0, nPolicy:0, nTlsMode:0
[2024-04-15T11:53:48.922 info Netsdk:69989 19820:6064 TcpSocket.cpp:2335]IsStandardTls bSetSSL:0, nPolicy:0, nTlsMode:0
[2024-04-15T11:53:48.950 info Netsdk:69989 19820:6064 netsdk.cpp:1703]Leave CLIENT_RealPlayByDataType. ret:660612352
[2024-04-15T11:53:48.952 info Netsdk:69989 19820:6064 netsdk.cpp:3034]Enter CLIENT_SetRealDataCallBackEx. [lRealHandle=660612352. cbRealData=00000000201B0090, dwUser=0000000000000000. dwFlag=31.]
[2024-04-15T11:53:48.952 info Netsdk:69989 19820:6064 netsdk.cpp:3056]Leave CLIENT_SetRealDataCallBackEx.ret:1.
[2024-04-15T11:53:49.033 error Netsdk:69989 19820:15428 RealPlayAndPlayBackUtil.cpp:468]Render is NULL
[2024-04-15T11:53:49.033 error Netsdk:69989 19820:15428 RealPlayAndPlayBackUtil.cpp:468]Render is NULL
[2024-04-15T11:54:02.760 info Netsdk:69989 19820:6180 netsdk.cpp:2091]Enter CLIENT_StopRealPlayEx. lRealHandle:660612352.
[2024-04-15T11:54:02.761 info Netsdk:69989 19820:6180 netsdk.cpp:2105]Leave CLIENT_StopRealPlayEx. ret:1
