Begin Time:2024-04-12T19:09:30.145
[2024-04-12T19:09:30.145 info Netsdk:69989 26420:25340 AVNetSDKMgr.cpp:504]Load avnetsdk library dynamically
[2024-04-12T19:09:30.149 info Netsdk:69989 26420:25340 AVNetSDKMgr.cpp:549]avnetsdk module handle: 000000002EA40000

[2024-04-12T19:09:30.150 info Netsdk:69989 26420:25340 AVNetSDKMgr.cpp:823]Load configsdk dynamically
[2024-04-12T19:09:30.152 info Netsdk:69989 26420:25340 netsdk.cpp:302]Enter CLIENT_SetAutoReconnect:[cbAutoConnect=00000000008C0050, dwUser=0000000000000000].
[2024-04-12T19:09:30.152 info Netsdk:69989 26420:25340 netsdk.cpp:304]Leave CLIENT_SetAutoReconnect.
[2024-04-12T19:09:30.152 info Netsdk:69989 26420:25340 netsdk.cpp:326]Enter CLIENT_SetConnectTime:[nWaitTime=5000, nTryTimes=1].
[2024-04-12T19:09:30.152 info Netsdk:69989 26420:25340 netsdk.cpp:339]Leave CLIENT_SetConnectTime.
[2024-04-12T19:09:30.153 info Netsdk:69989 26420:25340 netsdk.cpp:352]Enter CLIENT_SetNetworkParam:[nWaittime=0, nConnectTime=10000, nConnectTryNum=0, nSubConnectSpaceTime=0, nGetDevInfoTime=3000, nConnectBufSize=0, nGetConnInfoTime=3000, nSearchRecordTime=0, nsubDisconnetTime=0, byNetType=0, byPlaybackBufSize=0, bDetectDisconnTime=0, bKeepLifeInterval=0, nPicBufSize=0].
[2024-04-12T19:09:30.153 info Netsdk:69989 26420:25340 netsdk.cpp:367]Leave CLIENT_SetNetworkParam.
[2024-04-12T19:09:30.154 info Netsdk:69989 26420:25340 netsdk.cpp:991]Enter CLIENT_LoginWithHighLevelSecurity. pstInParam:000000000064D5D0, pstOutParam:000000000064AA80.
[2024-04-12T19:09:30.154 info Netsdk:69989 26420:25340 netsdk.cpp:1007]IP:49.239.193.148, port:43489, SpeCap:0, CapParam:0000000000000000, TLSCap:0
[2024-04-12T19:09:30.181 info Netsdk:69989 26420:25340 TPTCPClient.cpp:540]Connect Client Ip : 192.168.10.124 
[2024-04-12T19:09:30.181 info Netsdk:69989 26420:25340 TPTCPClient.cpp:541]Connect Client Port : 13686
[2024-04-12T19:09:30.932 info Netsdk:69989 26420:25340 netsdk.cpp:1054]Leave CLIENT_LoginWithHighLevelSecurity. error:0, login ID:0000000026FE7F50.
[2024-04-12T19:09:30.936 info Netsdk:69989 26420:25340 netsdk.cpp:1656]Enter CLIENT_RealPlayByDataType. lLoginID:0000000026FE7F50. nChannelID:0. hWnd:0000000000000000
[2024-04-12T19:09:31.379 error Netsdk:69989 26420:25340 Generation2ProtocolSecureTransmit.cpp:661]Not find
[2024-04-12T19:09:31.379 info Netsdk:69989 26420:25340 DevConfigEx.cpp:12265]IN SetupSession PORT=0 and PORT: 43489
[2024-04-12T19:09:31.406 info Netsdk:69989 26420:25340 TPTCPClient.cpp:540]Connect Client Ip : 192.168.10.124 
[2024-04-12T19:09:31.406 info Netsdk:69989 26420:25340 TPTCPClient.cpp:541]Connect Client Port : 13687
[2024-04-12T19:09:31.406 info Netsdk:69989 26420:25340 TcpSocket.cpp:2320]bSetSSL:0, nPolicy:0, nTlsMode:0
[2024-04-12T19:09:31.406 info Netsdk:69989 26420:25340 TcpSocket.cpp:2335]IsStandardTls bSetSSL:0, nPolicy:0, nTlsMode:0
[2024-04-12T19:09:31.433 info Netsdk:69989 26420:25340 netsdk.cpp:1703]Leave CLIENT_RealPlayByDataType. ret:654336832
[2024-04-12T19:09:31.438 info Netsdk:69989 26420:25340 netsdk.cpp:3034]Enter CLIENT_SetRealDataCallBackEx. [lRealHandle=654336832. cbRealData=00000000008C0090, dwUser=0000000021E5B520. dwFlag=31.]
[2024-04-12T19:09:31.438 info Netsdk:69989 26420:25340 netsdk.cpp:3056]Leave CLIENT_SetRealDataCallBackEx.ret:1.
[2024-04-12T19:09:31.517 error Netsdk:69989 26420:23412 RealPlayAndPlayBackUtil.cpp:468]Render is NULL
[2024-04-12T19:09:31.517 error Netsdk:69989 26420:23412 RealPlayAndPlayBackUtil.cpp:468]Render is NULL
[2024-04-12T19:09:38.096 info Netsdk:69989 26420:22060 netsdk.cpp:245]Enter CLIENT_InitEx:[cbDisConnect=00000000008C0010, dwUser=0000000000000000, lpInitParam=0000000000000000].
[2024-04-12T19:09:38.096 info Netsdk:69989 26420:22060 AVNetSDKMgr.cpp:736]Test avnetsdk module handle: 000000002EA40000

[2024-04-12T19:09:38.096 info Netsdk:69989 26420:22060 netsdk.cpp:268]Leave CLIENT_InitEx.
[2024-04-12T19:09:38.097 info Netsdk:69989 26420:22060 Manager.cpp:17401]-------------------Log file reset, log number:10-log size:10240------------------
