Begin Time:2024-04-15T10:12:29.407
[2024-04-15T10:12:29.407 info Netsdk:69989 9036:13300 netsdk.cpp:302]Enter CLIENT_SetAutoReconnect:[cbAutoConnect=0000000024810050, dwUser=0000000000000000].
[2024-04-15T10:12:29.407 info Netsdk:69989 9036:13300 netsdk.cpp:304]Leave CLIENT_SetAutoReconnect.
[2024-04-15T10:12:29.407 info Netsdk:69989 9036:13300 netsdk.cpp:326]Enter CLIENT_SetConnectTime:[nWaitTime=5000, nTryTimes=1].
[2024-04-15T10:12:29.407 info Netsdk:69989 9036:13300 netsdk.cpp:339]Leave CLIENT_SetConnectTime.
[2024-04-15T10:12:29.407 info Netsdk:69989 9036:13300 netsdk.cpp:352]Enter CLIENT_SetNetworkParam:[nWaittime=0, nConnectTime=10000, nConnectTryNum=0, nSubConnectSpaceTime=0, nGetDevInfoTime=3000, nConnectBufSize=0, nGetConnInfoTime=3000, nSearchRecordTime=0, nsubDisconnetTime=0, byNetType=0, byPlaybackBufSize=0, bDetectDisconnTime=0, bKeepLifeInterval=0, nPicBufSize=0].
[2024-04-15T10:12:29.408 info Netsdk:69989 9036:13300 netsdk.cpp:367]Leave CLIENT_SetNetworkParam.
[2024-04-15T10:12:29.408 info Netsdk:69989 9036:13300 netsdk.cpp:1656]Enter CLIENT_RealPlayByDataType. lLoginID:00000000279E7F50. nChannelID:0. hWnd:0000000000000000
[2024-04-15T10:12:29.459 error Netsdk:69989 9036:13300 Generation2ProtocolSecureTransmit.cpp:661]Not find
[2024-04-15T10:12:29.459 info Netsdk:69989 9036:13300 DevConfigEx.cpp:12265]IN SetupSession PORT=0 and PORT: 43489
[2024-04-15T10:12:29.491 info Netsdk:69989 9036:13300 TPTCPClient.cpp:540]Connect Client Ip : 192.168.10.124 
[2024-04-15T10:12:29.491 info Netsdk:69989 9036:13300 TPTCPClient.cpp:541]Connect Client Port : 12761
[2024-04-15T10:12:29.491 info Netsdk:69989 9036:13300 TcpSocket.cpp:2320]bSetSSL:0, nPolicy:0, nTlsMode:0
[2024-04-15T10:12:29.491 info Netsdk:69989 9036:13300 TcpSocket.cpp:2335]IsStandardTls bSetSSL:0, nPolicy:0, nTlsMode:0
[2024-04-15T10:12:29.526 info Netsdk:69989 9036:13300 netsdk.cpp:1703]Leave CLIENT_RealPlayByDataType. ret:664612528
[2024-04-15T10:12:29.527 info Netsdk:69989 9036:13300 netsdk.cpp:3034]Enter CLIENT_SetRealDataCallBackEx. [lRealHandle=664612528. cbRealData=0000000024810090, dwUser=0000000000ED1F10. dwFlag=31.]
[2024-04-15T10:12:29.527 info Netsdk:69989 9036:13300 netsdk.cpp:3056]Leave CLIENT_SetRealDataCallBackEx.ret:1.
[2024-04-15T10:12:29.648 error Netsdk:69989 9036:17048 RealPlayAndPlayBackUtil.cpp:468]Render is NULL
[2024-04-15T10:12:29.648 error Netsdk:69989 9036:17048 RealPlayAndPlayBackUtil.cpp:468]Render is NULL
[2024-04-15T10:12:40.367 info Netsdk:69989 9036:3272 netsdk.cpp:245]Enter CLIENT_InitEx:[cbDisConnect=0000000024810010, dwUser=0000000000000000, lpInitParam=0000000000000000].
[2024-04-15T10:12:40.367 info Netsdk:69989 9036:3272 AVNetSDKMgr.cpp:736]Test avnetsdk module handle: 000000002F5C0000

[2024-04-15T10:12:40.367 info Netsdk:69989 9036:3272 netsdk.cpp:268]Leave CLIENT_InitEx.
[2024-04-15T10:12:40.368 info Netsdk:69989 9036:3272 Manager.cpp:17401]-------------------Log file reset, log number:10-log size:10240------------------
