Begin Time:2024-04-15T10:13:16.390
[2024-04-15T10:13:16.390 info Netsdk:69989 9036:18684 netsdk.cpp:302]Enter CLIENT_SetAutoReconnect:[cbAutoConnect=0000000024810050, dwUser=0000000000000000].
[2024-04-15T10:13:16.390 info Netsdk:69989 9036:18684 netsdk.cpp:304]Leave CLIENT_SetAutoReconnect.
[2024-04-15T10:13:16.390 info Netsdk:69989 9036:18684 netsdk.cpp:326]Enter CLIENT_SetConnectTime:[nWaitTime=5000, nTryTimes=1].
[2024-04-15T10:13:16.390 info Netsdk:69989 9036:18684 netsdk.cpp:339]Leave CLIENT_SetConnectTime.
[2024-04-15T10:13:16.391 info Netsdk:69989 9036:18684 netsdk.cpp:352]Enter CLIENT_SetNetworkParam:[nWaittime=0, nConnectTime=10000, nConnectTryNum=0, nSubConnectSpaceTime=0, nGetDevInfoTime=3000, nConnectBufSize=0, nGetConnInfoTime=3000, nSearchRecordTime=0, nsubDisconnetTime=0, byNetType=0, byPlaybackBufSize=0, bDetectDisconnTime=0, bKeepLifeInterval=0, nPicBufSize=0].
[2024-04-15T10:13:16.391 info Netsdk:69989 9036:18684 netsdk.cpp:367]Leave CLIENT_SetNetworkParam.
[2024-04-15T10:13:16.391 info Netsdk:69989 9036:18684 netsdk.cpp:2091]Enter CLIENT_StopRealPlayEx. lRealHandle:664821216.
[2024-04-15T10:13:16.393 info Netsdk:69989 9036:18684 netsdk.cpp:2105]Leave CLIENT_StopRealPlayEx. ret:1
[2024-04-15T10:13:16.393 info Netsdk:69989 9036:18684 netsdk.cpp:1656]Enter CLIENT_RealPlayByDataType. lLoginID:00000000279E7F50. nChannelID:0. hWnd:0000000000000000
[2024-04-15T10:13:16.429 info Netsdk:69989 9036:19760 netsdk.cpp:245]Enter CLIENT_InitEx:[cbDisConnect=0000000024810010, dwUser=0000000000000000, lpInitParam=0000000000000000].
[2024-04-15T10:13:16.429 info Netsdk:69989 9036:19760 AVNetSDKMgr.cpp:736]Test avnetsdk module handle: 000000002F5C0000

[2024-04-15T10:13:16.429 info Netsdk:69989 9036:19760 netsdk.cpp:268]Leave CLIENT_InitEx.
[2024-04-15T10:13:16.430 info Netsdk:69989 9036:19760 Manager.cpp:17401]-------------------Log file reset, log number:10-log size:10240------------------
Begin Time:2024-04-15T10:13:16.430
[2024-04-15T10:13:16.430 info Netsdk:69989 9036:19760 netsdk.cpp:302]Enter CLIENT_SetAutoReconnect:[cbAutoConnect=0000000024810050, dwUser=0000000000000000].
[2024-04-15T10:13:16.430 info Netsdk:69989 9036:19760 netsdk.cpp:304]Leave CLIENT_SetAutoReconnect.
[2024-04-15T10:13:16.430 info Netsdk:69989 9036:19760 netsdk.cpp:326]Enter CLIENT_SetConnectTime:[nWaitTime=5000, nTryTimes=1].
[2024-04-15T10:13:16.430 info Netsdk:69989 9036:19760 netsdk.cpp:339]Leave CLIENT_SetConnectTime.
[2024-04-15T10:13:16.430 info Netsdk:69989 9036:19760 netsdk.cpp:352]Enter CLIENT_SetNetworkParam:[nWaittime=0, nConnectTime=10000, nConnectTryNum=0, nSubConnectSpaceTime=0, nGetDevInfoTime=3000, nConnectBufSize=0, nGetConnInfoTime=3000, nSearchRecordTime=0, nsubDisconnetTime=0, byNetType=0, byPlaybackBufSize=0, bDetectDisconnTime=0, bKeepLifeInterval=0, nPicBufSize=0].
[2024-04-15T10:13:16.430 info Netsdk:69989 9036:19760 netsdk.cpp:367]Leave CLIENT_SetNetworkParam.
[2024-04-15T10:13:16.431 info Netsdk:69989 9036:19760 netsdk.cpp:2091]Enter CLIENT_StopRealPlayEx. lRealHandle:664821216.
[2024-04-15T10:13:16.431 info Netsdk:69989 9036:19760 netsdk.cpp:2105]Leave CLIENT_StopRealPlayEx. ret:0
[2024-04-15T10:13:16.431 info Netsdk:69989 9036:19760 netsdk.cpp:1656]Enter CLIENT_RealPlayByDataType. lLoginID:00000000279E7F50. nChannelID:0. hWnd:0000000000000000
[2024-04-15T10:13:16.447 error Netsdk:69989 9036:18684 Generation2ProtocolSecureTransmit.cpp:661]Not find
[2024-04-15T10:13:16.447 info Netsdk:69989 9036:18684 DevConfigEx.cpp:12265]IN SetupSession PORT=0 and PORT: 43489
[2024-04-15T10:13:16.469 error Netsdk:69989 9036:19760 Generation2ProtocolSecureTransmit.cpp:661]Not find
[2024-04-15T10:13:16.469 info Netsdk:69989 9036:19760 DevConfigEx.cpp:12265]IN SetupSession PORT=0 and PORT: 43489
[2024-04-15T10:13:16.478 info Netsdk:69989 9036:18684 TPTCPClient.cpp:540]Connect Client Ip : 192.168.10.124 
[2024-04-15T10:13:16.478 info Netsdk:69989 9036:18684 TPTCPClient.cpp:541]Connect Client Port : 4052
[2024-04-15T10:13:16.478 info Netsdk:69989 9036:18684 TcpSocket.cpp:2320]bSetSSL:0, nPolicy:0, nTlsMode:0
[2024-04-15T10:13:16.479 info Netsdk:69989 9036:18684 TcpSocket.cpp:2335]IsStandardTls bSetSSL:0, nPolicy:0, nTlsMode:0
[2024-04-15T10:13:16.501 info Netsdk:69989 9036:19760 TPTCPClient.cpp:540]Connect Client Ip : 192.168.10.124 
[2024-04-15T10:13:16.501 info Netsdk:69989 9036:19760 TPTCPClient.cpp:541]Connect Client Port : 4053
[2024-04-15T10:13:16.501 info Netsdk:69989 9036:19760 TcpSocket.cpp:2320]bSetSSL:0, nPolicy:0, nTlsMode:0
[2024-04-15T10:13:16.501 info Netsdk:69989 9036:19760 TcpSocket.cpp:2335]IsStandardTls bSetSSL:0, nPolicy:0, nTlsMode:0
[2024-04-15T10:13:16.510 info Netsdk:69989 9036:18684 netsdk.cpp:1703]Leave CLIENT_RealPlayByDataType. ret:664789712
[2024-04-15T10:13:16.511 info Netsdk:69989 9036:18684 netsdk.cpp:3034]Enter CLIENT_SetRealDataCallBackEx. [lRealHandle=664789712. cbRealData=0000000024810090, dwUser=0000000000E95910. dwFlag=31.]
[2024-04-15T10:13:16.511 info Netsdk:69989 9036:18684 netsdk.cpp:3056]Leave CLIENT_SetRealDataCallBackEx.ret:1.
[2024-04-15T10:13:16.533 info Netsdk:69989 9036:19760 netsdk.cpp:1703]Leave CLIENT_RealPlayByDataType. ret:834298080
[2024-04-15T10:13:16.533 info Netsdk:69989 9036:19760 netsdk.cpp:3034]Enter CLIENT_SetRealDataCallBackEx. [lRealHandle=834298080. cbRealData=0000000024810090, dwUser=0000000000E9DFE0. dwFlag=31.]
[2024-04-15T10:13:16.533 info Netsdk:69989 9036:19760 netsdk.cpp:3056]Leave CLIENT_SetRealDataCallBackEx.ret:1.
[2024-04-15T10:13:16.615 error Netsdk:69989 9036:16820 RealPlayAndPlayBackUtil.cpp:468]Render is NULL
[2024-04-15T10:13:16.615 error Netsdk:69989 9036:16820 RealPlayAndPlayBackUtil.cpp:468]Render is NULL
[2024-04-15T10:13:16.646 error Netsdk:69989 9036:16820 RealPlayAndPlayBackUtil.cpp:468]Render is NULL
[2024-04-15T10:13:16.646 error Netsdk:69989 9036:16820 RealPlayAndPlayBackUtil.cpp:468]Render is NULL
[2024-04-15T10:13:38.922 info Netsdk:69989 9036:9580 netsdk.cpp:2091]Enter CLIENT_StopRealPlayEx. lRealHandle:834298080.
[2024-04-15T10:13:38.922 info Netsdk:69989 9036:9580 netsdk.cpp:2105]Leave CLIENT_StopRealPlayEx. ret:1
