Begin Time:2024-04-15T10:22:34.386
[2024-04-15T10:22:34.386 info Netsdk:69989 15228:16744 netsdk.cpp:302]Enter CLIENT_SetAutoReconnect:[cbAutoConnect=00000000009C0050, dwUser=0000000000000000].
[2024-04-15T10:22:34.386 info Netsdk:69989 15228:16744 netsdk.cpp:304]Leave CLIENT_SetAutoReconnect.
[2024-04-15T10:22:34.386 info Netsdk:69989 15228:16744 netsdk.cpp:326]Enter CLIENT_SetConnectTime:[nWaitTime=5000, nTryTimes=1].
[2024-04-15T10:22:34.386 info Netsdk:69989 15228:16744 netsdk.cpp:339]Leave CLIENT_SetConnectTime.
[2024-04-15T10:22:34.386 info Netsdk:69989 15228:16744 netsdk.cpp:352]Enter CLIENT_SetNetworkParam:[nWaittime=0, nConnectTime=10000, nConnectTryNum=0, nSubConnectSpaceTime=0, nGetDevInfoTime=3000, nConnectBufSize=0, nGetConnInfoTime=3000, nSearchRecordTime=0, nsubDisconnetTime=0, byNetType=0, byPlaybackBufSize=0, bDetectDisconnTime=0, bKeepLifeInterval=0, nPicBufSize=0].
[2024-04-15T10:22:34.387 info Netsdk:69989 15228:16744 netsdk.cpp:367]Leave CLIENT_SetNetworkParam.
[2024-04-15T10:22:34.387 info Netsdk:69989 15228:16744 netsdk.cpp:2091]Enter CLIENT_StopRealPlayEx. lRealHandle:657318368.
[2024-04-15T10:22:34.387 info Netsdk:69989 15228:16744 netsdk.cpp:2105]Leave CLIENT_StopRealPlayEx. ret:1
[2024-04-15T10:22:34.388 info Netsdk:69989 15228:16744 netsdk.cpp:1656]Enter CLIENT_RealPlayByDataType. lLoginID:00000000272C7F50. nChannelID:0. hWnd:0000000000000000
[2024-04-15T10:22:34.436 error Netsdk:69989 15228:16744 Generation2ProtocolSecureTransmit.cpp:661]Not find
[2024-04-15T10:22:34.436 info Netsdk:69989 15228:16744 DevConfigEx.cpp:12265]IN SetupSession PORT=0 and PORT: 43489
[2024-04-15T10:22:34.472 info Netsdk:69989 15228:16744 TPTCPClient.cpp:540]Connect Client Ip : 192.168.10.124 
[2024-04-15T10:22:34.472 info Netsdk:69989 15228:16744 TPTCPClient.cpp:541]Connect Client Port : 11037
[2024-04-15T10:22:34.472 info Netsdk:69989 15228:16744 TcpSocket.cpp:2320]bSetSSL:0, nPolicy:0, nTlsMode:0
[2024-04-15T10:22:34.472 info Netsdk:69989 15228:16744 TcpSocket.cpp:2335]IsStandardTls bSetSSL:0, nPolicy:0, nTlsMode:0
[2024-04-15T10:22:34.501 info Netsdk:69989 15228:16744 netsdk.cpp:1703]Leave CLIENT_RealPlayByDataType. ret:657318368
[2024-04-15T10:22:34.502 info Netsdk:69989 15228:16744 netsdk.cpp:3034]Enter CLIENT_SetRealDataCallBackEx. [lRealHandle=657318368. cbRealData=00000000009C0090, dwUser=000000000070C810. dwFlag=31.]
[2024-04-15T10:22:34.502 info Netsdk:69989 15228:16744 netsdk.cpp:3056]Leave CLIENT_SetRealDataCallBackEx.ret:1.
[2024-04-15T10:22:34.557 error Netsdk:69989 15228:14068 RealPlayAndPlayBackUtil.cpp:468]Render is NULL
[2024-04-15T10:22:34.557 error Netsdk:69989 15228:14068 RealPlayAndPlayBackUtil.cpp:468]Render is NULL
[2024-04-15T10:27:42.271 info Netsdk:69989 15228:14400 netsdk.cpp:2091]Enter CLIENT_StopRealPlayEx. lRealHandle:657318368.
[2024-04-15T10:27:42.271 info Netsdk:69989 15228:14400 netsdk.cpp:2105]Leave CLIENT_StopRealPlayEx. ret:1
