Begin Time:2024-04-15T12:02:46.540
[2024-04-15T12:02:46.540 info Netsdk:69989 9708:4980 netsdk.cpp:302]Enter CLIENT_SetAutoReconnect:[cbAutoConnect=00000000028F0050, dwUser=0000000000000000].
[2024-04-15T12:02:46.540 info Netsdk:69989 9708:4980 netsdk.cpp:304]Leave CLIENT_SetAutoReconnect.
[2024-04-15T12:02:46.540 info Netsdk:69989 9708:4980 netsdk.cpp:326]Enter CLIENT_SetConnectTime:[nWaitTime=5000, nTryTimes=1].
[2024-04-15T12:02:46.540 info Netsdk:69989 9708:4980 netsdk.cpp:339]Leave CLIENT_SetConnectTime.
[2024-04-15T12:02:46.540 info Netsdk:69989 9708:4980 netsdk.cpp:352]Enter CLIENT_SetNetworkParam:[nWaittime=0, nConnectTime=10000, nConnectTryNum=0, nSubConnectSpaceTime=0, nGetDevInfoTime=3000, nConnectBufSize=0, nGetConnInfoTime=3000, nSearchRecordTime=0, nsubDisconnetTime=0, byNetType=0, byPlaybackBufSize=0, bDetectDisconnTime=0, bKeepLifeInterval=0, nPicBufSize=0].
[2024-04-15T12:02:46.541 info Netsdk:69989 9708:4980 netsdk.cpp:367]Leave CLIENT_SetNetworkParam.
[2024-04-15T12:02:46.714 info Netsdk:69989 9708:6084 netsdk.cpp:245]Enter CLIENT_InitEx:[cbDisConnect=00000000028F0010, dwUser=0000000000000000, lpInitParam=0000000000000000].
[2024-04-15T12:02:46.715 info Netsdk:69989 9708:6084 AVNetSDKMgr.cpp:736]Test avnetsdk module handle: 000000002FAD0000

[2024-04-15T12:02:46.715 info Netsdk:69989 9708:6084 netsdk.cpp:268]Leave CLIENT_InitEx.
[2024-04-15T12:02:46.715 info Netsdk:69989 9708:6084 Manager.cpp:17401]-------------------Log file reset, log number:10-log size:10240------------------
Begin Time:2024-04-15T12:02:46.715
[2024-04-15T12:02:46.715 info Netsdk:69989 9708:6084 netsdk.cpp:302]Enter CLIENT_SetAutoReconnect:[cbAutoConnect=00000000028F0050, dwUser=0000000000000000].
[2024-04-15T12:02:46.715 info Netsdk:69989 9708:6084 netsdk.cpp:304]Leave CLIENT_SetAutoReconnect.
[2024-04-15T12:02:46.715 info Netsdk:69989 9708:6084 netsdk.cpp:326]Enter CLIENT_SetConnectTime:[nWaitTime=5000, nTryTimes=1].
[2024-04-15T12:02:46.715 info Netsdk:69989 9708:6084 netsdk.cpp:339]Leave CLIENT_SetConnectTime.
[2024-04-15T12:02:46.716 info Netsdk:69989 9708:6084 netsdk.cpp:352]Enter CLIENT_SetNetworkParam:[nWaittime=0, nConnectTime=10000, nConnectTryNum=0, nSubConnectSpaceTime=0, nGetDevInfoTime=3000, nConnectBufSize=0, nGetConnInfoTime=3000, nSearchRecordTime=0, nsubDisconnetTime=0, byNetType=0, byPlaybackBufSize=0, bDetectDisconnTime=0, bKeepLifeInterval=0, nPicBufSize=0].
[2024-04-15T12:02:46.716 info Netsdk:69989 9708:6084 netsdk.cpp:367]Leave CLIENT_SetNetworkParam.
[2024-04-15T12:02:46.716 info Netsdk:69989 9708:6084 netsdk.cpp:1656]Enter CLIENT_RealPlayByDataType. lLoginID:0000000027600680. nChannelID:0. hWnd:0000000000000000
[2024-04-15T12:02:46.754 error Netsdk:69989 9708:6084 Generation2ProtocolSecureTransmit.cpp:661]Not find
[2024-04-15T12:02:46.754 info Netsdk:69989 9708:6084 DevConfigEx.cpp:12265]IN SetupSession PORT=0 and PORT: 43489
[2024-04-15T12:02:46.780 info Netsdk:69989 9708:6084 TPTCPClient.cpp:540]Connect Client Ip : 192.168.10.124 
[2024-04-15T12:02:46.781 info Netsdk:69989 9708:6084 TPTCPClient.cpp:541]Connect Client Port : 6774
[2024-04-15T12:02:46.781 info Netsdk:69989 9708:6084 TcpSocket.cpp:2320]bSetSSL:0, nPolicy:0, nTlsMode:0
[2024-04-15T12:02:46.781 info Netsdk:69989 9708:6084 TcpSocket.cpp:2335]IsStandardTls bSetSSL:0, nPolicy:0, nTlsMode:0
[2024-04-15T12:02:46.809 info Netsdk:69989 9708:6084 netsdk.cpp:1703]Leave CLIENT_RealPlayByDataType. ret:840811840
[2024-04-15T12:02:46.810 info Netsdk:69989 9708:6084 netsdk.cpp:3034]Enter CLIENT_SetRealDataCallBackEx. [lRealHandle=840811840. cbRealData=00000000028F0090, dwUser=0000000000000000. dwFlag=31.]
[2024-04-15T12:02:46.810 info Netsdk:69989 9708:6084 netsdk.cpp:3056]Leave CLIENT_SetRealDataCallBackEx.ret:1.
[2024-04-15T12:02:46.890 error Netsdk:69989 9708:17680 RealPlayAndPlayBackUtil.cpp:468]Render is NULL
[2024-04-15T12:02:46.890 error Netsdk:69989 9708:17680 RealPlayAndPlayBackUtil.cpp:468]Render is NULL
[2024-04-15T12:02:47.940 info Netsdk:69989 9708:2176 netsdk.cpp:245]Enter CLIENT_InitEx:[cbDisConnect=00000000028F0010, dwUser=0000000000000000, lpInitParam=0000000000000000].
[2024-04-15T12:02:47.941 info Netsdk:69989 9708:2176 AVNetSDKMgr.cpp:736]Test avnetsdk module handle: 000000002FAD0000

[2024-04-15T12:02:47.941 info Netsdk:69989 9708:2176 netsdk.cpp:268]Leave CLIENT_InitEx.
[2024-04-15T12:02:47.941 info Netsdk:69989 9708:2176 Manager.cpp:17401]-------------------Log file reset, log number:10-log size:10240------------------
