Begin Time:2024-04-15T09:56:13.321
[2024-04-15T09:56:13.321 info Netsdk:69989 15824:15528 AVNetSDKMgr.cpp:504]Load avnetsdk library dynamically
[2024-04-15T09:56:13.323 info Netsdk:69989 15824:15528 AVNetSDKMgr.cpp:549]avnetsdk module handle: 000000002F260000

[2024-04-15T09:56:13.323 info Netsdk:69989 15824:15528 AVNetSDKMgr.cpp:823]Load configsdk dynamically
[2024-04-15T09:56:13.325 info Netsdk:69989 15824:15528 netsdk.cpp:302]Enter CLIENT_SetAutoReconnect:[cbAutoConnect=0000000024780050, dwUser=0000000000000000].
[2024-04-15T09:56:13.325 info Netsdk:69989 15824:15528 netsdk.cpp:304]Leave CLIENT_SetAutoReconnect.
[2024-04-15T09:56:13.325 info Netsdk:69989 15824:15528 netsdk.cpp:326]Enter CLIENT_SetConnectTime:[nWaitTime=5000, nTryTimes=1].
[2024-04-15T09:56:13.325 info Netsdk:69989 15824:15528 netsdk.cpp:339]Leave CLIENT_SetConnectTime.
[2024-04-15T09:56:13.325 info Netsdk:69989 15824:15528 netsdk.cpp:352]Enter CLIENT_SetNetworkParam:[nWaittime=0, nConnectTime=10000, nConnectTryNum=0, nSubConnectSpaceTime=0, nGetDevInfoTime=3000, nConnectBufSize=0, nGetConnInfoTime=3000, nSearchRecordTime=0, nsubDisconnetTime=0, byNetType=0, byPlaybackBufSize=0, bDetectDisconnTime=0, bKeepLifeInterval=0, nPicBufSize=0].
[2024-04-15T09:56:13.325 info Netsdk:69989 15824:15528 netsdk.cpp:367]Leave CLIENT_SetNetworkParam.
[2024-04-15T09:56:13.326 info Netsdk:69989 15824:15528 netsdk.cpp:991]Enter CLIENT_LoginWithHighLevelSecurity. pstInParam:0000000000BDF630, pstOutParam:0000000022B7BE20.
[2024-04-15T09:56:13.326 info Netsdk:69989 15824:15528 netsdk.cpp:1007]IP:49.239.193.148, port:43489, SpeCap:0, CapParam:0000000000000000, TLSCap:0
[2024-04-15T09:56:13.358 info Netsdk:69989 15824:15528 TPTCPClient.cpp:540]Connect Client Ip : 192.168.10.124 
[2024-04-15T09:56:13.358 info Netsdk:69989 15824:15528 TPTCPClient.cpp:541]Connect Client Port : 4539
[2024-04-15T09:56:13.902 info Netsdk:69989 15824:15528 netsdk.cpp:1054]Leave CLIENT_LoginWithHighLevelSecurity. error:0, login ID:00000000278D7F50.
[2024-04-15T09:56:13.906 info Netsdk:69989 15824:15528 netsdk.cpp:1656]Enter CLIENT_RealPlayByDataType. lLoginID:00000000278D7F50. nChannelID:0. hWnd:0000000000000000
[2024-04-15T09:56:14.449 error Netsdk:69989 15824:15528 Generation2ProtocolSecureTransmit.cpp:661]Not find
[2024-04-15T09:56:14.449 info Netsdk:69989 15824:15528 DevConfigEx.cpp:12265]IN SetupSession PORT=0 and PORT: 43489
[2024-04-15T09:56:14.481 info Netsdk:69989 15824:15528 TPTCPClient.cpp:540]Connect Client Ip : 192.168.10.124 
[2024-04-15T09:56:14.481 info Netsdk:69989 15824:15528 TPTCPClient.cpp:541]Connect Client Port : 8063
[2024-04-15T09:56:14.481 info Netsdk:69989 15824:15528 TcpSocket.cpp:2320]bSetSSL:0, nPolicy:0, nTlsMode:0
[2024-04-15T09:56:14.482 info Netsdk:69989 15824:15528 TcpSocket.cpp:2335]IsStandardTls bSetSSL:0, nPolicy:0, nTlsMode:0
[2024-04-15T09:56:14.514 info Netsdk:69989 15824:15528 netsdk.cpp:1703]Leave CLIENT_RealPlayByDataType. ret:663698720
[2024-04-15T09:56:14.519 info Netsdk:69989 15824:15528 netsdk.cpp:3034]Enter CLIENT_SetRealDataCallBackEx. [lRealHandle=663698720. cbRealData=0000000024780090, dwUser=0000000022B7F0D0. dwFlag=31.]
[2024-04-15T09:56:14.519 info Netsdk:69989 15824:15528 netsdk.cpp:3056]Leave CLIENT_SetRealDataCallBackEx.ret:1.
[2024-04-15T09:56:14.588 error Netsdk:69989 15824:20124 RealPlayAndPlayBackUtil.cpp:468]Render is NULL
[2024-04-15T09:56:14.588 error Netsdk:69989 15824:20124 RealPlayAndPlayBackUtil.cpp:468]Render is NULL
[2024-04-15T09:56:26.587 info Netsdk:69989 15824:5652 netsdk.cpp:245]Enter CLIENT_InitEx:[cbDisConnect=0000000024780010, dwUser=0000000000000000, lpInitParam=0000000000000000].
[2024-04-15T09:56:26.587 info Netsdk:69989 15824:5652 AVNetSDKMgr.cpp:736]Test avnetsdk module handle: 000000002F260000

[2024-04-15T09:56:26.587 info Netsdk:69989 15824:5652 netsdk.cpp:268]Leave CLIENT_InitEx.
[2024-04-15T09:56:26.588 info Netsdk:69989 15824:5652 Manager.cpp:17401]-------------------Log file reset, log number:10-log size:10240------------------
