Begin Time:2024-04-15T08:25:06.042
[2024-04-15T08:25:06.042 info Netsdk:69989 19136:13828 AVNetSDKMgr.cpp:504]Load avnetsdk library dynamically
[2024-04-15T08:25:06.046 info Netsdk:69989 19136:13828 AVNetSDKMgr.cpp:549]avnetsdk module handle: 000000002F5C0000

[2024-04-15T08:25:06.046 info Netsdk:69989 19136:13828 AVNetSDKMgr.cpp:823]Load configsdk dynamically
[2024-04-15T08:25:06.048 info Netsdk:69989 19136:13828 netsdk.cpp:302]Enter CLIENT_SetAutoReconnect:[cbAutoConnect=0000000020BC0050, dwUser=0000000000000000].
[2024-04-15T08:25:06.048 info Netsdk:69989 19136:13828 netsdk.cpp:304]Leave CLIENT_SetAutoReconnect.
[2024-04-15T08:25:06.048 info Netsdk:69989 19136:13828 netsdk.cpp:326]Enter CLIENT_SetConnectTime:[nWaitTime=5000, nTryTimes=1].
[2024-04-15T08:25:06.048 info Netsdk:69989 19136:13828 netsdk.cpp:339]Leave CLIENT_SetConnectTime.
[2024-04-15T08:25:06.048 info Netsdk:69989 19136:13828 netsdk.cpp:352]Enter CLIENT_SetNetworkParam:[nWaittime=0, nConnectTime=10000, nConnectTryNum=0, nSubConnectSpaceTime=0, nGetDevInfoTime=3000, nConnectBufSize=0, nGetConnInfoTime=3000, nSearchRecordTime=0, nsubDisconnetTime=0, byNetType=0, byPlaybackBufSize=0, bDetectDisconnTime=0, bKeepLifeInterval=0, nPicBufSize=0].
[2024-04-15T08:25:06.048 info Netsdk:69989 19136:13828 netsdk.cpp:367]Leave CLIENT_SetNetworkParam.
[2024-04-15T08:25:06.050 info Netsdk:69989 19136:13828 netsdk.cpp:991]Enter CLIENT_LoginWithHighLevelSecurity. pstInParam:0000000000F04DD0, pstOutParam:000000002278D860.
[2024-04-15T08:25:06.050 info Netsdk:69989 19136:13828 netsdk.cpp:1007]IP:49.239.193.148, port:43489, SpeCap:0, CapParam:0000000000000000, TLSCap:0
[2024-04-15T08:25:06.076 info Netsdk:69989 19136:13828 TPTCPClient.cpp:540]Connect Client Ip : 192.168.10.124 
[2024-04-15T08:25:06.076 info Netsdk:69989 19136:13828 TPTCPClient.cpp:541]Connect Client Port : 9405
[2024-04-15T08:25:06.602 info Netsdk:69989 19136:13828 netsdk.cpp:1054]Leave CLIENT_LoginWithHighLevelSecurity. error:0, login ID:00000000269E7DD0.
[2024-04-15T08:25:06.605 info Netsdk:69989 19136:13828 netsdk.cpp:1656]Enter CLIENT_RealPlayByDataType. lLoginID:00000000269E7DD0. nChannelID:0. hWnd:0000000000000000
[2024-04-15T08:25:07.067 error Netsdk:69989 19136:13828 Generation2ProtocolSecureTransmit.cpp:661]Not find
[2024-04-15T08:25:07.068 info Netsdk:69989 19136:13828 DevConfigEx.cpp:12265]IN SetupSession PORT=0 and PORT: 43489
[2024-04-15T08:25:07.106 info Netsdk:69989 19136:13828 TPTCPClient.cpp:540]Connect Client Ip : 192.168.10.124 
[2024-04-15T08:25:07.106 info Netsdk:69989 19136:13828 TPTCPClient.cpp:541]Connect Client Port : 8673
[2024-04-15T08:25:07.106 info Netsdk:69989 19136:13828 TcpSocket.cpp:2320]bSetSSL:0, nPolicy:0, nTlsMode:0
[2024-04-15T08:25:07.106 info Netsdk:69989 19136:13828 TcpSocket.cpp:2335]IsStandardTls bSetSSL:0, nPolicy:0, nTlsMode:0
[2024-04-15T08:25:07.132 info Netsdk:69989 19136:13828 netsdk.cpp:1703]Leave CLIENT_RealPlayByDataType. ret:835920480
[2024-04-15T08:25:07.140 info Netsdk:69989 19136:13828 netsdk.cpp:3034]Enter CLIENT_SetRealDataCallBackEx. [lRealHandle=835920480. cbRealData=0000000020BC0090, dwUser=0000000000ECC770. dwFlag=31.]
[2024-04-15T08:25:07.140 info Netsdk:69989 19136:13828 netsdk.cpp:3056]Leave CLIENT_SetRealDataCallBackEx.ret:1.
[2024-04-15T08:25:07.206 error Netsdk:69989 19136:17868 RealPlayAndPlayBackUtil.cpp:468]Render is NULL
[2024-04-15T08:25:07.206 error Netsdk:69989 19136:17868 RealPlayAndPlayBackUtil.cpp:468]Render is NULL
[2024-04-15T08:25:43.338 info Netsdk:69989 19136:7692 netsdk.cpp:245]Enter CLIENT_InitEx:[cbDisConnect=0000000020BC0010, dwUser=0000000000000000, lpInitParam=0000000000000000].
[2024-04-15T08:25:43.338 info Netsdk:69989 19136:7692 AVNetSDKMgr.cpp:736]Test avnetsdk module handle: 000000002F5C0000

[2024-04-15T08:25:43.338 info Netsdk:69989 19136:7692 netsdk.cpp:268]Leave CLIENT_InitEx.
[2024-04-15T08:25:43.338 info Netsdk:69989 19136:7692 Manager.cpp:17401]-------------------Log file reset, log number:10-log size:10240------------------
