Begin Time:2024-04-15T09:57:05.372
[2024-04-15T09:57:05.372 info Netsdk:69989 15824:3800 netsdk.cpp:302]Enter CLIENT_SetAutoReconnect:[cbAutoConnect=0000000024780050, dwUser=0000000000000000].
[2024-04-15T09:57:05.372 info Netsdk:69989 15824:3800 netsdk.cpp:304]Leave CLIENT_SetAutoReconnect.
[2024-04-15T09:57:05.372 info Netsdk:69989 15824:3800 netsdk.cpp:326]Enter CLIENT_SetConnectTime:[nWaitTime=5000, nTryTimes=1].
[2024-04-15T09:57:05.372 info Netsdk:69989 15824:3800 netsdk.cpp:339]Leave CLIENT_SetConnectTime.
[2024-04-15T09:57:05.372 info Netsdk:69989 15824:3800 netsdk.cpp:352]Enter CLIENT_SetNetworkParam:[nWaittime=0, nConnectTime=10000, nConnectTryNum=0, nSubConnectSpaceTime=0, nGetDevInfoTime=3000, nConnectBufSize=0, nGetConnInfoTime=3000, nSearchRecordTime=0, nsubDisconnetTime=0, byNetType=0, byPlaybackBufSize=0, bDetectDisconnTime=0, bKeepLifeInterval=0, nPicBufSize=0].
[2024-04-15T09:57:05.373 info Netsdk:69989 15824:3800 netsdk.cpp:367]Leave CLIENT_SetNetworkParam.
[2024-04-15T09:57:05.373 info Netsdk:69989 15824:3800 netsdk.cpp:1656]Enter CLIENT_RealPlayByDataType. lLoginID:00000000278D7F50. nChannelID:0. hWnd:0000000000000000
[2024-04-15T09:57:05.407 error Netsdk:69989 15824:3800 Generation2ProtocolSecureTransmit.cpp:661]Not find
[2024-04-15T09:57:05.407 info Netsdk:69989 15824:3800 DevConfigEx.cpp:12265]IN SetupSession PORT=0 and PORT: 43489
[2024-04-15T09:57:05.433 info Netsdk:69989 15824:3800 TPTCPClient.cpp:540]Connect Client Ip : 192.168.10.124 
[2024-04-15T09:57:05.434 info Netsdk:69989 15824:3800 TPTCPClient.cpp:541]Connect Client Port : 3559
[2024-04-15T09:57:05.434 info Netsdk:69989 15824:3800 TcpSocket.cpp:2320]bSetSSL:0, nPolicy:0, nTlsMode:0
[2024-04-15T09:57:05.434 info Netsdk:69989 15824:3800 TcpSocket.cpp:2335]IsStandardTls bSetSSL:0, nPolicy:0, nTlsMode:0
[2024-04-15T09:57:05.463 info Netsdk:69989 15824:3800 netsdk.cpp:1703]Leave CLIENT_RealPlayByDataType. ret:663698720
[2024-04-15T09:57:05.464 info Netsdk:69989 15824:3800 netsdk.cpp:3034]Enter CLIENT_SetRealDataCallBackEx. [lRealHandle=663698720. cbRealData=0000000024780090, dwUser=0000000022B7F090. dwFlag=31.]
[2024-04-15T09:57:05.464 info Netsdk:69989 15824:3800 netsdk.cpp:3056]Leave CLIENT_SetRealDataCallBackEx.ret:1.
[2024-04-15T09:57:05.539 error Netsdk:69989 15824:9700 RealPlayAndPlayBackUtil.cpp:468]Render is NULL
[2024-04-15T09:57:05.539 error Netsdk:69989 15824:9700 RealPlayAndPlayBackUtil.cpp:468]Render is NULL
[2024-04-15T09:58:03.244 info Netsdk:69989 15824:13904 netsdk.cpp:2091]Enter CLIENT_StopRealPlayEx. lRealHandle:663698720.
[2024-04-15T09:58:03.244 info Netsdk:69989 15824:13904 netsdk.cpp:2105]Leave CLIENT_StopRealPlayEx. ret:1
[2024-04-15T09:58:03.244 info Netsdk:69989 15824:13904 netsdk.cpp:2091]Enter CLIENT_StopRealPlayEx. lRealHandle:663698720.
[2024-04-15T09:58:03.244 info Netsdk:69989 15824:13904 netsdk.cpp:2105]Leave CLIENT_StopRealPlayEx. ret:0
[2024-04-15T09:58:03.244 info Netsdk:69989 15824:13904 netsdk.cpp:2091]Enter CLIENT_StopRealPlayEx. lRealHandle:663698720.
[2024-04-15T09:58:03.244 info Netsdk:69989 15824:13904 netsdk.cpp:2105]Leave CLIENT_StopRealPlayEx. ret:0
[2024-04-15T09:58:03.244 info Netsdk:69989 15824:13904 netsdk.cpp:2091]Enter CLIENT_StopRealPlayEx. lRealHandle:663698720.
[2024-04-15T09:58:03.244 info Netsdk:69989 15824:13904 netsdk.cpp:2105]Leave CLIENT_StopRealPlayEx. ret:0
[2024-04-15T09:58:03.245 info Netsdk:69989 15824:13904 netsdk.cpp:2091]Enter CLIENT_StopRealPlayEx. lRealHandle:663698720.
[2024-04-15T09:58:03.245 info Netsdk:69989 15824:13904 netsdk.cpp:2105]Leave CLIENT_StopRealPlayEx. ret:0
[2024-04-15T09:58:03.245 info Netsdk:69989 15824:13904 netsdk.cpp:2091]Enter CLIENT_StopRealPlayEx. lRealHandle:663698720.
[2024-04-15T09:58:03.245 info Netsdk:69989 15824:13904 netsdk.cpp:2105]Leave CLIENT_StopRealPlayEx. ret:0
[2024-04-15T09:58:03.245 info Netsdk:69989 15824:13904 netsdk.cpp:2091]Enter CLIENT_StopRealPlayEx. lRealHandle:663698720.
[2024-04-15T09:58:03.245 info Netsdk:69989 15824:13904 netsdk.cpp:2105]Leave CLIENT_StopRealPlayEx. ret:0
