Begin Time:2024-04-12T19:23:41.909
[2024-04-12T19:23:41.909 info Netsdk:69989 19936:25696 netsdk.cpp:302]Enter CLIENT_SetAutoReconnect:[cbAutoConnect=0000000002B70050, dwUser=0000000000000000].
[2024-04-12T19:23:41.909 info Netsdk:69989 19936:25696 netsdk.cpp:304]Leave CLIENT_SetAutoReconnect.
[2024-04-12T19:23:41.910 info Netsdk:69989 19936:25696 netsdk.cpp:326]Enter CLIENT_SetConnectTime:[nWaitTime=5000, nTryTimes=1].
[2024-04-12T19:23:41.910 info Netsdk:69989 19936:25696 netsdk.cpp:339]Leave CLIENT_SetConnectTime.
[2024-04-12T19:23:41.910 info Netsdk:69989 19936:25696 netsdk.cpp:352]Enter CLIENT_SetNetworkParam:[nWaittime=0, nConnectTime=10000, nConnectTryNum=0, nSubConnectSpaceTime=0, nGetDevInfoTime=3000, nConnectBufSize=0, nGetConnInfoTime=3000, nSearchRecordTime=0, nsubDisconnetTime=0, byNetType=0, byPlaybackBufSize=0, bDetectDisconnTime=0, bKeepLifeInterval=0, nPicBufSize=0].
[2024-04-12T19:23:41.911 info Netsdk:69989 19936:25696 netsdk.cpp:367]Leave CLIENT_SetNetworkParam.
[2024-04-12T19:23:41.911 info Netsdk:69989 19936:25696 netsdk.cpp:1656]Enter CLIENT_RealPlayByDataType. lLoginID:0000000027177F50. nChannelID:0. hWnd:0000000000000000
[2024-04-12T19:23:41.949 error Netsdk:69989 19936:25696 Generation2ProtocolSecureTransmit.cpp:661]Not find
[2024-04-12T19:23:41.949 info Netsdk:69989 19936:25696 DevConfigEx.cpp:12265]IN SetupSession PORT=0 and PORT: 43489
[2024-04-12T19:23:41.976 info Netsdk:69989 19936:25696 TPTCPClient.cpp:540]Connect Client Ip : 192.168.10.124 
[2024-04-12T19:23:41.977 info Netsdk:69989 19936:25696 TPTCPClient.cpp:541]Connect Client Port : 6753
[2024-04-12T19:23:41.977 info Netsdk:69989 19936:25696 TcpSocket.cpp:2320]bSetSSL:0, nPolicy:0, nTlsMode:0
[2024-04-12T19:23:41.977 info Netsdk:69989 19936:25696 TcpSocket.cpp:2335]IsStandardTls bSetSSL:0, nPolicy:0, nTlsMode:0
[2024-04-12T19:23:42.006 info Netsdk:69989 19936:25696 netsdk.cpp:1703]Leave CLIENT_RealPlayByDataType. ret:655951632
[2024-04-12T19:23:42.071 error Netsdk:69989 19936:16788 RealPlayAndPlayBackUtil.cpp:468]Render is NULL
[2024-04-12T19:23:42.071 error Netsdk:69989 19936:16788 RealPlayAndPlayBackUtil.cpp:468]Render is NULL
[2024-04-12T19:23:42.185 info Netsdk:69989 19936:25696 netsdk.cpp:3034]Enter CLIENT_SetRealDataCallBackEx. [lRealHandle=655951632. cbRealData=0000000002B70090, dwUser=000000000048DBE0. dwFlag=31.]
[2024-04-12T19:23:42.185 info Netsdk:69989 19936:25696 netsdk.cpp:3056]Leave CLIENT_SetRealDataCallBackEx.ret:1.
[2024-04-12T19:23:59.446 info Netsdk:69989 19936:21144 netsdk.cpp:2091]Enter CLIENT_StopRealPlayEx. lRealHandle:655951632.
[2024-04-12T19:23:59.446 info Netsdk:69989 19936:21144 netsdk.cpp:2105]Leave CLIENT_StopRealPlayEx. ret:1
