Begin Time:2024-04-15T09:59:37.762
[2024-04-15T09:59:37.762 info Netsdk:69989 18232:18584 netsdk.cpp:302]Enter CLIENT_SetAutoReconnect:[cbAutoConnect=0000000021CD0050, dwUser=0000000000000000].
[2024-04-15T09:59:37.762 info Netsdk:69989 18232:18584 netsdk.cpp:304]Leave CLIENT_SetAutoReconnect.
[2024-04-15T09:59:37.762 info Netsdk:69989 18232:18584 netsdk.cpp:326]Enter CLIENT_SetConnectTime:[nWaitTime=5000, nTryTimes=1].
[2024-04-15T09:59:37.762 info Netsdk:69989 18232:18584 netsdk.cpp:339]Leave CLIENT_SetConnectTime.
[2024-04-15T09:59:37.762 info Netsdk:69989 18232:18584 netsdk.cpp:352]Enter CLIENT_SetNetworkParam:[nWaittime=0, nConnectTime=10000, nConnectTryNum=0, nSubConnectSpaceTime=0, nGetDevInfoTime=3000, nConnectBufSize=0, nGetConnInfoTime=3000, nSearchRecordTime=0, nsubDisconnetTime=0, byNetType=0, byPlaybackBufSize=0, bDetectDisconnTime=0, bKeepLifeInterval=0, nPicBufSize=0].
[2024-04-15T09:59:37.762 info Netsdk:69989 18232:18584 netsdk.cpp:367]Leave CLIENT_SetNetworkParam.
[2024-04-15T09:59:37.763 info Netsdk:69989 18232:18584 netsdk.cpp:1656]Enter CLIENT_RealPlayByDataType. lLoginID:0000000027197F50. nChannelID:0. hWnd:0000000000000000
[2024-04-15T09:59:37.805 error Netsdk:69989 18232:18584 Generation2ProtocolSecureTransmit.cpp:661]Not find
[2024-04-15T09:59:37.805 info Netsdk:69989 18232:18584 DevConfigEx.cpp:12265]IN SetupSession PORT=0 and PORT: 43489
[2024-04-15T09:59:37.833 info Netsdk:69989 18232:18584 TPTCPClient.cpp:540]Connect Client Ip : 192.168.10.124 
[2024-04-15T09:59:37.833 info Netsdk:69989 18232:18584 TPTCPClient.cpp:541]Connect Client Port : 8373
[2024-04-15T09:59:37.833 info Netsdk:69989 18232:18584 TcpSocket.cpp:2320]bSetSSL:0, nPolicy:0, nTlsMode:0
[2024-04-15T09:59:37.833 info Netsdk:69989 18232:18584 TcpSocket.cpp:2335]IsStandardTls bSetSSL:0, nPolicy:0, nTlsMode:0
[2024-04-15T09:59:37.863 info Netsdk:69989 18232:18584 netsdk.cpp:1703]Leave CLIENT_RealPlayByDataType. ret:826111648
[2024-04-15T09:59:37.863 info Netsdk:69989 18232:18584 netsdk.cpp:3034]Enter CLIENT_SetRealDataCallBackEx. [lRealHandle=826111648. cbRealData=0000000021CD0090, dwUser=0000000000522760. dwFlag=31.]
[2024-04-15T09:59:37.863 info Netsdk:69989 18232:18584 netsdk.cpp:3056]Leave CLIENT_SetRealDataCallBackEx.ret:1.
[2024-04-15T09:59:37.944 error Netsdk:69989 18232:11804 RealPlayAndPlayBackUtil.cpp:468]Render is NULL
[2024-04-15T09:59:37.944 error Netsdk:69989 18232:11804 RealPlayAndPlayBackUtil.cpp:468]Render is NULL
[2024-04-15T10:00:35.015 info Netsdk:69989 18232:6828 netsdk.cpp:2091]Enter CLIENT_StopRealPlayEx. lRealHandle:826111648.
[2024-04-15T10:00:35.015 info Netsdk:69989 18232:6828 netsdk.cpp:2105]Leave CLIENT_StopRealPlayEx. ret:1
