Begin Time:2024-03-25T16:51:48.227
[2024-03-25T16:51:48.227 info Netsdk:69989 13068:16332 AVNetSDKMgr.cpp:504]Load avnetsdk library dynamically
[2024-03-25T16:51:48.230 info Netsdk:69989 13068:16332 AVNetSDKMgr.cpp:549]avnetsdk module handle: 0000000020890000

[2024-03-25T16:51:48.230 info Netsdk:69989 13068:16332 AVNetSDKMgr.cpp:823]Load configsdk dynamically
[2024-03-25T16:51:48.232 info Netsdk:69989 13068:16332 netsdk.cpp:302]Enter CLIENT_SetAutoReconnect:[cbAutoConnect=0000000002880050, dwUser=0000000000000000].
[2024-03-25T16:51:48.232 info Netsdk:69989 13068:16332 netsdk.cpp:304]Leave CLIENT_SetAutoReconnect.
[2024-03-25T16:51:48.232 info Netsdk:69989 13068:16332 netsdk.cpp:326]Enter CLIENT_SetConnectTime:[nWaitTime=5000, nTryTimes=1].
[2024-03-25T16:51:48.232 info Netsdk:69989 13068:16332 netsdk.cpp:339]Leave CLIENT_SetConnectTime.
[2024-03-25T16:51:48.233 info Netsdk:69989 13068:16332 netsdk.cpp:352]Enter CLIENT_SetNetworkParam:[nWaittime=0, nConnectTime=10000, nConnectTryNum=0, nSubConnectSpaceTime=0, nGetDevInfoTime=3000, nConnectBufSize=0, nGetConnInfoTime=3000, nSearchRecordTime=0, nsubDisconnetTime=0, byNetType=0, byPlaybackBufSize=0, bDetectDisconnTime=0, bKeepLifeInterval=0, nPicBufSize=0].
[2024-03-25T16:51:48.233 info Netsdk:69989 13068:16332 netsdk.cpp:367]Leave CLIENT_SetNetworkParam.
[2024-03-25T16:51:48.234 info Netsdk:69989 13068:16332 netsdk.cpp:991]Enter CLIENT_LoginWithHighLevelSecurity. pstInParam:00000000006456D0, pstOutParam:0000000000651A50.
[2024-03-25T16:51:48.234 info Netsdk:69989 13068:16332 netsdk.cpp:1007]IP:49.239.193.148, port:43489, SpeCap:0, CapParam:0000000000000000, TLSCap:0
[2024-03-25T16:51:48.270 info Netsdk:69989 13068:16332 TPTCPClient.cpp:540]Connect Client Ip : 192.168.10.133 
[2024-03-25T16:51:48.270 info Netsdk:69989 13068:16332 TPTCPClient.cpp:541]Connect Client Port : 49683
[2024-03-25T16:51:48.860 info Netsdk:69989 13068:16332 netsdk.cpp:1054]Leave CLIENT_LoginWithHighLevelSecurity. error:0, login ID:000000001CC83320.
[2024-03-25T16:51:48.863 info Netsdk:69989 13068:16332 netsdk.cpp:5265]Enter CLIENT_DHPTZControlEx. [lLoginID=000000001CC83320, nChannelID=0, dwPTZCommand=0, param1=0, param2=5, param3=0, dwStop=0.]
[2024-03-25T16:51:48.864 info Netsdk:69989 13068:16332 netsdk.cpp:5288]Leave CLIENT_DHPTZControlEx.ret:1.
[2024-03-25T16:51:48.864 info Netsdk:69989 13068:16332 netsdk.cpp:5265]Enter CLIENT_DHPTZControlEx. [lLoginID=000000001CC83320, nChannelID=0, dwPTZCommand=0, param1=0, param2=0, param3=0, dwStop=1.]
[2024-03-25T16:51:48.864 info Netsdk:69989 13068:16332 netsdk.cpp:5288]Leave CLIENT_DHPTZControlEx.ret:1.
[2024-03-25T16:51:48.864 info Netsdk:69989 13068:16332 netsdk.cpp:1075]Enter CLIENT_Logout. lLoginID:000000001CC83320.
[2024-03-25T16:51:48.864 error Netsdk:69989 13068:16332 TPTCPClient.cpp:748]Device is not online, ip:49.239.193.148
[2024-03-25T16:51:48.864 info Netsdk:69989 13068:16332 netsdk.cpp:1097]Leave CLIENT_Logout. ret:1
