Begin Time:2024-04-15T15:41:52.080
[2024-04-15T15:41:52.080 info Netsdk:69989 17144:20840 netsdk.cpp:302]Enter CLIENT_SetAutoReconnect:[cbAutoConnect=0000000022240050, dwUser=0000000000000000].
[2024-04-15T15:41:52.080 info Netsdk:69989 17144:20840 netsdk.cpp:304]Leave CLIENT_SetAutoReconnect.
[2024-04-15T15:41:52.080 info Netsdk:69989 17144:20840 netsdk.cpp:326]Enter CLIENT_SetConnectTime:[nWaitTime=5000, nTryTimes=1].
[2024-04-15T15:41:52.080 info Netsdk:69989 17144:20840 netsdk.cpp:339]Leave CLIENT_SetConnectTime.
[2024-04-15T15:41:52.081 info Netsdk:69989 17144:20840 netsdk.cpp:352]Enter CLIENT_SetNetworkParam:[nWaittime=0, nConnectTime=10000, nConnectTryNum=0, nSubConnectSpaceTime=0, nGetDevInfoTime=3000, nConnectBufSize=0, nGetConnInfoTime=3000, nSearchRecordTime=0, nsubDisconnetTime=0, byNetType=0, byPlaybackBufSize=0, bDetectDisconnTime=0, bKeepLifeInterval=0, nPicBufSize=0].
[2024-04-15T15:41:52.081 info Netsdk:69989 17144:20840 netsdk.cpp:367]Leave CLIENT_SetNetworkParam.
[2024-04-15T15:41:52.081 info Netsdk:69989 17144:20840 netsdk.cpp:1656]Enter CLIENT_RealPlayByDataType. lLoginID:00000000263C76B0. nChannelID:0. hWnd:0000000000000000
[2024-04-15T15:41:52.122 error Netsdk:69989 17144:20840 Generation2ProtocolSecureTransmit.cpp:661]Not find
[2024-04-15T15:41:52.122 info Netsdk:69989 17144:20840 DevConfigEx.cpp:12265]IN SetupSession PORT=0 and PORT: 43489
[2024-04-15T15:41:52.149 info Netsdk:69989 17144:20840 TPTCPClient.cpp:540]Connect Client Ip : 192.168.10.124 
[2024-04-15T15:41:52.149 info Netsdk:69989 17144:20840 TPTCPClient.cpp:541]Connect Client Port : 11887
[2024-04-15T15:41:52.149 info Netsdk:69989 17144:20840 TcpSocket.cpp:2320]bSetSSL:0, nPolicy:0, nTlsMode:0
[2024-04-15T15:41:52.149 info Netsdk:69989 17144:20840 TcpSocket.cpp:2335]IsStandardTls bSetSSL:0, nPolicy:0, nTlsMode:0
[2024-04-15T15:41:52.180 info Netsdk:69989 17144:20840 netsdk.cpp:1703]Leave CLIENT_RealPlayByDataType. ret:641596720
[2024-04-15T15:41:52.181 info Netsdk:69989 17144:20840 netsdk.cpp:3034]Enter CLIENT_SetRealDataCallBackEx. [lRealHandle=641596720. cbRealData=0000000022240090, dwUser=0000000000000000. dwFlag=31.]
[2024-04-15T15:41:52.181 info Netsdk:69989 17144:20840 netsdk.cpp:3056]Leave CLIENT_SetRealDataCallBackEx.ret:1.
[2024-04-15T15:41:52.242 error Netsdk:69989 17144:2032 RealPlayAndPlayBackUtil.cpp:468]Render is NULL
[2024-04-15T15:41:52.242 error Netsdk:69989 17144:2032 RealPlayAndPlayBackUtil.cpp:468]Render is NULL
[2024-04-15T15:43:11.494 info Netsdk:69989 17144:14124 netsdk.cpp:2091]Enter CLIENT_StopRealPlayEx. lRealHandle:821768928.
[2024-04-15T15:43:11.497 info Netsdk:69989 17144:14124 netsdk.cpp:2105]Leave CLIENT_StopRealPlayEx. ret:1
[2024-04-15T15:43:13.203 info Netsdk:69989 17144:20956 netsdk.cpp:2091]Enter CLIENT_StopRealPlayEx. lRealHandle:641409920.
[2024-04-15T15:43:13.204 info Netsdk:69989 17144:20956 netsdk.cpp:2105]Leave CLIENT_StopRealPlayEx. ret:1
[2024-04-15T15:43:21.469 info Netsdk:69989 17144:23528 netsdk.cpp:2091]Enter CLIENT_StopRealPlayEx. lRealHandle:641596720.
[2024-04-15T15:43:21.469 info Netsdk:69989 17144:23528 netsdk.cpp:2105]Leave CLIENT_StopRealPlayEx. ret:1
