Begin Time:2024-04-15T09:58:35.364
[2024-04-15T09:58:35.364 info Netsdk:69989 18232:1752 AVNetSDKMgr.cpp:504]Load avnetsdk library dynamically
[2024-04-15T09:58:35.366 info Netsdk:69989 18232:1752 AVNetSDKMgr.cpp:549]avnetsdk module handle: 000000002EBB0000

[2024-04-15T09:58:35.366 info Netsdk:69989 18232:1752 AVNetSDKMgr.cpp:823]Load configsdk dynamically
[2024-04-15T09:58:35.367 info Netsdk:69989 18232:1752 netsdk.cpp:302]Enter CLIENT_SetAutoReconnect:[cbAutoConnect=0000000021CD0050, dwUser=0000000000000000].
[2024-04-15T09:58:35.367 info Netsdk:69989 18232:1752 netsdk.cpp:304]Leave CLIENT_SetAutoReconnect.
[2024-04-15T09:58:35.367 info Netsdk:69989 18232:1752 netsdk.cpp:326]Enter CLIENT_SetConnectTime:[nWaitTime=5000, nTryTimes=1].
[2024-04-15T09:58:35.367 info Netsdk:69989 18232:1752 netsdk.cpp:339]Leave CLIENT_SetConnectTime.
[2024-04-15T09:58:35.367 info Netsdk:69989 18232:1752 netsdk.cpp:352]Enter CLIENT_SetNetworkParam:[nWaittime=0, nConnectTime=10000, nConnectTryNum=0, nSubConnectSpaceTime=0, nGetDevInfoTime=3000, nConnectBufSize=0, nGetConnInfoTime=3000, nSearchRecordTime=0, nsubDisconnetTime=0, byNetType=0, byPlaybackBufSize=0, bDetectDisconnTime=0, bKeepLifeInterval=0, nPicBufSize=0].
[2024-04-15T09:58:35.367 info Netsdk:69989 18232:1752 netsdk.cpp:367]Leave CLIENT_SetNetworkParam.
[2024-04-15T09:58:35.368 info Netsdk:69989 18232:1752 netsdk.cpp:991]Enter CLIENT_LoginWithHighLevelSecurity. pstInParam:0000000022390120, pstOutParam:000000002238ACE0.
[2024-04-15T09:58:35.368 info Netsdk:69989 18232:1752 netsdk.cpp:1007]IP:49.239.193.148, port:43489, SpeCap:0, CapParam:0000000000000000, TLSCap:0
[2024-04-15T09:58:35.394 info Netsdk:69989 18232:1752 TPTCPClient.cpp:540]Connect Client Ip : 192.168.10.124 
[2024-04-15T09:58:35.394 info Netsdk:69989 18232:1752 TPTCPClient.cpp:541]Connect Client Port : 12515
[2024-04-15T09:58:35.892 info Netsdk:69989 18232:1752 netsdk.cpp:1054]Leave CLIENT_LoginWithHighLevelSecurity. error:0, login ID:0000000027197F50.
[2024-04-15T09:58:35.897 info Netsdk:69989 18232:1752 netsdk.cpp:1656]Enter CLIENT_RealPlayByDataType. lLoginID:0000000027197F50. nChannelID:0. hWnd:0000000000000000
[2024-04-15T09:58:36.348 error Netsdk:69989 18232:1752 Generation2ProtocolSecureTransmit.cpp:661]Not find
[2024-04-15T09:58:36.348 info Netsdk:69989 18232:1752 DevConfigEx.cpp:12265]IN SetupSession PORT=0 and PORT: 43489
[2024-04-15T09:58:36.374 info Netsdk:69989 18232:1752 TPTCPClient.cpp:540]Connect Client Ip : 192.168.10.124 
[2024-04-15T09:58:36.374 info Netsdk:69989 18232:1752 TPTCPClient.cpp:541]Connect Client Port : 12516
[2024-04-15T09:58:36.374 info Netsdk:69989 18232:1752 TcpSocket.cpp:2320]bSetSSL:0, nPolicy:0, nTlsMode:0
[2024-04-15T09:58:36.374 info Netsdk:69989 18232:1752 TcpSocket.cpp:2335]IsStandardTls bSetSSL:0, nPolicy:0, nTlsMode:0
[2024-04-15T09:58:36.403 info Netsdk:69989 18232:1752 netsdk.cpp:1703]Leave CLIENT_RealPlayByDataType. ret:656074448
[2024-04-15T09:58:36.406 info Netsdk:69989 18232:1752 netsdk.cpp:3034]Enter CLIENT_SetRealDataCallBackEx. [lRealHandle=656074448. cbRealData=0000000021CD0090, dwUser=00000000005B9690. dwFlag=31.]
[2024-04-15T09:58:36.406 info Netsdk:69989 18232:1752 netsdk.cpp:3056]Leave CLIENT_SetRealDataCallBackEx.ret:1.
[2024-04-15T09:58:36.487 error Netsdk:69989 18232:13856 RealPlayAndPlayBackUtil.cpp:468]Render is NULL
[2024-04-15T09:58:36.487 error Netsdk:69989 18232:13856 RealPlayAndPlayBackUtil.cpp:468]Render is NULL
[2024-04-15T09:59:08.276 info Netsdk:69989 18232:1572 netsdk.cpp:245]Enter CLIENT_InitEx:[cbDisConnect=0000000021CD0010, dwUser=0000000000000000, lpInitParam=0000000000000000].
[2024-04-15T09:59:08.277 info Netsdk:69989 18232:1572 AVNetSDKMgr.cpp:736]Test avnetsdk module handle: 000000002EBB0000

[2024-04-15T09:59:08.277 info Netsdk:69989 18232:1572 netsdk.cpp:268]Leave CLIENT_InitEx.
[2024-04-15T09:59:08.277 info Netsdk:69989 18232:1572 Manager.cpp:17401]-------------------Log file reset, log number:10-log size:10240------------------
