Begin Time:2024-04-15T12:02:30.567
[2024-04-15T12:02:30.567 info Netsdk:69989 9708:19648 netsdk.cpp:302]Enter CLIENT_SetAutoReconnect:[cbAutoConnect=00000000028F0050, dwUser=0000000000000000].
[2024-04-15T12:02:30.567 info Netsdk:69989 9708:19648 netsdk.cpp:304]Leave CLIENT_SetAutoReconnect.
[2024-04-15T12:02:30.567 info Netsdk:69989 9708:19648 netsdk.cpp:326]Enter CLIENT_SetConnectTime:[nWaitTime=5000, nTryTimes=1].
[2024-04-15T12:02:30.567 info Netsdk:69989 9708:19648 netsdk.cpp:339]Leave CLIENT_SetConnectTime.
[2024-04-15T12:02:30.567 info Netsdk:69989 9708:19648 netsdk.cpp:352]Enter CLIENT_SetNetworkParam:[nWaittime=0, nConnectTime=10000, nConnectTryNum=0, nSubConnectSpaceTime=0, nGetDevInfoTime=3000, nConnectBufSize=0, nGetConnInfoTime=3000, nSearchRecordTime=0, nsubDisconnetTime=0, byNetType=0, byPlaybackBufSize=0, bDetectDisconnTime=0, bKeepLifeInterval=0, nPicBufSize=0].
[2024-04-15T12:02:30.569 info Netsdk:69989 9708:19648 netsdk.cpp:367]Leave CLIENT_SetNetworkParam.
[2024-04-15T12:02:30.736 info Netsdk:69989 9708:10940 netsdk.cpp:245]Enter CLIENT_InitEx:[cbDisConnect=00000000028F0010, dwUser=0000000000000000, lpInitParam=0000000000000000].
[2024-04-15T12:02:30.736 info Netsdk:69989 9708:10940 AVNetSDKMgr.cpp:736]Test avnetsdk module handle: 000000002FAD0000

[2024-04-15T12:02:30.736 info Netsdk:69989 9708:10940 netsdk.cpp:268]Leave CLIENT_InitEx.
[2024-04-15T12:02:30.737 info Netsdk:69989 9708:10940 Manager.cpp:17401]-------------------Log file reset, log number:10-log size:10240------------------
Begin Time:2024-04-15T12:02:30.737
[2024-04-15T12:02:30.737 info Netsdk:69989 9708:10940 netsdk.cpp:302]Enter CLIENT_SetAutoReconnect:[cbAutoConnect=00000000028F0050, dwUser=0000000000000000].
[2024-04-15T12:02:30.737 info Netsdk:69989 9708:10940 netsdk.cpp:304]Leave CLIENT_SetAutoReconnect.
[2024-04-15T12:02:30.737 info Netsdk:69989 9708:10940 netsdk.cpp:326]Enter CLIENT_SetConnectTime:[nWaitTime=5000, nTryTimes=1].
[2024-04-15T12:02:30.737 info Netsdk:69989 9708:10940 netsdk.cpp:339]Leave CLIENT_SetConnectTime.
[2024-04-15T12:02:30.737 info Netsdk:69989 9708:10940 netsdk.cpp:352]Enter CLIENT_SetNetworkParam:[nWaittime=0, nConnectTime=10000, nConnectTryNum=0, nSubConnectSpaceTime=0, nGetDevInfoTime=3000, nConnectBufSize=0, nGetConnInfoTime=3000, nSearchRecordTime=0, nsubDisconnetTime=0, byNetType=0, byPlaybackBufSize=0, bDetectDisconnTime=0, bKeepLifeInterval=0, nPicBufSize=0].
[2024-04-15T12:02:30.737 info Netsdk:69989 9708:10940 netsdk.cpp:367]Leave CLIENT_SetNetworkParam.
[2024-04-15T12:02:30.738 info Netsdk:69989 9708:10940 netsdk.cpp:1656]Enter CLIENT_RealPlayByDataType. lLoginID:0000000027600680. nChannelID:0. hWnd:0000000000000000
[2024-04-15T12:02:30.783 error Netsdk:69989 9708:10940 Generation2ProtocolSecureTransmit.cpp:661]Not find
[2024-04-15T12:02:30.783 info Netsdk:69989 9708:10940 DevConfigEx.cpp:12265]IN SetupSession PORT=0 and PORT: 43489
[2024-04-15T12:02:30.815 info Netsdk:69989 9708:10940 TPTCPClient.cpp:540]Connect Client Ip : 192.168.10.124 
[2024-04-15T12:02:30.815 info Netsdk:69989 9708:10940 TPTCPClient.cpp:541]Connect Client Port : 3345
[2024-04-15T12:02:30.815 info Netsdk:69989 9708:10940 TcpSocket.cpp:2320]bSetSSL:0, nPolicy:0, nTlsMode:0
[2024-04-15T12:02:30.815 info Netsdk:69989 9708:10940 TcpSocket.cpp:2335]IsStandardTls bSetSSL:0, nPolicy:0, nTlsMode:0
[2024-04-15T12:02:30.847 info Netsdk:69989 9708:10940 netsdk.cpp:1703]Leave CLIENT_RealPlayByDataType. ret:660417936
[2024-04-15T12:02:30.848 info Netsdk:69989 9708:10940 netsdk.cpp:3034]Enter CLIENT_SetRealDataCallBackEx. [lRealHandle=660417936. cbRealData=00000000028F0090, dwUser=0000000000000000. dwFlag=31.]
[2024-04-15T12:02:30.848 info Netsdk:69989 9708:10940 netsdk.cpp:3056]Leave CLIENT_SetRealDataCallBackEx.ret:1.
[2024-04-15T12:02:30.926 error Netsdk:69989 9708:18736 RealPlayAndPlayBackUtil.cpp:468]Render is NULL
[2024-04-15T12:02:30.926 error Netsdk:69989 9708:18736 RealPlayAndPlayBackUtil.cpp:468]Render is NULL
[2024-04-15T12:02:40.001 info Netsdk:69989 9708:15668 netsdk.cpp:2091]Enter CLIENT_StopRealPlayEx. lRealHandle:660417936.
[2024-04-15T12:02:40.002 info Netsdk:69989 9708:15668 netsdk.cpp:2105]Leave CLIENT_StopRealPlayEx. ret:1
[2024-04-15T12:02:44.039 info Netsdk:69989 9708:6064 netsdk.cpp:2091]Enter CLIENT_StopRealPlayEx. lRealHandle:660628352.
[2024-04-15T12:02:44.039 info Netsdk:69989 9708:6064 netsdk.cpp:2105]Leave CLIENT_StopRealPlayEx. ret:1
[2024-04-15T12:02:46.539 info Netsdk:69989 9708:4980 netsdk.cpp:245]Enter CLIENT_InitEx:[cbDisConnect=00000000028F0010, dwUser=0000000000000000, lpInitParam=0000000000000000].
[2024-04-15T12:02:46.539 info Netsdk:69989 9708:4980 AVNetSDKMgr.cpp:736]Test avnetsdk module handle: 000000002FAD0000

[2024-04-15T12:02:46.539 info Netsdk:69989 9708:4980 netsdk.cpp:268]Leave CLIENT_InitEx.
[2024-04-15T12:02:46.540 info Netsdk:69989 9708:4980 Manager.cpp:17401]-------------------Log file reset, log number:10-log size:10240------------------
