Begin Time:2024-04-15T10:16:02.901
[2024-04-15T10:16:02.901 info Netsdk:69989 15228:17424 AVNetSDKMgr.cpp:504]Load avnetsdk library dynamically
[2024-04-15T10:16:02.903 info Netsdk:69989 15228:17424 AVNetSDKMgr.cpp:549]avnetsdk module handle: 000000002EEF0000

[2024-04-15T10:16:02.903 info Netsdk:69989 15228:17424 AVNetSDKMgr.cpp:823]Load configsdk dynamically
[2024-04-15T10:16:02.904 info Netsdk:69989 15228:17424 netsdk.cpp:302]Enter CLIENT_SetAutoReconnect:[cbAutoConnect=00000000009C0050, dwUser=0000000000000000].
[2024-04-15T10:16:02.904 info Netsdk:69989 15228:17424 netsdk.cpp:304]Leave CLIENT_SetAutoReconnect.
[2024-04-15T10:16:02.904 info Netsdk:69989 15228:17424 netsdk.cpp:326]Enter CLIENT_SetConnectTime:[nWaitTime=5000, nTryTimes=1].
[2024-04-15T10:16:02.904 info Netsdk:69989 15228:17424 netsdk.cpp:339]Leave CLIENT_SetConnectTime.
[2024-04-15T10:16:02.905 info Netsdk:69989 15228:17424 netsdk.cpp:352]Enter CLIENT_SetNetworkParam:[nWaittime=0, nConnectTime=10000, nConnectTryNum=0, nSubConnectSpaceTime=0, nGetDevInfoTime=3000, nConnectBufSize=0, nGetConnInfoTime=3000, nSearchRecordTime=0, nsubDisconnetTime=0, byNetType=0, byPlaybackBufSize=0, bDetectDisconnTime=0, bKeepLifeInterval=0, nPicBufSize=0].
[2024-04-15T10:16:02.905 info Netsdk:69989 15228:17424 netsdk.cpp:367]Leave CLIENT_SetNetworkParam.
[2024-04-15T10:16:02.905 info Netsdk:69989 15228:17424 netsdk.cpp:991]Enter CLIENT_LoginWithHighLevelSecurity. pstInParam:0000000000722070, pstOutParam:0000000026CA5070.
[2024-04-15T10:16:02.905 info Netsdk:69989 15228:17424 netsdk.cpp:1007]IP:49.239.193.148, port:43489, SpeCap:0, CapParam:0000000000000000, TLSCap:0
[2024-04-15T10:16:02.936 info Netsdk:69989 15228:17424 TPTCPClient.cpp:540]Connect Client Ip : 192.168.10.124 
[2024-04-15T10:16:02.936 info Netsdk:69989 15228:17424 TPTCPClient.cpp:541]Connect Client Port : 8425
[2024-04-15T10:16:03.464 info Netsdk:69989 15228:17424 netsdk.cpp:1054]Leave CLIENT_LoginWithHighLevelSecurity. error:0, login ID:00000000272C7F50.
[2024-04-15T10:16:03.467 info Netsdk:69989 15228:17424 netsdk.cpp:1656]Enter CLIENT_RealPlayByDataType. lLoginID:00000000272C7F50. nChannelID:0. hWnd:0000000000000000
[2024-04-15T10:16:03.990 error Netsdk:69989 15228:17424 Generation2ProtocolSecureTransmit.cpp:661]Not find
[2024-04-15T10:16:03.990 info Netsdk:69989 15228:17424 DevConfigEx.cpp:12265]IN SetupSession PORT=0 and PORT: 43489
[2024-04-15T10:16:04.035 info Netsdk:69989 15228:17424 TPTCPClient.cpp:540]Connect Client Ip : 192.168.10.124 
[2024-04-15T10:16:04.035 info Netsdk:69989 15228:17424 TPTCPClient.cpp:541]Connect Client Port : 8426
[2024-04-15T10:16:04.035 info Netsdk:69989 15228:17424 TcpSocket.cpp:2320]bSetSSL:0, nPolicy:0, nTlsMode:0
[2024-04-15T10:16:04.035 info Netsdk:69989 15228:17424 TcpSocket.cpp:2335]IsStandardTls bSetSSL:0, nPolicy:0, nTlsMode:0
[2024-04-15T10:16:04.070 info Netsdk:69989 15228:17424 netsdk.cpp:1703]Leave CLIENT_RealPlayByDataType. ret:657326160
[2024-04-15T10:16:04.074 info Netsdk:69989 15228:17424 netsdk.cpp:3034]Enter CLIENT_SetRealDataCallBackEx. [lRealHandle=657326160. cbRealData=00000000009C0090, dwUser=0000000000722EB0. dwFlag=31.]
[2024-04-15T10:16:04.074 info Netsdk:69989 15228:17424 netsdk.cpp:3056]Leave CLIENT_SetRealDataCallBackEx.ret:1.
[2024-04-15T10:16:04.149 error Netsdk:69989 15228:11072 RealPlayAndPlayBackUtil.cpp:468]Render is NULL
[2024-04-15T10:16:04.149 error Netsdk:69989 15228:11072 RealPlayAndPlayBackUtil.cpp:468]Render is NULL
[2024-04-15T10:16:13.689 info Netsdk:69989 15228:6496 netsdk.cpp:245]Enter CLIENT_InitEx:[cbDisConnect=00000000009C0010, dwUser=0000000000000000, lpInitParam=0000000000000000].
[2024-04-15T10:16:13.689 info Netsdk:69989 15228:6496 AVNetSDKMgr.cpp:736]Test avnetsdk module handle: 000000002EEF0000

[2024-04-15T10:16:13.689 info Netsdk:69989 15228:6496 netsdk.cpp:268]Leave CLIENT_InitEx.
[2024-04-15T10:16:13.689 info Netsdk:69989 15228:6496 Manager.cpp:17401]-------------------Log file reset, log number:10-log size:10240------------------
