Begin Time:2024-04-12T21:58:00.427
[2024-04-12T21:58:00.427 info Netsdk:69989 2512:4992 netsdk.cpp:302]Enter CLIENT_SetAutoReconnect:[cbAutoConnect=0000000003220050, dwUser=0000000000000000].
[2024-04-12T21:58:00.427 info Netsdk:69989 2512:4992 netsdk.cpp:304]Leave CLIENT_SetAutoReconnect.
[2024-04-12T21:58:00.427 info Netsdk:69989 2512:4992 netsdk.cpp:326]Enter CLIENT_SetConnectTime:[nWaitTime=5000, nTryTimes=1].
[2024-04-12T21:58:00.427 info Netsdk:69989 2512:4992 netsdk.cpp:339]Leave CLIENT_SetConnectTime.
[2024-04-12T21:58:00.427 info Netsdk:69989 2512:4992 netsdk.cpp:352]Enter CLIENT_SetNetworkParam:[nWaittime=0, nConnectTime=10000, nConnectTryNum=0, nSubConnectSpaceTime=0, nGetDevInfoTime=3000, nConnectBufSize=0, nGetConnInfoTime=3000, nSearchRecordTime=0, nsubDisconnetTime=0, byNetType=0, byPlaybackBufSize=0, bDetectDisconnTime=0, bKeepLifeInterval=0, nPicBufSize=0].
[2024-04-12T21:58:00.427 info Netsdk:69989 2512:4992 netsdk.cpp:367]Leave CLIENT_SetNetworkParam.
[2024-04-12T21:58:00.428 info Netsdk:69989 2512:4992 netsdk.cpp:1656]Enter CLIENT_RealPlayByDataType. lLoginID:0000000027827F50. nChannelID:0. hWnd:0000000000000000
[2024-04-12T21:58:00.466 error Netsdk:69989 2512:4992 Generation2ProtocolSecureTransmit.cpp:661]Not find
[2024-04-12T21:58:00.466 info Netsdk:69989 2512:4992 DevConfigEx.cpp:12265]IN SetupSession PORT=0 and PORT: 43489
[2024-04-12T21:58:00.491 info Netsdk:69989 2512:4992 TPTCPClient.cpp:540]Connect Client Ip : 192.168.10.124 
[2024-04-12T21:58:00.491 info Netsdk:69989 2512:4992 TPTCPClient.cpp:541]Connect Client Port : 11745
[2024-04-12T21:58:00.491 info Netsdk:69989 2512:4992 TcpSocket.cpp:2320]bSetSSL:0, nPolicy:0, nTlsMode:0
[2024-04-12T21:58:00.491 info Netsdk:69989 2512:4992 TcpSocket.cpp:2335]IsStandardTls bSetSSL:0, nPolicy:0, nTlsMode:0
[2024-04-12T21:58:00.522 info Netsdk:69989 2512:4992 netsdk.cpp:1703]Leave CLIENT_RealPlayByDataType. ret:662758848
[2024-04-12T21:58:00.522 info Netsdk:69989 2512:4992 netsdk.cpp:3034]Enter CLIENT_SetRealDataCallBackEx. [lRealHandle=662758848. cbRealData=0000000003220090, dwUser=0000000022BFF9E0. dwFlag=31.]
[2024-04-12T21:58:00.522 info Netsdk:69989 2512:4992 netsdk.cpp:3056]Leave CLIENT_SetRealDataCallBackEx.ret:1.
[2024-04-12T21:58:00.588 error Netsdk:69989 2512:7436 RealPlayAndPlayBackUtil.cpp:468]Render is NULL
[2024-04-12T21:58:00.588 error Netsdk:69989 2512:7436 RealPlayAndPlayBackUtil.cpp:468]Render is NULL
[2024-04-12T21:58:39.826 info Netsdk:69989 2512:7684 netsdk.cpp:2091]Enter CLIENT_StopRealPlayEx. lRealHandle:662758848.
[2024-04-12T21:58:39.826 info Netsdk:69989 2512:7684 netsdk.cpp:2105]Leave CLIENT_StopRealPlayEx. ret:1
[2024-04-12T21:58:39.826 info Netsdk:69989 2512:7684 netsdk.cpp:2091]Enter CLIENT_StopRealPlayEx. lRealHandle:662758848.
[2024-04-12T21:58:39.826 info Netsdk:69989 2512:7684 netsdk.cpp:2105]Leave CLIENT_StopRealPlayEx. ret:0
[2024-04-12T21:58:39.826 info Netsdk:69989 2512:7684 netsdk.cpp:2091]Enter CLIENT_StopRealPlayEx. lRealHandle:662955008.
[2024-04-12T21:58:39.826 info Netsdk:69989 2512:7684 netsdk.cpp:2105]Leave CLIENT_StopRealPlayEx. ret:0
[2024-04-12T21:58:39.826 info Netsdk:69989 2512:7684 netsdk.cpp:2091]Enter CLIENT_StopRealPlayEx. lRealHandle:662758848.
[2024-04-12T21:58:39.826 info Netsdk:69989 2512:7684 netsdk.cpp:2105]Leave CLIENT_StopRealPlayEx. ret:0
