Begin Time:2024-04-12T21:46:16.010
[2024-04-12T21:46:16.011 info Netsdk:69989 9648:7716 AVNetSDKMgr.cpp:504]Load avnetsdk library dynamically
[2024-04-12T21:46:16.013 info Netsdk:69989 9648:7716 AVNetSDKMgr.cpp:549]avnetsdk module handle: 000000002D830000

[2024-04-12T21:46:16.013 info Netsdk:69989 9648:7716 AVNetSDKMgr.cpp:823]Load configsdk dynamically
[2024-04-12T21:46:16.014 info Netsdk:69989 9648:7716 netsdk.cpp:302]Enter CLIENT_SetAutoReconnect:[cbAutoConnect=0000000002C60050, dwUser=0000000000000000].
[2024-04-12T21:46:16.014 info Netsdk:69989 9648:7716 netsdk.cpp:304]Leave CLIENT_SetAutoReconnect.
[2024-04-12T21:46:16.014 info Netsdk:69989 9648:7716 netsdk.cpp:326]Enter CLIENT_SetConnectTime:[nWaitTime=5000, nTryTimes=1].
[2024-04-12T21:46:16.016 info Netsdk:69989 9648:7716 netsdk.cpp:339]Leave CLIENT_SetConnectTime.
[2024-04-12T21:46:16.016 info Netsdk:69989 9648:7716 netsdk.cpp:352]Enter CLIENT_SetNetworkParam:[nWaittime=0, nConnectTime=10000, nConnectTryNum=0, nSubConnectSpaceTime=0, nGetDevInfoTime=3000, nConnectBufSize=0, nGetConnInfoTime=3000, nSearchRecordTime=0, nsubDisconnetTime=0, byNetType=0, byPlaybackBufSize=0, bDetectDisconnTime=0, bKeepLifeInterval=0, nPicBufSize=0].
[2024-04-12T21:46:16.016 info Netsdk:69989 9648:7716 netsdk.cpp:367]Leave CLIENT_SetNetworkParam.
[2024-04-12T21:46:16.018 info Netsdk:69989 9648:7716 netsdk.cpp:991]Enter CLIENT_LoginWithHighLevelSecurity. pstInParam:0000000000A94A40, pstOutParam:0000000022810B70.
[2024-04-12T21:46:16.018 info Netsdk:69989 9648:7716 netsdk.cpp:1007]IP:49.239.193.148, port:43489, SpeCap:0, CapParam:0000000000000000, TLSCap:0
[2024-04-12T21:46:16.045 info Netsdk:69989 9648:7716 TPTCPClient.cpp:540]Connect Client Ip : 192.168.10.124 
[2024-04-12T21:46:16.045 info Netsdk:69989 9648:7716 TPTCPClient.cpp:541]Connect Client Port : 6161
[2024-04-12T21:46:16.583 info Netsdk:69989 9648:7716 netsdk.cpp:1054]Leave CLIENT_LoginWithHighLevelSecurity. error:0, login ID:00000000275B8210.
[2024-04-12T21:46:16.587 info Netsdk:69989 9648:7716 netsdk.cpp:1656]Enter CLIENT_RealPlayByDataType. lLoginID:00000000275B8210. nChannelID:0. hWnd:0000000000000000
[2024-04-12T21:46:17.060 error Netsdk:69989 9648:7716 Generation2ProtocolSecureTransmit.cpp:661]Not find
[2024-04-12T21:46:17.060 info Netsdk:69989 9648:7716 DevConfigEx.cpp:12265]IN SetupSession PORT=0 and PORT: 43489
[2024-04-12T21:46:17.085 info Netsdk:69989 9648:7716 TPTCPClient.cpp:540]Connect Client Ip : 192.168.10.124 
[2024-04-12T21:46:17.085 info Netsdk:69989 9648:7716 TPTCPClient.cpp:541]Connect Client Port : 6187
[2024-04-12T21:46:17.085 info Netsdk:69989 9648:7716 TcpSocket.cpp:2320]bSetSSL:0, nPolicy:0, nTlsMode:0
[2024-04-12T21:46:17.085 info Netsdk:69989 9648:7716 TcpSocket.cpp:2335]IsStandardTls bSetSSL:0, nPolicy:0, nTlsMode:0
[2024-04-12T21:46:17.112 info Netsdk:69989 9648:7716 netsdk.cpp:1703]Leave CLIENT_RealPlayByDataType. ret:660421584
[2024-04-12T21:46:17.121 info Netsdk:69989 9648:7716 netsdk.cpp:3034]Enter CLIENT_SetRealDataCallBackEx. [lRealHandle=660421584. cbRealData=0000000002C60090, dwUser=0000000000A02800. dwFlag=31.]
[2024-04-12T21:46:17.121 info Netsdk:69989 9648:7716 netsdk.cpp:3056]Leave CLIENT_SetRealDataCallBackEx.ret:1.
[2024-04-12T21:46:17.188 error Netsdk:69989 9648:8984 RealPlayAndPlayBackUtil.cpp:468]Render is NULL
[2024-04-12T21:46:17.188 error Netsdk:69989 9648:8984 RealPlayAndPlayBackUtil.cpp:468]Render is NULL
[2024-04-12T21:47:32.985 info Netsdk:69989 9648:3032 netsdk.cpp:2091]Enter CLIENT_StopRealPlayEx. lRealHandle:660421584.
[2024-04-12T21:47:32.985 info Netsdk:69989 9648:3032 netsdk.cpp:2105]Leave CLIENT_StopRealPlayEx. ret:1
[2024-04-12T21:47:50.328 info Netsdk:69989 9648:2496 netsdk.cpp:245]Enter CLIENT_InitEx:[cbDisConnect=0000000002C60010, dwUser=0000000000000000, lpInitParam=0000000000000000].
[2024-04-12T21:47:50.328 info Netsdk:69989 9648:2496 AVNetSDKMgr.cpp:736]Test avnetsdk module handle: 000000002D830000

[2024-04-12T21:47:50.328 info Netsdk:69989 9648:2496 netsdk.cpp:268]Leave CLIENT_InitEx.
[2024-04-12T21:47:50.328 info Netsdk:69989 9648:2496 Manager.cpp:17401]-------------------Log file reset, log number:10-log size:10240------------------
