Begin Time:2024-04-15T15:40:22.179
[2024-04-15T15:40:22.179 info Netsdk:69989 17144:16820 AVNetSDKMgr.cpp:504]Load avnetsdk library dynamically
[2024-04-15T15:40:22.182 info Netsdk:69989 17144:16820 AVNetSDKMgr.cpp:549]avnetsdk module handle: 000000002E860000

[2024-04-15T15:40:22.182 info Netsdk:69989 17144:16820 AVNetSDKMgr.cpp:823]Load configsdk dynamically
[2024-04-15T15:40:22.184 info Netsdk:69989 17144:16820 netsdk.cpp:302]Enter CLIENT_SetAutoReconnect:[cbAutoConnect=0000000022240050, dwUser=0000000000000000].
[2024-04-15T15:40:22.184 info Netsdk:69989 17144:16820 netsdk.cpp:304]Leave CLIENT_SetAutoReconnect.
[2024-04-15T15:40:22.184 info Netsdk:69989 17144:16820 netsdk.cpp:326]Enter CLIENT_SetConnectTime:[nWaitTime=5000, nTryTimes=1].
[2024-04-15T15:40:22.184 info Netsdk:69989 17144:16820 netsdk.cpp:339]Leave CLIENT_SetConnectTime.
[2024-04-15T15:40:22.185 info Netsdk:69989 17144:16820 netsdk.cpp:352]Enter CLIENT_SetNetworkParam:[nWaittime=0, nConnectTime=10000, nConnectTryNum=0, nSubConnectSpaceTime=0, nGetDevInfoTime=3000, nConnectBufSize=0, nGetConnInfoTime=3000, nSearchRecordTime=0, nsubDisconnetTime=0, byNetType=0, byPlaybackBufSize=0, bDetectDisconnTime=0, bKeepLifeInterval=0, nPicBufSize=0].
[2024-04-15T15:40:22.185 info Netsdk:69989 17144:16820 netsdk.cpp:367]Leave CLIENT_SetNetworkParam.
[2024-04-15T15:40:22.186 info Netsdk:69989 17144:16820 netsdk.cpp:991]Enter CLIENT_LoginWithHighLevelSecurity. pstInParam:00000000005FA850, pstOutParam:0000000022176F30.
[2024-04-15T15:40:22.186 info Netsdk:69989 17144:16820 netsdk.cpp:1007]IP:49.239.193.148, port:43489, SpeCap:0, CapParam:0000000000000000, TLSCap:0
[2024-04-15T15:40:22.219 info Netsdk:69989 17144:16820 TPTCPClient.cpp:540]Connect Client Ip : 192.168.10.124 
[2024-04-15T15:40:22.219 info Netsdk:69989 17144:16820 TPTCPClient.cpp:541]Connect Client Port : 7923
[2024-04-15T15:40:22.728 info Netsdk:69989 17144:16820 netsdk.cpp:1054]Leave CLIENT_LoginWithHighLevelSecurity. error:0, login ID:00000000263C76B0.
[2024-04-15T15:40:22.731 info Netsdk:69989 17144:16820 netsdk.cpp:1656]Enter CLIENT_RealPlayByDataType. lLoginID:00000000263C76B0. nChannelID:0. hWnd:0000000000000000
[2024-04-15T15:40:23.274 error Netsdk:69989 17144:16820 Generation2ProtocolSecureTransmit.cpp:661]Not find
[2024-04-15T15:40:23.274 info Netsdk:69989 17144:16820 DevConfigEx.cpp:12265]IN SetupSession PORT=0 and PORT: 43489
[2024-04-15T15:40:23.301 info Netsdk:69989 17144:16820 TPTCPClient.cpp:540]Connect Client Ip : 192.168.10.124 
[2024-04-15T15:40:23.301 info Netsdk:69989 17144:16820 TPTCPClient.cpp:541]Connect Client Port : 12270
[2024-04-15T15:40:23.301 info Netsdk:69989 17144:16820 TcpSocket.cpp:2320]bSetSSL:0, nPolicy:0, nTlsMode:0
[2024-04-15T15:40:23.301 info Netsdk:69989 17144:16820 TcpSocket.cpp:2335]IsStandardTls bSetSSL:0, nPolicy:0, nTlsMode:0
[2024-04-15T15:40:23.328 info Netsdk:69989 17144:16820 netsdk.cpp:1703]Leave CLIENT_RealPlayByDataType. ret:821768928
[2024-04-15T15:40:23.332 info Netsdk:69989 17144:16820 netsdk.cpp:3034]Enter CLIENT_SetRealDataCallBackEx. [lRealHandle=821768928. cbRealData=0000000022240090, dwUser=0000000000000000. dwFlag=31.]
[2024-04-15T15:40:23.332 info Netsdk:69989 17144:16820 netsdk.cpp:3056]Leave CLIENT_SetRealDataCallBackEx.ret:1.
[2024-04-15T15:40:23.397 error Netsdk:69989 17144:2032 RealPlayAndPlayBackUtil.cpp:468]Render is NULL
[2024-04-15T15:40:23.397 error Netsdk:69989 17144:2032 RealPlayAndPlayBackUtil.cpp:468]Render is NULL
[2024-04-15T15:40:51.599 info Netsdk:69989 17144:14124 netsdk.cpp:245]Enter CLIENT_InitEx:[cbDisConnect=0000000022240010, dwUser=0000000000000000, lpInitParam=0000000000000000].
[2024-04-15T15:40:51.600 info Netsdk:69989 17144:14124 AVNetSDKMgr.cpp:736]Test avnetsdk module handle: 000000002E860000

[2024-04-15T15:40:51.600 info Netsdk:69989 17144:14124 netsdk.cpp:268]Leave CLIENT_InitEx.
[2024-04-15T15:40:51.601 info Netsdk:69989 17144:14124 Manager.cpp:17401]-------------------Log file reset, log number:10-log size:10240------------------
