Begin Time:2024-04-12T21:51:37.116
[2024-04-12T21:51:37.116 info Netsdk:69989 7988:6432 AVNetSDKMgr.cpp:504]Load avnetsdk library dynamically
[2024-04-12T21:51:37.119 info Netsdk:69989 7988:6432 AVNetSDKMgr.cpp:549]avnetsdk module handle: 00000000309F0000

[2024-04-12T21:51:37.120 info Netsdk:69989 7988:6432 AVNetSDKMgr.cpp:823]Load configsdk dynamically
[2024-04-12T21:51:37.121 info Netsdk:69989 7988:6432 netsdk.cpp:302]Enter CLIENT_SetAutoReconnect:[cbAutoConnect=00000000031E0050, dwUser=0000000000000000].
[2024-04-12T21:51:37.121 info Netsdk:69989 7988:6432 netsdk.cpp:304]Leave CLIENT_SetAutoReconnect.
[2024-04-12T21:51:37.121 info Netsdk:69989 7988:6432 netsdk.cpp:326]Enter CLIENT_SetConnectTime:[nWaitTime=5000, nTryTimes=1].
[2024-04-12T21:51:37.122 info Netsdk:69989 7988:6432 netsdk.cpp:339]Leave CLIENT_SetConnectTime.
[2024-04-12T21:51:37.122 info Netsdk:69989 7988:6432 netsdk.cpp:352]Enter CLIENT_SetNetworkParam:[nWaittime=0, nConnectTime=10000, nConnectTryNum=0, nSubConnectSpaceTime=0, nGetDevInfoTime=3000, nConnectBufSize=0, nGetConnInfoTime=3000, nSearchRecordTime=0, nsubDisconnetTime=0, byNetType=0, byPlaybackBufSize=0, bDetectDisconnTime=0, bKeepLifeInterval=0, nPicBufSize=0].
[2024-04-12T21:51:37.122 info Netsdk:69989 7988:6432 netsdk.cpp:367]Leave CLIENT_SetNetworkParam.
[2024-04-12T21:51:37.125 info Netsdk:69989 7988:6432 netsdk.cpp:991]Enter CLIENT_LoginWithHighLevelSecurity. pstInParam:0000000022A9B600, pstOutParam:0000000022A6D3A0.
[2024-04-12T21:51:37.125 info Netsdk:69989 7988:6432 netsdk.cpp:1007]IP:49.239.193.148, port:43489, SpeCap:0, CapParam:0000000000000000, TLSCap:0
[2024-04-12T21:51:37.157 info Netsdk:69989 7988:6432 TPTCPClient.cpp:540]Connect Client Ip : 192.168.10.124 
[2024-04-12T21:51:37.157 info Netsdk:69989 7988:6432 TPTCPClient.cpp:541]Connect Client Port : 5273
[2024-04-12T21:51:37.696 info Netsdk:69989 7988:6432 netsdk.cpp:1054]Leave CLIENT_LoginWithHighLevelSecurity. error:0, login ID:0000000027967F50.
[2024-04-12T21:51:37.699 info Netsdk:69989 7988:6432 netsdk.cpp:1656]Enter CLIENT_RealPlayByDataType. lLoginID:0000000027967F50. nChannelID:0. hWnd:0000000000000000
[2024-04-12T21:51:38.272 error Netsdk:69989 7988:6432 Generation2ProtocolSecureTransmit.cpp:661]Not find
[2024-04-12T21:51:38.272 info Netsdk:69989 7988:6432 DevConfigEx.cpp:12265]IN SetupSession PORT=0 and PORT: 43489
[2024-04-12T21:51:38.297 info Netsdk:69989 7988:6432 TPTCPClient.cpp:540]Connect Client Ip : 192.168.10.124 
[2024-04-12T21:51:38.297 info Netsdk:69989 7988:6432 TPTCPClient.cpp:541]Connect Client Port : 5277
[2024-04-12T21:51:38.297 info Netsdk:69989 7988:6432 TcpSocket.cpp:2320]bSetSSL:0, nPolicy:0, nTlsMode:0
[2024-04-12T21:51:38.297 info Netsdk:69989 7988:6432 TcpSocket.cpp:2335]IsStandardTls bSetSSL:0, nPolicy:0, nTlsMode:0
[2024-04-12T21:51:38.324 info Netsdk:69989 7988:6432 netsdk.cpp:1703]Leave CLIENT_RealPlayByDataType. ret:856710240
[2024-04-12T21:51:38.327 info Netsdk:69989 7988:6432 netsdk.cpp:3034]Enter CLIENT_SetRealDataCallBackEx. [lRealHandle=856710240. cbRealData=00000000031E0090, dwUser=0000000000F6DB30. dwFlag=31.]
[2024-04-12T21:51:38.327 info Netsdk:69989 7988:6432 netsdk.cpp:3056]Leave CLIENT_SetRealDataCallBackEx.ret:1.
[2024-04-12T21:51:38.394 error Netsdk:69989 7988:14928 RealPlayAndPlayBackUtil.cpp:468]Render is NULL
[2024-04-12T21:51:38.394 error Netsdk:69989 7988:14928 RealPlayAndPlayBackUtil.cpp:468]Render is NULL
[2024-04-12T21:51:46.488 info Netsdk:69989 7988:4348 netsdk.cpp:245]Enter CLIENT_InitEx:[cbDisConnect=00000000031E0010, dwUser=0000000000000000, lpInitParam=0000000000000000].
[2024-04-12T21:51:46.488 info Netsdk:69989 7988:4348 AVNetSDKMgr.cpp:736]Test avnetsdk module handle: 00000000309F0000

[2024-04-12T21:51:46.488 info Netsdk:69989 7988:4348 netsdk.cpp:268]Leave CLIENT_InitEx.
[2024-04-12T21:51:46.488 info Netsdk:69989 7988:4348 Manager.cpp:17401]-------------------Log file reset, log number:10-log size:10240------------------
