Begin Time:2024-04-15T08:29:35.558
[2024-04-15T08:29:35.558 info Netsdk:69989 10560:8540 AVNetSDKMgr.cpp:504]Load avnetsdk library dynamically
[2024-04-15T08:29:35.561 info Netsdk:69989 10560:8540 AVNetSDKMgr.cpp:549]avnetsdk module handle: 000000002F2B0000

[2024-04-15T08:29:35.561 info Netsdk:69989 10560:8540 AVNetSDKMgr.cpp:823]Load configsdk dynamically
[2024-04-15T08:29:35.563 info Netsdk:69989 10560:8540 netsdk.cpp:302]Enter CLIENT_SetAutoReconnect:[cbAutoConnect=0000000020230050, dwUser=0000000000000000].
[2024-04-15T08:29:35.563 info Netsdk:69989 10560:8540 netsdk.cpp:304]Leave CLIENT_SetAutoReconnect.
[2024-04-15T08:29:35.563 info Netsdk:69989 10560:8540 netsdk.cpp:326]Enter CLIENT_SetConnectTime:[nWaitTime=5000, nTryTimes=1].
[2024-04-15T08:29:35.563 info Netsdk:69989 10560:8540 netsdk.cpp:339]Leave CLIENT_SetConnectTime.
[2024-04-15T08:29:35.564 info Netsdk:69989 10560:8540 netsdk.cpp:352]Enter CLIENT_SetNetworkParam:[nWaittime=0, nConnectTime=10000, nConnectTryNum=0, nSubConnectSpaceTime=0, nGetDevInfoTime=3000, nConnectBufSize=0, nGetConnInfoTime=3000, nSearchRecordTime=0, nsubDisconnetTime=0, byNetType=0, byPlaybackBufSize=0, bDetectDisconnTime=0, bKeepLifeInterval=0, nPicBufSize=0].
[2024-04-15T08:29:35.564 info Netsdk:69989 10560:8540 netsdk.cpp:367]Leave CLIENT_SetNetworkParam.
[2024-04-15T08:29:35.565 info Netsdk:69989 10560:8540 netsdk.cpp:991]Enter CLIENT_LoginWithHighLevelSecurity. pstInParam:0000000022BC9AA0, pstOutParam:0000000022B70CE0.
[2024-04-15T08:29:35.565 info Netsdk:69989 10560:8540 netsdk.cpp:1007]IP:49.239.193.148, port:43489, SpeCap:0, CapParam:0000000000000000, TLSCap:0
[2024-04-15T08:29:35.592 info Netsdk:69989 10560:8540 TPTCPClient.cpp:540]Connect Client Ip : 192.168.10.124 
[2024-04-15T08:29:35.592 info Netsdk:69989 10560:8540 TPTCPClient.cpp:541]Connect Client Port : 13549
[2024-04-15T08:29:36.142 info Netsdk:69989 10560:8540 netsdk.cpp:1054]Leave CLIENT_LoginWithHighLevelSecurity. error:0, login ID:0000000027657FA0.
[2024-04-15T08:29:36.146 info Netsdk:69989 10560:8540 netsdk.cpp:1656]Enter CLIENT_RealPlayByDataType. lLoginID:0000000027657FA0. nChannelID:0. hWnd:0000000000000000
[2024-04-15T08:29:36.586 error Netsdk:69989 10560:8540 Generation2ProtocolSecureTransmit.cpp:661]Not find
[2024-04-15T08:29:36.586 info Netsdk:69989 10560:8540 DevConfigEx.cpp:12265]IN SetupSession PORT=0 and PORT: 43489
[2024-04-15T08:29:36.613 info Netsdk:69989 10560:8540 TPTCPClient.cpp:540]Connect Client Ip : 192.168.10.124 
[2024-04-15T08:29:36.613 info Netsdk:69989 10560:8540 TPTCPClient.cpp:541]Connect Client Port : 13552
[2024-04-15T08:29:36.613 info Netsdk:69989 10560:8540 TcpSocket.cpp:2320]bSetSSL:0, nPolicy:0, nTlsMode:0
[2024-04-15T08:29:36.613 info Netsdk:69989 10560:8540 TcpSocket.cpp:2335]IsStandardTls bSetSSL:0, nPolicy:0, nTlsMode:0
[2024-04-15T08:29:36.640 info Netsdk:69989 10560:8540 netsdk.cpp:1703]Leave CLIENT_RealPlayByDataType. ret:661054544
[2024-04-15T08:29:36.651 info Netsdk:69989 10560:8540 netsdk.cpp:3034]Enter CLIENT_SetRealDataCallBackEx. [lRealHandle=661054544. cbRealData=0000000020230090, dwUser=0000000000CFAA00. dwFlag=31.]
[2024-04-15T08:29:36.651 info Netsdk:69989 10560:8540 netsdk.cpp:3056]Leave CLIENT_SetRealDataCallBackEx.ret:1.
[2024-04-15T08:29:36.725 error Netsdk:69989 10560:4540 RealPlayAndPlayBackUtil.cpp:468]Render is NULL
[2024-04-15T08:29:36.725 error Netsdk:69989 10560:4540 RealPlayAndPlayBackUtil.cpp:468]Render is NULL
[2024-04-15T08:49:03.994 info Netsdk:69989 10560:9660 netsdk.cpp:2091]Enter CLIENT_StopRealPlayEx. lRealHandle:661054544.
[2024-04-15T08:49:03.995 info Netsdk:69989 10560:9660 netsdk.cpp:2105]Leave CLIENT_StopRealPlayEx. ret:1
