Begin Time:2024-04-12T21:22:38.940
[2024-04-12T21:22:38.941 info Netsdk:69989 7060:4352 netsdk.cpp:302]Enter CLIENT_SetAutoReconnect:[cbAutoConnect=0000000001740050, dwUser=0000000000000000].
[2024-04-12T21:22:38.941 info Netsdk:69989 7060:4352 netsdk.cpp:304]Leave CLIENT_SetAutoReconnect.
[2024-04-12T21:22:38.941 info Netsdk:69989 7060:4352 netsdk.cpp:326]Enter CLIENT_SetConnectTime:[nWaitTime=5000, nTryTimes=1].
[2024-04-12T21:22:38.941 info Netsdk:69989 7060:4352 netsdk.cpp:339]Leave CLIENT_SetConnectTime.
[2024-04-12T21:22:38.941 info Netsdk:69989 7060:4352 netsdk.cpp:352]Enter CLIENT_SetNetworkParam:[nWaittime=0, nConnectTime=10000, nConnectTryNum=0, nSubConnectSpaceTime=0, nGetDevInfoTime=3000, nConnectBufSize=0, nGetConnInfoTime=3000, nSearchRecordTime=0, nsubDisconnetTime=0, byNetType=0, byPlaybackBufSize=0, bDetectDisconnTime=0, bKeepLifeInterval=0, nPicBufSize=0].
[2024-04-12T21:22:38.941 info Netsdk:69989 7060:4352 netsdk.cpp:367]Leave CLIENT_SetNetworkParam.
[2024-04-12T21:22:38.941 info Netsdk:69989 7060:4352 netsdk.cpp:1656]Enter CLIENT_RealPlayByDataType. lLoginID:000000002829D690. nChannelID:0. hWnd:0000000000000000
[2024-04-12T21:22:38.985 error Netsdk:69989 7060:4352 Generation2ProtocolSecureTransmit.cpp:661]Not find
[2024-04-12T21:22:38.985 info Netsdk:69989 7060:4352 DevConfigEx.cpp:12265]IN SetupSession PORT=0 and PORT: 43489
[2024-04-12T21:22:39.017 info Netsdk:69989 7060:4352 TPTCPClient.cpp:540]Connect Client Ip : 192.168.10.124 
[2024-04-12T21:22:39.017 info Netsdk:69989 7060:4352 TPTCPClient.cpp:541]Connect Client Port : 10728
[2024-04-12T21:22:39.017 info Netsdk:69989 7060:4352 TcpSocket.cpp:2320]bSetSSL:0, nPolicy:0, nTlsMode:0
[2024-04-12T21:22:39.017 info Netsdk:69989 7060:4352 TcpSocket.cpp:2335]IsStandardTls bSetSSL:0, nPolicy:0, nTlsMode:0
[2024-04-12T21:22:39.056 info Netsdk:69989 7060:4352 netsdk.cpp:1703]Leave CLIENT_RealPlayByDataType. ret:845349024
[2024-04-12T21:22:39.056 info Netsdk:69989 7060:4352 netsdk.cpp:3034]Enter CLIENT_SetRealDataCallBackEx. [lRealHandle=845349024. cbRealData=0000000001740090, dwUser=000000000136BC20. dwFlag=31.]
[2024-04-12T21:22:39.056 info Netsdk:69989 7060:4352 netsdk.cpp:3056]Leave CLIENT_SetRealDataCallBackEx.ret:1.
[2024-04-12T21:22:39.143 error Netsdk:69989 7060:17900 RealPlayAndPlayBackUtil.cpp:468]Render is NULL
[2024-04-12T21:22:39.143 error Netsdk:69989 7060:17900 RealPlayAndPlayBackUtil.cpp:468]Render is NULL
[2024-04-12T21:22:48.956 info Netsdk:69989 7060:5708 netsdk.cpp:2091]Enter CLIENT_StopRealPlayEx. lRealHandle:845349024.
[2024-04-12T21:22:48.957 info Netsdk:69989 7060:5708 netsdk.cpp:2105]Leave CLIENT_StopRealPlayEx. ret:1
[2024-04-12T21:23:48.300 info Netsdk:69989 7060:5708 netsdk.cpp:245]Enter CLIENT_InitEx:[cbDisConnect=0000000001740010, dwUser=0000000000000000, lpInitParam=0000000000000000].
[2024-04-12T21:23:48.300 info Netsdk:69989 7060:5708 AVNetSDKMgr.cpp:736]Test avnetsdk module handle: 000000002FA40000

[2024-04-12T21:23:48.300 info Netsdk:69989 7060:5708 netsdk.cpp:268]Leave CLIENT_InitEx.
[2024-04-12T21:23:48.301 info Netsdk:69989 7060:5708 Manager.cpp:17401]-------------------Log file reset, log number:10-log size:10240------------------
