Begin Time:2024-04-15T10:52:07.915
[2024-04-15T10:52:07.915 info Netsdk:69989 9444:5116 AVNetSDKMgr.cpp:504]Load avnetsdk library dynamically
[2024-04-15T10:52:07.919 info Netsdk:69989 9444:5116 AVNetSDKMgr.cpp:549]avnetsdk module handle: 00000000302F0000

[2024-04-15T10:52:07.919 info Netsdk:69989 9444:5116 AVNetSDKMgr.cpp:823]Load configsdk dynamically
[2024-04-15T10:52:07.922 info Netsdk:69989 9444:5116 netsdk.cpp:302]Enter CLIENT_SetAutoReconnect:[cbAutoConnect=00000000247F0050, dwUser=0000000000000000].
[2024-04-15T10:52:07.922 info Netsdk:69989 9444:5116 netsdk.cpp:304]Leave CLIENT_SetAutoReconnect.
[2024-04-15T10:52:07.922 info Netsdk:69989 9444:5116 netsdk.cpp:326]Enter CLIENT_SetConnectTime:[nWaitTime=5000, nTryTimes=1].
[2024-04-15T10:52:07.922 info Netsdk:69989 9444:5116 netsdk.cpp:339]Leave CLIENT_SetConnectTime.
[2024-04-15T10:52:07.922 info Netsdk:69989 9444:5116 netsdk.cpp:352]Enter CLIENT_SetNetworkParam:[nWaittime=0, nConnectTime=10000, nConnectTryNum=0, nSubConnectSpaceTime=0, nGetDevInfoTime=3000, nConnectBufSize=0, nGetConnInfoTime=3000, nSearchRecordTime=0, nsubDisconnetTime=0, byNetType=0, byPlaybackBufSize=0, bDetectDisconnTime=0, bKeepLifeInterval=0, nPicBufSize=0].
[2024-04-15T10:52:07.922 info Netsdk:69989 9444:5116 netsdk.cpp:367]Leave CLIENT_SetNetworkParam.
[2024-04-15T10:52:07.924 info Netsdk:69989 9444:5116 netsdk.cpp:991]Enter CLIENT_LoginWithHighLevelSecurity. pstInParam:00000000009B5850, pstOutParam:00000000009901D0.
[2024-04-15T10:52:07.924 info Netsdk:69989 9444:5116 netsdk.cpp:1007]IP:49.239.193.148, port:43489, SpeCap:0, CapParam:0000000000000000, TLSCap:0
[2024-04-15T10:52:07.949 info Netsdk:69989 9444:5116 TPTCPClient.cpp:540]Connect Client Ip : 192.168.10.124 
[2024-04-15T10:52:07.949 info Netsdk:69989 9444:5116 TPTCPClient.cpp:541]Connect Client Port : 2180
[2024-04-15T10:52:08.450 info Netsdk:69989 9444:5116 netsdk.cpp:1054]Leave CLIENT_LoginWithHighLevelSecurity. error:0, login ID:00000000272E7F50.
[2024-04-15T10:52:08.456 info Netsdk:69989 9444:5116 netsdk.cpp:1656]Enter CLIENT_RealPlayByDataType. lLoginID:00000000272E7F50. nChannelID:0. hWnd:0000000000000000
[2024-04-15T10:52:08.916 error Netsdk:69989 9444:5116 Generation2ProtocolSecureTransmit.cpp:661]Not find
[2024-04-15T10:52:08.916 info Netsdk:69989 9444:5116 DevConfigEx.cpp:12265]IN SetupSession PORT=0 and PORT: 43489
[2024-04-15T10:52:08.952 info Netsdk:69989 9444:5116 TPTCPClient.cpp:540]Connect Client Ip : 192.168.10.124 
[2024-04-15T10:52:08.952 info Netsdk:69989 9444:5116 TPTCPClient.cpp:541]Connect Client Port : 5334
[2024-04-15T10:52:08.952 info Netsdk:69989 9444:5116 TcpSocket.cpp:2320]bSetSSL:0, nPolicy:0, nTlsMode:0
[2024-04-15T10:52:08.952 info Netsdk:69989 9444:5116 TcpSocket.cpp:2335]IsStandardTls bSetSSL:0, nPolicy:0, nTlsMode:0
[2024-04-15T10:52:08.979 info Netsdk:69989 9444:5116 netsdk.cpp:1703]Leave CLIENT_RealPlayByDataType. ret:657463616
[2024-04-15T10:52:08.982 info Netsdk:69989 9444:5116 netsdk.cpp:3034]Enter CLIENT_SetRealDataCallBackEx. [lRealHandle=657463616. cbRealData=00000000247F0090, dwUser=0000000000964A50. dwFlag=31.]
[2024-04-15T10:52:08.982 info Netsdk:69989 9444:5116 netsdk.cpp:3056]Leave CLIENT_SetRealDataCallBackEx.ret:1.
[2024-04-15T10:52:09.045 error Netsdk:69989 9444:1168 RealPlayAndPlayBackUtil.cpp:468]Render is NULL
[2024-04-15T10:52:09.045 error Netsdk:69989 9444:1168 RealPlayAndPlayBackUtil.cpp:468]Render is NULL
[2024-04-15T10:52:18.590 info Netsdk:69989 9444:10352 netsdk.cpp:2091]Enter CLIENT_StopRealPlayEx. lRealHandle:657463616.
[2024-04-15T10:52:18.590 info Netsdk:69989 9444:10352 netsdk.cpp:2105]Leave CLIENT_StopRealPlayEx. ret:1
[2024-04-15T10:52:18.823 info Netsdk:69989 9444:10884 netsdk.cpp:245]Enter CLIENT_InitEx:[cbDisConnect=00000000247F0010, dwUser=0000000000000000, lpInitParam=0000000000000000].
[2024-04-15T10:52:18.823 info Netsdk:69989 9444:10884 AVNetSDKMgr.cpp:736]Test avnetsdk module handle: 00000000302F0000

[2024-04-15T10:52:18.823 info Netsdk:69989 9444:10884 netsdk.cpp:268]Leave CLIENT_InitEx.
[2024-04-15T10:52:18.823 info Netsdk:69989 9444:10884 Manager.cpp:17401]-------------------Log file reset, log number:10-log size:10240------------------
