Begin Time:2024-04-12T21:57:44.348
[2024-04-12T21:57:44.348 info Netsdk:69989 2512:5088 AVNetSDKMgr.cpp:504]Load avnetsdk library dynamically
[2024-04-12T21:57:44.351 info Netsdk:69989 2512:5088 AVNetSDKMgr.cpp:549]avnetsdk module handle: 000000002F140000

[2024-04-12T21:57:44.351 info Netsdk:69989 2512:5088 AVNetSDKMgr.cpp:823]Load configsdk dynamically
[2024-04-12T21:57:44.352 info Netsdk:69989 2512:5088 netsdk.cpp:302]Enter CLIENT_SetAutoReconnect:[cbAutoConnect=0000000003220050, dwUser=0000000000000000].
[2024-04-12T21:57:44.352 info Netsdk:69989 2512:5088 netsdk.cpp:304]Leave CLIENT_SetAutoReconnect.
[2024-04-12T21:57:44.353 info Netsdk:69989 2512:5088 netsdk.cpp:326]Enter CLIENT_SetConnectTime:[nWaitTime=5000, nTryTimes=1].
[2024-04-12T21:57:44.353 info Netsdk:69989 2512:5088 netsdk.cpp:339]Leave CLIENT_SetConnectTime.
[2024-04-12T21:57:44.353 info Netsdk:69989 2512:5088 netsdk.cpp:352]Enter CLIENT_SetNetworkParam:[nWaittime=0, nConnectTime=10000, nConnectTryNum=0, nSubConnectSpaceTime=0, nGetDevInfoTime=3000, nConnectBufSize=0, nGetConnInfoTime=3000, nSearchRecordTime=0, nsubDisconnetTime=0, byNetType=0, byPlaybackBufSize=0, bDetectDisconnTime=0, bKeepLifeInterval=0, nPicBufSize=0].
[2024-04-12T21:57:44.353 info Netsdk:69989 2512:5088 netsdk.cpp:367]Leave CLIENT_SetNetworkParam.
[2024-04-12T21:57:44.355 info Netsdk:69989 2512:5088 netsdk.cpp:991]Enter CLIENT_LoginWithHighLevelSecurity. pstInParam:0000000000E258C0, pstOutParam:0000000000E63950.
[2024-04-12T21:57:44.355 info Netsdk:69989 2512:5088 netsdk.cpp:1007]IP:49.239.193.148, port:43489, SpeCap:0, CapParam:0000000000000000, TLSCap:0
[2024-04-12T21:57:44.386 info Netsdk:69989 2512:5088 TPTCPClient.cpp:540]Connect Client Ip : 192.168.10.124 
[2024-04-12T21:57:44.386 info Netsdk:69989 2512:5088 TPTCPClient.cpp:541]Connect Client Port : 11715
[2024-04-12T21:57:45.090 info Netsdk:69989 2512:5088 netsdk.cpp:1054]Leave CLIENT_LoginWithHighLevelSecurity. error:0, login ID:0000000027827F50.
[2024-04-12T21:57:45.094 info Netsdk:69989 2512:5088 netsdk.cpp:1656]Enter CLIENT_RealPlayByDataType. lLoginID:0000000027827F50. nChannelID:0. hWnd:0000000000000000
[2024-04-12T21:57:45.626 error Netsdk:69989 2512:5088 Generation2ProtocolSecureTransmit.cpp:661]Not find
[2024-04-12T21:57:45.626 info Netsdk:69989 2512:5088 DevConfigEx.cpp:12265]IN SetupSession PORT=0 and PORT: 43489
[2024-04-12T21:57:45.653 info Netsdk:69989 2512:5088 TPTCPClient.cpp:540]Connect Client Ip : 192.168.10.124 
[2024-04-12T21:57:45.653 info Netsdk:69989 2512:5088 TPTCPClient.cpp:541]Connect Client Port : 11718
[2024-04-12T21:57:45.653 info Netsdk:69989 2512:5088 TcpSocket.cpp:2320]bSetSSL:0, nPolicy:0, nTlsMode:0
[2024-04-12T21:57:45.653 info Netsdk:69989 2512:5088 TcpSocket.cpp:2335]IsStandardTls bSetSSL:0, nPolicy:0, nTlsMode:0
[2024-04-12T21:57:45.681 info Netsdk:69989 2512:5088 netsdk.cpp:1703]Leave CLIENT_RealPlayByDataType. ret:662955008
[2024-04-12T21:57:45.685 info Netsdk:69989 2512:5088 netsdk.cpp:3034]Enter CLIENT_SetRealDataCallBackEx. [lRealHandle=662955008. cbRealData=0000000003220090, dwUser=0000000022BFF970. dwFlag=31.]
[2024-04-12T21:57:45.685 info Netsdk:69989 2512:5088 netsdk.cpp:3056]Leave CLIENT_SetRealDataCallBackEx.ret:1.
[2024-04-12T21:57:45.749 error Netsdk:69989 2512:7436 RealPlayAndPlayBackUtil.cpp:468]Render is NULL
[2024-04-12T21:57:45.749 error Netsdk:69989 2512:7436 RealPlayAndPlayBackUtil.cpp:468]Render is NULL
[2024-04-12T21:58:00.130 info Netsdk:69989 2512:4932 netsdk.cpp:2091]Enter CLIENT_StopRealPlayEx. lRealHandle:662955008.
[2024-04-12T21:58:00.130 info Netsdk:69989 2512:4932 netsdk.cpp:2105]Leave CLIENT_StopRealPlayEx. ret:1
[2024-04-12T21:58:00.130 info Netsdk:69989 2512:4932 netsdk.cpp:2091]Enter CLIENT_StopRealPlayEx. lRealHandle:662955008.
[2024-04-12T21:58:00.130 info Netsdk:69989 2512:4932 netsdk.cpp:2105]Leave CLIENT_StopRealPlayEx. ret:0
[2024-04-12T21:58:00.130 info Netsdk:69989 2512:4932 netsdk.cpp:2091]Enter CLIENT_StopRealPlayEx. lRealHandle:662955008.
[2024-04-12T21:58:00.130 info Netsdk:69989 2512:4932 netsdk.cpp:2105]Leave CLIENT_StopRealPlayEx. ret:0
[2024-04-12T21:58:00.130 info Netsdk:69989 2512:4932 netsdk.cpp:2091]Enter CLIENT_StopRealPlayEx. lRealHandle:662955008.
[2024-04-12T21:58:00.130 info Netsdk:69989 2512:4932 netsdk.cpp:2105]Leave CLIENT_StopRealPlayEx. ret:0
[2024-04-12T21:58:00.426 info Netsdk:69989 2512:4992 netsdk.cpp:245]Enter CLIENT_InitEx:[cbDisConnect=0000000003220010, dwUser=0000000000000000, lpInitParam=0000000000000000].
[2024-04-12T21:58:00.426 info Netsdk:69989 2512:4992 AVNetSDKMgr.cpp:736]Test avnetsdk module handle: 000000002F140000

[2024-04-12T21:58:00.426 info Netsdk:69989 2512:4992 netsdk.cpp:268]Leave CLIENT_InitEx.
[2024-04-12T21:58:00.427 info Netsdk:69989 2512:4992 Manager.cpp:17401]-------------------Log file reset, log number:10-log size:10240------------------
