Begin Time:2024-04-15T11:55:34.439
[2024-04-15T11:55:34.440 info Netsdk:69989 2940:17124 AVNetSDKMgr.cpp:504]Load avnetsdk library dynamically
[2024-04-15T11:55:34.445 info Netsdk:69989 2940:15180 AVNetSDKMgr.cpp:736]Test avnetsdk module handle: 000000002F540000

[2024-04-15T11:55:34.445 info Netsdk:69989 2940:15180 netsdk.cpp:268]Leave CLIENT_InitEx.
[2024-04-15T11:55:34.445 info Netsdk:69989 2940:17124 AVNetSDKMgr.cpp:549]avnetsdk module handle: 000000002F540000

[2024-04-15T11:55:34.445 info Netsdk:69989 2940:17124 AVNetSDKMgr.cpp:823]Load configsdk dynamically
[2024-04-15T11:55:34.445 info Netsdk:69989 2940:15180 Manager.cpp:17401]-------------------Log file reset, log number:10-log size:10240------------------
Begin Time:2024-04-15T11:55:34.447
[2024-04-15T11:55:34.447 info Netsdk:69989 2940:17124 netsdk.cpp:302]Enter CLIENT_SetAutoReconnect:[cbAutoConnect=00000000204F0050, dwUser=0000000000000000].
[2024-04-15T11:55:34.447 info Netsdk:69989 2940:17124 netsdk.cpp:304]Leave CLIENT_SetAutoReconnect.
[2024-04-15T11:55:34.447 info Netsdk:69989 2940:15180 netsdk.cpp:302]Enter CLIENT_SetAutoReconnect:[cbAutoConnect=00000000204F0050, dwUser=0000000000000000].
[2024-04-15T11:55:34.447 info Netsdk:69989 2940:15180 netsdk.cpp:304]Leave CLIENT_SetAutoReconnect.
[2024-04-15T11:55:34.447 info Netsdk:69989 2940:17124 netsdk.cpp:326]Enter CLIENT_SetConnectTime:[nWaitTime=5000, nTryTimes=1].
[2024-04-15T11:55:34.447 info Netsdk:69989 2940:15180 netsdk.cpp:326]Enter CLIENT_SetConnectTime:[nWaitTime=5000, nTryTimes=1].
[2024-04-15T11:55:34.447 info Netsdk:69989 2940:15180 netsdk.cpp:339]Leave CLIENT_SetConnectTime.
[2024-04-15T11:55:34.447 info Netsdk:69989 2940:17124 netsdk.cpp:339]Leave CLIENT_SetConnectTime.
[2024-04-15T11:55:34.447 info Netsdk:69989 2940:17124 netsdk.cpp:352]Enter CLIENT_SetNetworkParam:[nWaittime=0, nConnectTime=10000, nConnectTryNum=0, nSubConnectSpaceTime=0, nGetDevInfoTime=3000, nConnectBufSize=0, nGetConnInfoTime=3000, nSearchRecordTime=0, nsubDisconnetTime=0, byNetType=0, byPlaybackBufSize=0, bDetectDisconnTime=0, bKeepLifeInterval=0, nPicBufSize=0].
[2024-04-15T11:55:34.447 info Netsdk:69989 2940:15180 netsdk.cpp:352]Enter CLIENT_SetNetworkParam:[nWaittime=0, nConnectTime=10000, nConnectTryNum=0, nSubConnectSpaceTime=0, nGetDevInfoTime=3000, nConnectBufSize=0, nGetConnInfoTime=3000, nSearchRecordTime=0, nsubDisconnetTime=0, byNetType=0, byPlaybackBufSize=0, bDetectDisconnTime=0, bKeepLifeInterval=0, nPicBufSize=0].
[2024-04-15T11:55:34.447 info Netsdk:69989 2940:15180 netsdk.cpp:367]Leave CLIENT_SetNetworkParam.
[2024-04-15T11:55:34.447 info Netsdk:69989 2940:17124 netsdk.cpp:367]Leave CLIENT_SetNetworkParam.
[2024-04-15T11:55:34.449 info Netsdk:69989 2940:15180 netsdk.cpp:991]Enter CLIENT_LoginWithHighLevelSecurity. pstInParam:0000000000F58860, pstOutParam:0000000000F8E310.
[2024-04-15T11:55:34.449 info Netsdk:69989 2940:15180 netsdk.cpp:1007]IP:49.239.193.148, port:43489, SpeCap:0, CapParam:0000000000000000, TLSCap:0
[2024-04-15T11:55:34.449 info Netsdk:69989 2940:17124 netsdk.cpp:991]Enter CLIENT_LoginWithHighLevelSecurity. pstInParam:0000000000F59670, pstOutParam:0000000000F8D410.
[2024-04-15T11:55:34.449 info Netsdk:69989 2940:17124 netsdk.cpp:1007]IP:49.239.193.148, port:43489, SpeCap:0, CapParam:0000000000000000, TLSCap:0
[2024-04-15T11:55:34.475 info Netsdk:69989 2940:17124 TPTCPClient.cpp:540]Connect Client Ip : 192.168.10.124 
[2024-04-15T11:55:34.475 info Netsdk:69989 2940:17124 TPTCPClient.cpp:541]Connect Client Port : 9836
[2024-04-15T11:55:34.481 info Netsdk:69989 2940:15180 TPTCPClient.cpp:540]Connect Client Ip : 192.168.10.124 
[2024-04-15T11:55:34.481 info Netsdk:69989 2940:15180 TPTCPClient.cpp:541]Connect Client Port : 9835
[2024-04-15T11:55:35.033 info Netsdk:69989 2940:17124 netsdk.cpp:1054]Leave CLIENT_LoginWithHighLevelSecurity. error:0, login ID:0000000027BF7F60.
[2024-04-15T11:55:35.037 info Netsdk:69989 2940:17124 netsdk.cpp:1656]Enter CLIENT_RealPlayByDataType. lLoginID:0000000027BF7F60. nChannelID:0. hWnd:0000000000000000
[2024-04-15T11:55:35.221 info Netsdk:69989 2940:15180 netsdk.cpp:1054]Leave CLIENT_LoginWithHighLevelSecurity. error:0, login ID:0000000027BFCA60.
[2024-04-15T11:55:35.621 error Netsdk:69989 2940:17124 Generation2ProtocolSecureTransmit.cpp:661]Not find
[2024-04-15T11:55:35.621 info Netsdk:69989 2940:17124 DevConfigEx.cpp:12265]IN SetupSession PORT=0 and PORT: 43489
[2024-04-15T11:55:35.648 info Netsdk:69989 2940:17124 TPTCPClient.cpp:540]Connect Client Ip : 192.168.10.124 
[2024-04-15T11:55:35.648 info Netsdk:69989 2940:17124 TPTCPClient.cpp:541]Connect Client Port : 9839
[2024-04-15T11:55:35.648 info Netsdk:69989 2940:17124 TcpSocket.cpp:2320]bSetSSL:0, nPolicy:0, nTlsMode:0
[2024-04-15T11:55:35.648 info Netsdk:69989 2940:17124 TcpSocket.cpp:2335]IsStandardTls bSetSSL:0, nPolicy:0, nTlsMode:0
[2024-04-15T11:55:35.675 info Netsdk:69989 2940:17124 netsdk.cpp:1703]Leave CLIENT_RealPlayByDataType. ret:666900320
[2024-04-15T11:55:35.677 info Netsdk:69989 2940:17124 netsdk.cpp:3034]Enter CLIENT_SetRealDataCallBackEx. [lRealHandle=666900320. cbRealData=00000000204F0090, dwUser=0000000000000000. dwFlag=31.]
[2024-04-15T11:55:35.677 info Netsdk:69989 2940:17124 netsdk.cpp:3056]Leave CLIENT_SetRealDataCallBackEx.ret:1.
[2024-04-15T11:55:35.758 error Netsdk:69989 2940:17960 RealPlayAndPlayBackUtil.cpp:468]Render is NULL
[2024-04-15T11:55:35.758 error Netsdk:69989 2940:17960 RealPlayAndPlayBackUtil.cpp:468]Render is NULL
[2024-04-15T11:55:56.892 info Netsdk:69989 2940:13704 netsdk.cpp:245]Enter CLIENT_InitEx:[cbDisConnect=00000000204F0010, dwUser=0000000000000000, lpInitParam=0000000000000000].
[2024-04-15T11:55:56.892 info Netsdk:69989 2940:13704 AVNetSDKMgr.cpp:736]Test avnetsdk module handle: 000000002F540000

[2024-04-15T11:55:56.892 info Netsdk:69989 2940:13704 netsdk.cpp:268]Leave CLIENT_InitEx.
[2024-04-15T11:55:56.892 info Netsdk:69989 2940:13704 Manager.cpp:17401]-------------------Log file reset, log number:10-log size:10240------------------
