Begin Time:2024-04-12T19:23:39.446
[2024-04-12T19:23:39.446 info Netsdk:69989 19936:21280 netsdk.cpp:302]Enter CLIENT_SetAutoReconnect:[cbAutoConnect=0000000002B70050, dwUser=0000000000000000].
[2024-04-12T19:23:39.446 info Netsdk:69989 19936:21280 netsdk.cpp:304]Leave CLIENT_SetAutoReconnect.
[2024-04-12T19:23:39.446 info Netsdk:69989 19936:21280 netsdk.cpp:326]Enter CLIENT_SetConnectTime:[nWaitTime=5000, nTryTimes=1].
[2024-04-12T19:23:39.446 info Netsdk:69989 19936:21280 netsdk.cpp:339]Leave CLIENT_SetConnectTime.
[2024-04-12T19:23:39.446 info Netsdk:69989 19936:21280 netsdk.cpp:352]Enter CLIENT_SetNetworkParam:[nWaittime=0, nConnectTime=10000, nConnectTryNum=0, nSubConnectSpaceTime=0, nGetDevInfoTime=3000, nConnectBufSize=0, nGetConnInfoTime=3000, nSearchRecordTime=0, nsubDisconnetTime=0, byNetType=0, byPlaybackBufSize=0, bDetectDisconnTime=0, bKeepLifeInterval=0, nPicBufSize=0].
[2024-04-12T19:23:39.453 info Netsdk:69989 19936:21280 netsdk.cpp:367]Leave CLIENT_SetNetworkParam.
[2024-04-12T19:23:39.453 info Netsdk:69989 19936:21280 netsdk.cpp:1656]Enter CLIENT_RealPlayByDataType. lLoginID:0000000027177F50. nChannelID:0. hWnd:0000000000000000
[2024-04-12T19:23:39.489 error Netsdk:69989 19936:21280 Generation2ProtocolSecureTransmit.cpp:661]Not find
[2024-04-12T19:23:39.489 info Netsdk:69989 19936:21280 DevConfigEx.cpp:12265]IN SetupSession PORT=0 and PORT: 43489
[2024-04-12T19:23:39.514 info Netsdk:69989 19936:21280 TPTCPClient.cpp:540]Connect Client Ip : 192.168.10.124 
[2024-04-12T19:23:39.514 info Netsdk:69989 19936:21280 TPTCPClient.cpp:541]Connect Client Port : 6710
[2024-04-12T19:23:39.514 info Netsdk:69989 19936:21280 TcpSocket.cpp:2320]bSetSSL:0, nPolicy:0, nTlsMode:0
[2024-04-12T19:23:39.514 info Netsdk:69989 19936:21280 TcpSocket.cpp:2335]IsStandardTls bSetSSL:0, nPolicy:0, nTlsMode:0
[2024-04-12T19:23:39.544 info Netsdk:69989 19936:21280 netsdk.cpp:1703]Leave CLIENT_RealPlayByDataType. ret:827468896
[2024-04-12T19:23:39.545 info Netsdk:69989 19936:21280 netsdk.cpp:3034]Enter CLIENT_SetRealDataCallBackEx. [lRealHandle=827468896. cbRealData=0000000002B70090, dwUser=0000000022365E00. dwFlag=31.]
[2024-04-12T19:23:39.545 info Netsdk:69989 19936:21280 netsdk.cpp:3056]Leave CLIENT_SetRealDataCallBackEx.ret:1.
[2024-04-12T19:23:39.612 error Netsdk:69989 19936:22064 RealPlayAndPlayBackUtil.cpp:468]Render is NULL
[2024-04-12T19:23:39.612 error Netsdk:69989 19936:22064 RealPlayAndPlayBackUtil.cpp:468]Render is NULL
[2024-04-12T19:23:41.374 info Netsdk:69989 19936:24536 netsdk.cpp:2091]Enter CLIENT_StopRealPlayEx. lRealHandle:655861296.
[2024-04-12T19:23:41.391 info Netsdk:69989 19936:12868 netsdk.cpp:2091]Enter CLIENT_StopRealPlayEx. lRealHandle:827468896.
[2024-04-12T19:23:41.586 info Netsdk:69989 19936:25276 netsdk.cpp:2091]Enter CLIENT_StopRealPlayEx. lRealHandle:827468896.
[2024-04-12T19:23:41.590 error Netsdk:69989 19936:16788 TcpSocket.cpp:1557]exlen size add head_size is over buff len, extlen:489017966,Len:51200
[2024-04-12T19:23:41.590 info Netsdk:69989 19936:16788 TcpSocket.cpp:1560]34 78 5B ED 6E D2 25 1D D5 62 E3 63 F8 A7 BC 45 8A 57 BD FF 30 83 E4 49 2E A8 70 6A AB A4 34 D0 
[2024-04-12T19:23:41.590 error Netsdk:69989 19936:16788 TcpSocket.cpp:1566]Ext len too long, size:489017966, ip:49.239.193.148, port:43489
[2024-04-12T19:23:41.590 error Netsdk:69989 19936:16788 TPTCPClient.cpp:286]Device is not online
[2024-04-12T19:23:41.591 info Netsdk:69989 19936:24536 netsdk.cpp:2105]Leave CLIENT_StopRealPlayEx. ret:1
[2024-04-12T19:23:41.591 info Netsdk:69989 19936:12868 netsdk.cpp:2105]Leave CLIENT_StopRealPlayEx. ret:1
[2024-04-12T19:23:41.591 info Netsdk:69989 19936:25276 netsdk.cpp:2105]Leave CLIENT_StopRealPlayEx. ret:0
[2024-04-12T19:23:41.805 info Netsdk:69989 19936:26664 netsdk.cpp:2091]Enter CLIENT_StopRealPlayEx. lRealHandle:826396736.
[2024-04-12T19:23:41.805 info Netsdk:69989 19936:26664 netsdk.cpp:2105]Leave CLIENT_StopRealPlayEx. ret:1
[2024-04-12T19:23:41.908 info Netsdk:69989 19936:25696 netsdk.cpp:245]Enter CLIENT_InitEx:[cbDisConnect=0000000002B70010, dwUser=0000000000000000, lpInitParam=0000000000000000].
[2024-04-12T19:23:41.908 info Netsdk:69989 19936:25696 AVNetSDKMgr.cpp:736]Test avnetsdk module handle: 000000002ED20000

[2024-04-12T19:23:41.908 info Netsdk:69989 19936:25696 netsdk.cpp:268]Leave CLIENT_InitEx.
[2024-04-12T19:23:41.908 info Netsdk:69989 19936:25696 Manager.cpp:17401]-------------------Log file reset, log number:10-log size:10240------------------
