Begin Time:2024-04-12T19:14:48.033
[2024-04-12T19:14:48.033 info Netsdk:69989 26420:6120 netsdk.cpp:302]Enter CLIENT_SetAutoReconnect:[cbAutoConnect=00000000008C0050, dwUser=0000000000000000].
[2024-04-12T19:14:48.033 info Netsdk:69989 26420:6120 netsdk.cpp:304]Leave CLIENT_SetAutoReconnect.
[2024-04-12T19:14:48.033 info Netsdk:69989 26420:6120 netsdk.cpp:326]Enter CLIENT_SetConnectTime:[nWaitTime=5000, nTryTimes=1].
[2024-04-12T19:14:48.033 info Netsdk:69989 26420:6120 netsdk.cpp:339]Leave CLIENT_SetConnectTime.
[2024-04-12T19:14:48.034 info Netsdk:69989 26420:6120 netsdk.cpp:352]Enter CLIENT_SetNetworkParam:[nWaittime=0, nConnectTime=10000, nConnectTryNum=0, nSubConnectSpaceTime=0, nGetDevInfoTime=3000, nConnectBufSize=0, nGetConnInfoTime=3000, nSearchRecordTime=0, nsubDisconnetTime=0, byNetType=0, byPlaybackBufSize=0, bDetectDisconnTime=0, bKeepLifeInterval=0, nPicBufSize=0].
[2024-04-12T19:14:48.034 info Netsdk:69989 26420:6120 netsdk.cpp:367]Leave CLIENT_SetNetworkParam.
[2024-04-12T19:15:41.411 info Netsdk:69989 26420:6120 netsdk.cpp:1656]Enter CLIENT_RealPlayByDataType. lLoginID:0000000026FE7F50. nChannelID:0. hWnd:0000000000000000
[2024-04-12T19:15:41.454 error Netsdk:69989 26420:6120 Generation2ProtocolSecureTransmit.cpp:661]Not find
[2024-04-12T19:15:41.454 info Netsdk:69989 26420:6120 DevConfigEx.cpp:12265]IN SetupSession PORT=0 and PORT: 43489
[2024-04-12T19:15:41.490 info Netsdk:69989 26420:6120 TPTCPClient.cpp:540]Connect Client Ip : 192.168.10.124 
[2024-04-12T19:15:41.490 info Netsdk:69989 26420:6120 TPTCPClient.cpp:541]Connect Client Port : 3155
[2024-04-12T19:15:41.490 info Netsdk:69989 26420:6120 TcpSocket.cpp:2320]bSetSSL:0, nPolicy:0, nTlsMode:0
[2024-04-12T19:15:41.490 info Netsdk:69989 26420:6120 TcpSocket.cpp:2335]IsStandardTls bSetSSL:0, nPolicy:0, nTlsMode:0
[2024-04-12T19:15:41.516 info Netsdk:69989 26420:6120 netsdk.cpp:1703]Leave CLIENT_RealPlayByDataType. ret:654303792
[2024-04-12T19:15:41.517 info Netsdk:69989 26420:6120 netsdk.cpp:3034]Enter CLIENT_SetRealDataCallBackEx. [lRealHandle=654303792. cbRealData=00000000008C0090, dwUser=0000000021E5B6C0. dwFlag=31.]
[2024-04-12T19:15:41.517 info Netsdk:69989 26420:6120 netsdk.cpp:3056]Leave CLIENT_SetRealDataCallBackEx.ret:1.
[2024-04-12T19:15:41.591 error Netsdk:69989 26420:25472 RealPlayAndPlayBackUtil.cpp:468]Render is NULL
[2024-04-12T19:15:41.591 error Netsdk:69989 26420:25472 RealPlayAndPlayBackUtil.cpp:468]Render is NULL
[2024-04-12T19:17:34.917 info Netsdk:69989 26420:7920 netsdk.cpp:245]Enter CLIENT_InitEx:[cbDisConnect=00000000008C0010, dwUser=0000000000000000, lpInitParam=0000000000000000].
[2024-04-12T19:17:34.917 info Netsdk:69989 26420:7920 AVNetSDKMgr.cpp:736]Test avnetsdk module handle: 000000002EA40000

[2024-04-12T19:17:34.917 info Netsdk:69989 26420:7920 netsdk.cpp:268]Leave CLIENT_InitEx.
[2024-04-12T19:17:34.921 info Netsdk:69989 26420:7920 Manager.cpp:17401]-------------------Log file reset, log number:10-log size:10240------------------
