Begin Time:2024-04-15T10:07:39.417
[2024-04-15T10:07:39.417 info Netsdk:69989 14248:8220 AVNetSDKMgr.cpp:504]Load avnetsdk library dynamically
[2024-04-15T10:07:39.419 info Netsdk:69989 14248:8220 AVNetSDKMgr.cpp:549]avnetsdk module handle: 000000002F6E0000

[2024-04-15T10:07:39.419 info Netsdk:69989 14248:8220 AVNetSDKMgr.cpp:823]Load configsdk dynamically
[2024-04-15T10:07:39.421 info Netsdk:69989 14248:8220 netsdk.cpp:302]Enter CLIENT_SetAutoReconnect:[cbAutoConnect=0000000024820050, dwUser=0000000000000000].
[2024-04-15T10:07:39.421 info Netsdk:69989 14248:8220 netsdk.cpp:304]Leave CLIENT_SetAutoReconnect.
[2024-04-15T10:07:39.421 info Netsdk:69989 14248:8220 netsdk.cpp:326]Enter CLIENT_SetConnectTime:[nWaitTime=5000, nTryTimes=1].
[2024-04-15T10:07:39.421 info Netsdk:69989 14248:8220 netsdk.cpp:339]Leave CLIENT_SetConnectTime.
[2024-04-15T10:07:39.421 info Netsdk:69989 14248:8220 netsdk.cpp:352]Enter CLIENT_SetNetworkParam:[nWaittime=0, nConnectTime=10000, nConnectTryNum=0, nSubConnectSpaceTime=0, nGetDevInfoTime=3000, nConnectBufSize=0, nGetConnInfoTime=3000, nSearchRecordTime=0, nsubDisconnetTime=0, byNetType=0, byPlaybackBufSize=0, bDetectDisconnTime=0, bKeepLifeInterval=0, nPicBufSize=0].
[2024-04-15T10:07:39.421 info Netsdk:69989 14248:8220 netsdk.cpp:367]Leave CLIENT_SetNetworkParam.
[2024-04-15T10:07:39.422 info Netsdk:69989 14248:8220 netsdk.cpp:991]Enter CLIENT_LoginWithHighLevelSecurity. pstInParam:0000000023014F30, pstOutParam:00000000010684C0.
[2024-04-15T10:07:39.422 info Netsdk:69989 14248:8220 netsdk.cpp:1007]IP:49.239.193.148, port:43489, SpeCap:0, CapParam:0000000000000000, TLSCap:0
[2024-04-15T10:07:39.449 info Netsdk:69989 14248:8220 TPTCPClient.cpp:540]Connect Client Ip : 192.168.10.124 
[2024-04-15T10:07:39.449 info Netsdk:69989 14248:8220 TPTCPClient.cpp:541]Connect Client Port : 8660
[2024-04-15T10:07:39.990 info Netsdk:69989 14248:8220 netsdk.cpp:1054]Leave CLIENT_LoginWithHighLevelSecurity. error:0, login ID:0000000027CD7F50.
[2024-04-15T10:07:39.992 info Netsdk:69989 14248:8220 netsdk.cpp:1656]Enter CLIENT_RealPlayByDataType. lLoginID:0000000027CD7F50. nChannelID:0. hWnd:0000000000000000
[2024-04-15T10:07:40.465 error Netsdk:69989 14248:8220 Generation2ProtocolSecureTransmit.cpp:661]Not find
[2024-04-15T10:07:40.465 info Netsdk:69989 14248:8220 DevConfigEx.cpp:12265]IN SetupSession PORT=0 and PORT: 43489
[2024-04-15T10:07:40.508 info Netsdk:69989 14248:8220 TPTCPClient.cpp:540]Connect Client Ip : 192.168.10.124 
[2024-04-15T10:07:40.508 info Netsdk:69989 14248:8220 TPTCPClient.cpp:541]Connect Client Port : 8663
[2024-04-15T10:07:40.508 info Netsdk:69989 14248:8220 TcpSocket.cpp:2320]bSetSSL:0, nPolicy:0, nTlsMode:0
[2024-04-15T10:07:40.508 info Netsdk:69989 14248:8220 TcpSocket.cpp:2335]IsStandardTls bSetSSL:0, nPolicy:0, nTlsMode:0
[2024-04-15T10:07:40.540 info Netsdk:69989 14248:8220 netsdk.cpp:1703]Leave CLIENT_RealPlayByDataType. ret:667871744
[2024-04-15T10:07:40.545 info Netsdk:69989 14248:8220 netsdk.cpp:3034]Enter CLIENT_SetRealDataCallBackEx. [lRealHandle=667871744. cbRealData=0000000024820090, dwUser=00000000010C9A70. dwFlag=31.]
[2024-04-15T10:07:40.545 info Netsdk:69989 14248:8220 netsdk.cpp:3056]Leave CLIENT_SetRealDataCallBackEx.ret:1.
[2024-04-15T10:07:40.629 error Netsdk:69989 14248:18008 RealPlayAndPlayBackUtil.cpp:468]Render is NULL
[2024-04-15T10:07:40.629 error Netsdk:69989 14248:18008 RealPlayAndPlayBackUtil.cpp:468]Render is NULL
[2024-04-15T10:07:46.037 info Netsdk:69989 14248:2752 netsdk.cpp:245]Enter CLIENT_InitEx:[cbDisConnect=0000000024820010, dwUser=0000000000000000, lpInitParam=0000000000000000].
[2024-04-15T10:07:46.037 info Netsdk:69989 14248:2752 AVNetSDKMgr.cpp:736]Test avnetsdk module handle: 000000002F6E0000

[2024-04-15T10:07:46.037 info Netsdk:69989 14248:2752 netsdk.cpp:268]Leave CLIENT_InitEx.
[2024-04-15T10:07:46.038 info Netsdk:69989 14248:2752 Manager.cpp:17401]-------------------Log file reset, log number:10-log size:10240------------------
