Begin Time:2024-04-15T11:05:51.135
[2024-04-15T11:05:51.136 info Netsdk:69989 14072:15304 netsdk.cpp:302]Enter CLIENT_SetAutoReconnect:[cbAutoConnect=0000000003B00050, dwUser=0000000000000000].
[2024-04-15T11:05:51.136 info Netsdk:69989 14072:15304 netsdk.cpp:304]Leave CLIENT_SetAutoReconnect.
[2024-04-15T11:05:51.136 info Netsdk:69989 14072:15304 netsdk.cpp:326]Enter CLIENT_SetConnectTime:[nWaitTime=5000, nTryTimes=1].
[2024-04-15T11:05:51.136 info Netsdk:69989 14072:15304 netsdk.cpp:339]Leave CLIENT_SetConnectTime.
[2024-04-15T11:05:51.136 info Netsdk:69989 14072:15304 netsdk.cpp:352]Enter CLIENT_SetNetworkParam:[nWaittime=0, nConnectTime=10000, nConnectTryNum=0, nSubConnectSpaceTime=0, nGetDevInfoTime=3000, nConnectBufSize=0, nGetConnInfoTime=3000, nSearchRecordTime=0, nsubDisconnetTime=0, byNetType=0, byPlaybackBufSize=0, bDetectDisconnTime=0, bKeepLifeInterval=0, nPicBufSize=0].
[2024-04-15T11:05:51.136 info Netsdk:69989 14072:15304 netsdk.cpp:367]Leave CLIENT_SetNetworkParam.
[2024-04-15T11:05:51.137 info Netsdk:69989 14072:15304 netsdk.cpp:2091]Enter CLIENT_StopRealPlayEx. lRealHandle:671956256.
[2024-04-15T11:05:51.137 info Netsdk:69989 14072:15304 netsdk.cpp:2105]Leave CLIENT_StopRealPlayEx. ret:1
[2024-04-15T11:05:51.137 info Netsdk:69989 14072:15304 netsdk.cpp:1656]Enter CLIENT_RealPlayByDataType. lLoginID:00000000280B7F50. nChannelID:0. hWnd:0000000000000000
[2024-04-15T11:05:51.173 error Netsdk:69989 14072:15304 Generation2ProtocolSecureTransmit.cpp:661]Not find
[2024-04-15T11:05:51.173 info Netsdk:69989 14072:15304 DevConfigEx.cpp:12265]IN SetupSession PORT=0 and PORT: 43489
[2024-04-15T11:05:51.198 info Netsdk:69989 14072:15304 TPTCPClient.cpp:540]Connect Client Ip : 192.168.10.124 
[2024-04-15T11:05:51.198 info Netsdk:69989 14072:15304 TPTCPClient.cpp:541]Connect Client Port : 6789
[2024-04-15T11:05:51.198 info Netsdk:69989 14072:15304 TcpSocket.cpp:2320]bSetSSL:0, nPolicy:0, nTlsMode:0
[2024-04-15T11:05:51.198 info Netsdk:69989 14072:15304 TcpSocket.cpp:2335]IsStandardTls bSetSSL:0, nPolicy:0, nTlsMode:0
[2024-04-15T11:05:51.228 info Netsdk:69989 14072:15304 netsdk.cpp:1703]Leave CLIENT_RealPlayByDataType. ret:671927264
[2024-04-15T11:05:51.229 info Netsdk:69989 14072:15304 netsdk.cpp:3034]Enter CLIENT_SetRealDataCallBackEx. [lRealHandle=671927264. cbRealData=0000000003B00090, dwUser=00000000232AFA00. dwFlag=31.]
[2024-04-15T11:05:51.229 info Netsdk:69989 14072:15304 netsdk.cpp:3056]Leave CLIENT_SetRealDataCallBackEx.ret:1.
[2024-04-15T11:05:51.311 error Netsdk:69989 14072:19880 RealPlayAndPlayBackUtil.cpp:468]Render is NULL
[2024-04-15T11:05:51.311 error Netsdk:69989 14072:19880 RealPlayAndPlayBackUtil.cpp:468]Render is NULL
[2024-04-15T11:14:23.733 info Netsdk:69989 14072:19620 netsdk.cpp:2091]Enter CLIENT_StopRealPlayEx. lRealHandle:671927264.
[2024-04-15T11:14:23.733 info Netsdk:69989 14072:19620 netsdk.cpp:2105]Leave CLIENT_StopRealPlayEx. ret:1
