Begin Time:2024-04-15T09:48:05.305
[2024-04-15T09:48:05.305 info Netsdk:69989 18700:11180 AVNetSDKMgr.cpp:504]Load avnetsdk library dynamically
[2024-04-15T09:48:05.307 info Netsdk:69989 18700:11180 AVNetSDKMgr.cpp:549]avnetsdk module handle: 000000002F620000

[2024-04-15T09:48:05.307 info Netsdk:69989 18700:11180 AVNetSDKMgr.cpp:823]Load configsdk dynamically
[2024-04-15T09:48:05.309 info Netsdk:69989 18700:11180 netsdk.cpp:302]Enter CLIENT_SetAutoReconnect:[cbAutoConnect=0000000022760050, dwUser=0000000000000000].
[2024-04-15T09:48:05.309 info Netsdk:69989 18700:11180 netsdk.cpp:304]Leave CLIENT_SetAutoReconnect.
[2024-04-15T09:48:05.309 info Netsdk:69989 18700:11180 netsdk.cpp:326]Enter CLIENT_SetConnectTime:[nWaitTime=5000, nTryTimes=1].
[2024-04-15T09:48:05.309 info Netsdk:69989 18700:11180 netsdk.cpp:339]Leave CLIENT_SetConnectTime.
[2024-04-15T09:48:05.309 info Netsdk:69989 18700:11180 netsdk.cpp:352]Enter CLIENT_SetNetworkParam:[nWaittime=0, nConnectTime=10000, nConnectTryNum=0, nSubConnectSpaceTime=0, nGetDevInfoTime=3000, nConnectBufSize=0, nGetConnInfoTime=3000, nSearchRecordTime=0, nsubDisconnetTime=0, byNetType=0, byPlaybackBufSize=0, bDetectDisconnTime=0, bKeepLifeInterval=0, nPicBufSize=0].
[2024-04-15T09:48:05.309 info Netsdk:69989 18700:11180 netsdk.cpp:367]Leave CLIENT_SetNetworkParam.
[2024-04-15T09:48:05.310 info Netsdk:69989 18700:11180 netsdk.cpp:991]Enter CLIENT_LoginWithHighLevelSecurity. pstInParam:00000000012C4CE0, pstOutParam:0000000022B40690.
[2024-04-15T09:48:05.310 info Netsdk:69989 18700:11180 netsdk.cpp:1007]IP:49.239.193.148, port:43489, SpeCap:0, CapParam:0000000000000000, TLSCap:0
[2024-04-15T09:48:05.337 info Netsdk:69989 18700:11180 TPTCPClient.cpp:540]Connect Client Ip : 192.168.10.124 
[2024-04-15T09:48:05.337 info Netsdk:69989 18700:11180 TPTCPClient.cpp:541]Connect Client Port : 3145
[2024-04-15T09:48:05.827 info Netsdk:69989 18700:11180 netsdk.cpp:1054]Leave CLIENT_LoginWithHighLevelSecurity. error:0, login ID:0000000027DB7F50.
[2024-04-15T09:48:05.830 info Netsdk:69989 18700:11180 netsdk.cpp:1656]Enter CLIENT_RealPlayByDataType. lLoginID:0000000027DB7F50. nChannelID:0. hWnd:0000000000000000
[2024-04-15T09:48:06.293 error Netsdk:69989 18700:11180 Generation2ProtocolSecureTransmit.cpp:661]Not find
[2024-04-15T09:48:06.294 info Netsdk:69989 18700:11180 DevConfigEx.cpp:12265]IN SetupSession PORT=0 and PORT: 43489
[2024-04-15T09:48:06.319 info Netsdk:69989 18700:11180 TPTCPClient.cpp:540]Connect Client Ip : 192.168.10.124 
[2024-04-15T09:48:06.319 info Netsdk:69989 18700:11180 TPTCPClient.cpp:541]Connect Client Port : 14594
[2024-04-15T09:48:06.319 info Netsdk:69989 18700:11180 TcpSocket.cpp:2320]bSetSSL:0, nPolicy:0, nTlsMode:0
[2024-04-15T09:48:06.319 info Netsdk:69989 18700:11180 TcpSocket.cpp:2335]IsStandardTls bSetSSL:0, nPolicy:0, nTlsMode:0
[2024-04-15T09:48:06.347 info Netsdk:69989 18700:11180 netsdk.cpp:1703]Leave CLIENT_RealPlayByDataType. ret:668788000
[2024-04-15T09:48:06.352 info Netsdk:69989 18700:11180 netsdk.cpp:3034]Enter CLIENT_SetRealDataCallBackEx. [lRealHandle=668788000. cbRealData=0000000022760090, dwUser=00000000012810D0. dwFlag=31.]
[2024-04-15T09:48:06.352 info Netsdk:69989 18700:11180 netsdk.cpp:3056]Leave CLIENT_SetRealDataCallBackEx.ret:1.
[2024-04-15T09:48:06.432 error Netsdk:69989 18700:2748 RealPlayAndPlayBackUtil.cpp:468]Render is NULL
[2024-04-15T09:48:06.432 error Netsdk:69989 18700:2748 RealPlayAndPlayBackUtil.cpp:468]Render is NULL
[2024-04-15T09:48:42.047 info Netsdk:69989 18700:7220 netsdk.cpp:245]Enter CLIENT_InitEx:[cbDisConnect=0000000022760010, dwUser=0000000000000000, lpInitParam=0000000000000000].
[2024-04-15T09:48:42.047 info Netsdk:69989 18700:7220 AVNetSDKMgr.cpp:736]Test avnetsdk module handle: 000000002F620000

[2024-04-15T09:48:42.047 info Netsdk:69989 18700:7220 netsdk.cpp:268]Leave CLIENT_InitEx.
[2024-04-15T09:48:42.048 info Netsdk:69989 18700:7220 Manager.cpp:17401]-------------------Log file reset, log number:10-log size:10240------------------
