Begin Time:2024-04-15T11:05:41.964
[2024-04-15T11:05:41.964 info Netsdk:69989 14072:3456 AVNetSDKMgr.cpp:504]Load avnetsdk library dynamically
[2024-04-15T11:05:41.967 info Netsdk:69989 14072:3456 AVNetSDKMgr.cpp:549]avnetsdk module handle: 000000002FD90000

[2024-04-15T11:05:41.967 info Netsdk:69989 14072:3456 AVNetSDKMgr.cpp:823]Load configsdk dynamically
[2024-04-15T11:05:41.969 info Netsdk:69989 14072:3456 netsdk.cpp:302]Enter CLIENT_SetAutoReconnect:[cbAutoConnect=0000000003B00050, dwUser=0000000000000000].
[2024-04-15T11:05:41.969 info Netsdk:69989 14072:3456 netsdk.cpp:304]Leave CLIENT_SetAutoReconnect.
[2024-04-15T11:05:41.969 info Netsdk:69989 14072:3456 netsdk.cpp:326]Enter CLIENT_SetConnectTime:[nWaitTime=5000, nTryTimes=1].
[2024-04-15T11:05:41.970 info Netsdk:69989 14072:3456 netsdk.cpp:339]Leave CLIENT_SetConnectTime.
[2024-04-15T11:05:41.970 info Netsdk:69989 14072:3456 netsdk.cpp:352]Enter CLIENT_SetNetworkParam:[nWaittime=0, nConnectTime=10000, nConnectTryNum=0, nSubConnectSpaceTime=0, nGetDevInfoTime=3000, nConnectBufSize=0, nGetConnInfoTime=3000, nSearchRecordTime=0, nsubDisconnetTime=0, byNetType=0, byPlaybackBufSize=0, bDetectDisconnTime=0, bKeepLifeInterval=0, nPicBufSize=0].
[2024-04-15T11:05:41.970 info Netsdk:69989 14072:3456 netsdk.cpp:367]Leave CLIENT_SetNetworkParam.
[2024-04-15T11:05:41.972 info Netsdk:69989 14072:3456 netsdk.cpp:991]Enter CLIENT_LoginWithHighLevelSecurity. pstInParam:00000000232E6480, pstOutParam:000000000153D0F0.
[2024-04-15T11:05:41.972 info Netsdk:69989 14072:3456 netsdk.cpp:1007]IP:49.239.193.148, port:43489, SpeCap:0, CapParam:0000000000000000, TLSCap:0
[2024-04-15T11:05:41.996 info Netsdk:69989 14072:3456 TPTCPClient.cpp:540]Connect Client Ip : 192.168.10.124 
[2024-04-15T11:05:41.996 info Netsdk:69989 14072:3456 TPTCPClient.cpp:541]Connect Client Port : 6767
[2024-04-15T11:05:42.527 info Netsdk:69989 14072:3456 netsdk.cpp:1054]Leave CLIENT_LoginWithHighLevelSecurity. error:0, login ID:00000000280B7F50.
[2024-04-15T11:05:42.530 info Netsdk:69989 14072:3456 netsdk.cpp:1656]Enter CLIENT_RealPlayByDataType. lLoginID:00000000280B7F50. nChannelID:0. hWnd:0000000000000000
[2024-04-15T11:05:42.986 error Netsdk:69989 14072:3456 Generation2ProtocolSecureTransmit.cpp:661]Not find
[2024-04-15T11:05:42.986 info Netsdk:69989 14072:3456 DevConfigEx.cpp:12265]IN SetupSession PORT=0 and PORT: 43489
[2024-04-15T11:05:43.013 info Netsdk:69989 14072:3456 TPTCPClient.cpp:540]Connect Client Ip : 192.168.10.124 
[2024-04-15T11:05:43.013 info Netsdk:69989 14072:3456 TPTCPClient.cpp:541]Connect Client Port : 6768
[2024-04-15T11:05:43.013 info Netsdk:69989 14072:3456 TcpSocket.cpp:2320]bSetSSL:0, nPolicy:0, nTlsMode:0
[2024-04-15T11:05:43.013 info Netsdk:69989 14072:3456 TcpSocket.cpp:2335]IsStandardTls bSetSSL:0, nPolicy:0, nTlsMode:0
[2024-04-15T11:05:43.046 info Netsdk:69989 14072:3456 netsdk.cpp:1703]Leave CLIENT_RealPlayByDataType. ret:671956256
[2024-04-15T11:05:43.051 info Netsdk:69989 14072:3456 netsdk.cpp:3034]Enter CLIENT_SetRealDataCallBackEx. [lRealHandle=671956256. cbRealData=0000000003B00090, dwUser=00000000014D9080. dwFlag=31.]
[2024-04-15T11:05:43.051 info Netsdk:69989 14072:3456 netsdk.cpp:3056]Leave CLIENT_SetRealDataCallBackEx.ret:1.
[2024-04-15T11:05:43.121 error Netsdk:69989 14072:15344 RealPlayAndPlayBackUtil.cpp:468]Render is NULL
[2024-04-15T11:05:43.121 error Netsdk:69989 14072:15344 RealPlayAndPlayBackUtil.cpp:468]Render is NULL
[2024-04-15T11:05:51.134 info Netsdk:69989 14072:15304 netsdk.cpp:245]Enter CLIENT_InitEx:[cbDisConnect=0000000003B00010, dwUser=0000000000000000, lpInitParam=0000000000000000].
[2024-04-15T11:05:51.134 info Netsdk:69989 14072:15304 AVNetSDKMgr.cpp:736]Test avnetsdk module handle: 000000002FD90000

[2024-04-15T11:05:51.134 info Netsdk:69989 14072:15304 netsdk.cpp:268]Leave CLIENT_InitEx.
[2024-04-15T11:05:51.135 info Netsdk:69989 14072:15304 Manager.cpp:17401]-------------------Log file reset, log number:10-log size:10240------------------
