Begin Time:2024-04-15T09:56:40.797
[2024-04-15T09:56:40.797 info Netsdk:69989 15824:11080 netsdk.cpp:302]Enter CLIENT_SetAutoReconnect:[cbAutoConnect=0000000024780050, dwUser=0000000000000000].
[2024-04-15T09:56:40.797 info Netsdk:69989 15824:11080 netsdk.cpp:304]Leave CLIENT_SetAutoReconnect.
[2024-04-15T09:56:40.798 info Netsdk:69989 15824:11080 netsdk.cpp:326]Enter CLIENT_SetConnectTime:[nWaitTime=5000, nTryTimes=1].
[2024-04-15T09:56:40.798 info Netsdk:69989 15824:11080 netsdk.cpp:339]Leave CLIENT_SetConnectTime.
[2024-04-15T09:56:40.798 info Netsdk:69989 15824:11080 netsdk.cpp:352]Enter CLIENT_SetNetworkParam:[nWaittime=0, nConnectTime=10000, nConnectTryNum=0, nSubConnectSpaceTime=0, nGetDevInfoTime=3000, nConnectBufSize=0, nGetConnInfoTime=3000, nSearchRecordTime=0, nsubDisconnetTime=0, byNetType=0, byPlaybackBufSize=0, bDetectDisconnTime=0, bKeepLifeInterval=0, nPicBufSize=0].
[2024-04-15T09:56:40.798 info Netsdk:69989 15824:11080 netsdk.cpp:367]Leave CLIENT_SetNetworkParam.
[2024-04-15T09:56:40.799 info Netsdk:69989 15824:11080 netsdk.cpp:1656]Enter CLIENT_RealPlayByDataType. lLoginID:00000000278D7F50. nChannelID:0. hWnd:0000000000000000
[2024-04-15T09:56:40.838 error Netsdk:69989 15824:11080 Generation2ProtocolSecureTransmit.cpp:661]Not find
[2024-04-15T09:56:40.839 info Netsdk:69989 15824:11080 DevConfigEx.cpp:12265]IN SetupSession PORT=0 and PORT: 43489
[2024-04-15T09:56:40.864 info Netsdk:69989 15824:11080 TPTCPClient.cpp:540]Connect Client Ip : 192.168.10.124 
[2024-04-15T09:56:40.864 info Netsdk:69989 15824:11080 TPTCPClient.cpp:541]Connect Client Port : 10936
[2024-04-15T09:56:40.864 info Netsdk:69989 15824:11080 TcpSocket.cpp:2320]bSetSSL:0, nPolicy:0, nTlsMode:0
[2024-04-15T09:56:40.864 info Netsdk:69989 15824:11080 TcpSocket.cpp:2335]IsStandardTls bSetSSL:0, nPolicy:0, nTlsMode:0
[2024-04-15T09:56:40.895 info Netsdk:69989 15824:11080 netsdk.cpp:1703]Leave CLIENT_RealPlayByDataType. ret:663673840
[2024-04-15T09:56:40.895 info Netsdk:69989 15824:11080 netsdk.cpp:3034]Enter CLIENT_SetRealDataCallBackEx. [lRealHandle=663673840. cbRealData=0000000024780090, dwUser=0000000022B7F0A0. dwFlag=31.]
[2024-04-15T09:56:40.895 info Netsdk:69989 15824:11080 netsdk.cpp:3056]Leave CLIENT_SetRealDataCallBackEx.ret:1.
[2024-04-15T09:56:40.971 error Netsdk:69989 15824:16132 RealPlayAndPlayBackUtil.cpp:468]Render is NULL
[2024-04-15T09:56:40.972 error Netsdk:69989 15824:16132 RealPlayAndPlayBackUtil.cpp:468]Render is NULL
[2024-04-15T09:56:50.102 info Netsdk:69989 15824:5744 netsdk.cpp:2091]Enter CLIENT_StopRealPlayEx. lRealHandle:663740832.
[2024-04-15T09:56:50.107 error Netsdk:69989 15824:9700 TcpSocket.cpp:1557]exlen size add head_size is over buff len, extlen:-134682895,Len:51200
[2024-04-15T09:56:50.107 info Netsdk:69989 15824:9700 TcpSocket.cpp:1560]41 3F 16 E6 F1 E6 F8 F7 A6 0A 10 F4 DB BE CB 47 1F C5 99 91 AF B0 6D E1 A5 E3 01 7C 6B 10 53 1A 
[2024-04-15T09:56:50.107 error Netsdk:69989 15824:9700 TcpSocket.cpp:1566]Ext len too long, size:-134682895, ip:49.239.193.148, port:43489
[2024-04-15T09:56:50.107 error Netsdk:69989 15824:9700 TPTCPClient.cpp:286]Device is not online
[2024-04-15T09:56:50.107 info Netsdk:69989 15824:5744 netsdk.cpp:2105]Leave CLIENT_StopRealPlayEx. ret:1
[2024-04-15T09:56:52.712 info Netsdk:69989 15824:15528 netsdk.cpp:2091]Enter CLIENT_StopRealPlayEx. lRealHandle:663673840.
[2024-04-15T09:56:52.714 info Netsdk:69989 15824:15528 netsdk.cpp:2105]Leave CLIENT_StopRealPlayEx. ret:1
[2024-04-15T09:57:04.918 info Netsdk:69989 15824:5652 netsdk.cpp:2091]Enter CLIENT_StopRealPlayEx. lRealHandle:663673840.
[2024-04-15T09:57:04.918 info Netsdk:69989 15824:5652 netsdk.cpp:2105]Leave CLIENT_StopRealPlayEx. ret:0
[2024-04-15T09:57:05.371 info Netsdk:69989 15824:3800 netsdk.cpp:245]Enter CLIENT_InitEx:[cbDisConnect=0000000024780010, dwUser=0000000000000000, lpInitParam=0000000000000000].
[2024-04-15T09:57:05.371 info Netsdk:69989 15824:3800 AVNetSDKMgr.cpp:736]Test avnetsdk module handle: 000000002F260000

[2024-04-15T09:57:05.371 info Netsdk:69989 15824:3800 netsdk.cpp:268]Leave CLIENT_InitEx.
[2024-04-15T09:57:05.372 info Netsdk:69989 15824:3800 Manager.cpp:17401]-------------------Log file reset, log number:10-log size:10240------------------
