Begin Time:2024-04-12T21:47:50.330
[2024-04-12T21:47:50.330 info Netsdk:69989 9648:2496 netsdk.cpp:302]Enter CLIENT_SetAutoReconnect:[cbAutoConnect=0000000002C60050, dwUser=0000000000000000].
[2024-04-12T21:47:50.330 info Netsdk:69989 9648:2496 netsdk.cpp:304]Leave CLIENT_SetAutoReconnect.
[2024-04-12T21:47:50.330 info Netsdk:69989 9648:2496 netsdk.cpp:326]Enter CLIENT_SetConnectTime:[nWaitTime=5000, nTryTimes=1].
[2024-04-12T21:47:50.330 info Netsdk:69989 9648:2496 netsdk.cpp:339]Leave CLIENT_SetConnectTime.
[2024-04-12T21:47:50.330 info Netsdk:69989 9648:2496 netsdk.cpp:352]Enter CLIENT_SetNetworkParam:[nWaittime=0, nConnectTime=10000, nConnectTryNum=0, nSubConnectSpaceTime=0, nGetDevInfoTime=3000, nConnectBufSize=0, nGetConnInfoTime=3000, nSearchRecordTime=0, nsubDisconnetTime=0, byNetType=0, byPlaybackBufSize=0, bDetectDisconnTime=0, bKeepLifeInterval=0, nPicBufSize=0].
[2024-04-12T21:47:50.330 info Netsdk:69989 9648:2496 netsdk.cpp:367]Leave CLIENT_SetNetworkParam.
[2024-04-12T21:47:50.331 info Netsdk:69989 9648:2496 netsdk.cpp:1656]Enter CLIENT_RealPlayByDataType. lLoginID:00000000275B8210. nChannelID:0. hWnd:0000000000000000
[2024-04-12T21:47:50.377 error Netsdk:69989 9648:2496 Generation2ProtocolSecureTransmit.cpp:661]Not find
[2024-04-12T21:47:50.377 info Netsdk:69989 9648:2496 DevConfigEx.cpp:12265]IN SetupSession PORT=0 and PORT: 43489
[2024-04-12T21:47:50.410 info Netsdk:69989 9648:2496 TPTCPClient.cpp:540]Connect Client Ip : 192.168.10.124 
[2024-04-12T21:47:50.410 info Netsdk:69989 9648:2496 TPTCPClient.cpp:541]Connect Client Port : 6283
[2024-04-12T21:47:50.410 info Netsdk:69989 9648:2496 TcpSocket.cpp:2320]bSetSSL:0, nPolicy:0, nTlsMode:0
[2024-04-12T21:47:50.410 info Netsdk:69989 9648:2496 TcpSocket.cpp:2335]IsStandardTls bSetSSL:0, nPolicy:0, nTlsMode:0
[2024-04-12T21:47:50.444 info Netsdk:69989 9648:2496 netsdk.cpp:1703]Leave CLIENT_RealPlayByDataType. ret:660207216
[2024-04-12T21:47:50.445 info Netsdk:69989 9648:2496 netsdk.cpp:3034]Enter CLIENT_SetRealDataCallBackEx. [lRealHandle=660207216. cbRealData=0000000002C60090, dwUser=0000000000A68940. dwFlag=31.]
[2024-04-12T21:47:50.445 info Netsdk:69989 9648:2496 netsdk.cpp:3056]Leave CLIENT_SetRealDataCallBackEx.ret:1.
[2024-04-12T21:47:50.509 error Netsdk:69989 9648:8964 RealPlayAndPlayBackUtil.cpp:468]Render is NULL
[2024-04-12T21:47:50.510 error Netsdk:69989 9648:8964 RealPlayAndPlayBackUtil.cpp:468]Render is NULL
[2024-04-12T21:48:14.007 info Netsdk:69989 9648:10576 netsdk.cpp:245]Enter CLIENT_InitEx:[cbDisConnect=0000000002C60010, dwUser=0000000000000000, lpInitParam=0000000000000000].
[2024-04-12T21:48:14.007 info Netsdk:69989 9648:10576 AVNetSDKMgr.cpp:736]Test avnetsdk module handle: 000000002D830000

[2024-04-12T21:48:14.007 info Netsdk:69989 9648:10576 netsdk.cpp:268]Leave CLIENT_InitEx.
[2024-04-12T21:48:14.008 info Netsdk:69989 9648:10576 Manager.cpp:17401]-------------------Log file reset, log number:10-log size:10240------------------
