Begin Time:2024-04-12T19:03:04.449
[2024-04-12T19:03:04.449 info Netsdk:69989 20668:1692 AVNetSDKMgr.cpp:504]Load avnetsdk library dynamically
[2024-04-12T19:03:04.451 info Netsdk:69989 20668:1692 AVNetSDKMgr.cpp:549]avnetsdk module handle: 000000002F130000

[2024-04-12T19:03:04.451 info Netsdk:69989 20668:1692 AVNetSDKMgr.cpp:823]Load configsdk dynamically
[2024-04-12T19:03:04.452 info Netsdk:69989 20668:1692 netsdk.cpp:302]Enter CLIENT_SetAutoReconnect:[cbAutoConnect=000000001CB70050, dwUser=0000000000000000].
[2024-04-12T19:03:04.452 info Netsdk:69989 20668:1692 netsdk.cpp:304]Leave CLIENT_SetAutoReconnect.
[2024-04-12T19:03:04.453 info Netsdk:69989 20668:1692 netsdk.cpp:326]Enter CLIENT_SetConnectTime:[nWaitTime=5000, nTryTimes=1].
[2024-04-12T19:03:04.453 info Netsdk:69989 20668:1692 netsdk.cpp:339]Leave CLIENT_SetConnectTime.
[2024-04-12T19:03:04.453 info Netsdk:69989 20668:1692 netsdk.cpp:352]Enter CLIENT_SetNetworkParam:[nWaittime=0, nConnectTime=10000, nConnectTryNum=0, nSubConnectSpaceTime=0, nGetDevInfoTime=3000, nConnectBufSize=0, nGetConnInfoTime=3000, nSearchRecordTime=0, nsubDisconnetTime=0, byNetType=0, byPlaybackBufSize=0, bDetectDisconnTime=0, bKeepLifeInterval=0, nPicBufSize=0].
[2024-04-12T19:03:04.453 info Netsdk:69989 20668:1692 netsdk.cpp:367]Leave CLIENT_SetNetworkParam.
[2024-04-12T19:03:04.455 info Netsdk:69989 20668:1692 netsdk.cpp:991]Enter CLIENT_LoginWithHighLevelSecurity. pstInParam:0000000000CCAA60, pstOutParam:0000000022A17070.
[2024-04-12T19:03:04.455 info Netsdk:69989 20668:1692 netsdk.cpp:1007]IP:49.239.193.148, port:43489, SpeCap:0, CapParam:0000000000000000, TLSCap:0
[2024-04-12T19:03:04.481 info Netsdk:69989 20668:1692 TPTCPClient.cpp:540]Connect Client Ip : 192.168.10.124 
[2024-04-12T19:03:04.481 info Netsdk:69989 20668:1692 TPTCPClient.cpp:541]Connect Client Port : 11439
[2024-04-12T19:03:04.988 info Netsdk:69989 20668:1692 netsdk.cpp:1054]Leave CLIENT_LoginWithHighLevelSecurity. error:0, login ID:00000000267B7F50.
[2024-04-12T19:03:04.992 info Netsdk:69989 20668:1692 netsdk.cpp:1656]Enter CLIENT_RealPlayByDataType. lLoginID:00000000267B7F50. nChannelID:0. hWnd:0000000000000000
[2024-04-12T19:03:05.525 error Netsdk:69989 20668:1692 Generation2ProtocolSecureTransmit.cpp:661]Not find
[2024-04-12T19:03:05.525 info Netsdk:69989 20668:1692 DevConfigEx.cpp:12265]IN SetupSession PORT=0 and PORT: 43489
[2024-04-12T19:03:05.552 info Netsdk:69989 20668:1692 TPTCPClient.cpp:540]Connect Client Ip : 192.168.10.124 
[2024-04-12T19:03:05.552 info Netsdk:69989 20668:1692 TPTCPClient.cpp:541]Connect Client Port : 11440
[2024-04-12T19:03:05.552 info Netsdk:69989 20668:1692 TcpSocket.cpp:2320]bSetSSL:0, nPolicy:0, nTlsMode:0
[2024-04-12T19:03:05.552 info Netsdk:69989 20668:1692 TcpSocket.cpp:2335]IsStandardTls bSetSSL:0, nPolicy:0, nTlsMode:0
[2024-04-12T19:03:05.579 info Netsdk:69989 20668:1692 netsdk.cpp:1703]Leave CLIENT_RealPlayByDataType. ret:830659120
[2024-04-12T19:03:05.581 info Netsdk:69989 20668:1692 netsdk.cpp:3034]Enter CLIENT_SetRealDataCallBackEx. [lRealHandle=830659120. cbRealData=000000001CB70090, dwUser=00000000229CFFD0. dwFlag=31.]
[2024-04-12T19:03:05.581 info Netsdk:69989 20668:1692 netsdk.cpp:3056]Leave CLIENT_SetRealDataCallBackEx.ret:1.
[2024-04-12T19:03:05.653 error Netsdk:69989 20668:15920 RealPlayAndPlayBackUtil.cpp:468]Render is NULL
[2024-04-12T19:03:05.653 error Netsdk:69989 20668:15920 RealPlayAndPlayBackUtil.cpp:468]Render is NULL
[2024-04-12T19:03:51.831 info Netsdk:69989 20668:12836 netsdk.cpp:245]Enter CLIENT_InitEx:[cbDisConnect=000000001CB70010, dwUser=0000000000000000, lpInitParam=0000000000000000].
[2024-04-12T19:03:51.831 info Netsdk:69989 20668:12836 AVNetSDKMgr.cpp:736]Test avnetsdk module handle: 000000002F130000

[2024-04-12T19:03:51.831 info Netsdk:69989 20668:12836 netsdk.cpp:268]Leave CLIENT_InitEx.
[2024-04-12T19:03:51.832 info Netsdk:69989 20668:12836 Manager.cpp:17401]-------------------Log file reset, log number:10-log size:10240------------------
