Begin Time:2024-04-12T19:07:50.212
[2024-04-12T19:07:50.212 info Netsdk:69989 20668:12088 netsdk.cpp:302]Enter CLIENT_SetAutoReconnect:[cbAutoConnect=000000001CB70050, dwUser=0000000000000000].
[2024-04-12T19:07:50.212 info Netsdk:69989 20668:12088 netsdk.cpp:304]Leave CLIENT_SetAutoReconnect.
[2024-04-12T19:07:50.212 info Netsdk:69989 20668:12088 netsdk.cpp:326]Enter CLIENT_SetConnectTime:[nWaitTime=5000, nTryTimes=1].
[2024-04-12T19:07:50.212 info Netsdk:69989 20668:12088 netsdk.cpp:339]Leave CLIENT_SetConnectTime.
[2024-04-12T19:07:50.212 info Netsdk:69989 20668:12088 netsdk.cpp:352]Enter CLIENT_SetNetworkParam:[nWaittime=0, nConnectTime=10000, nConnectTryNum=0, nSubConnectSpaceTime=0, nGetDevInfoTime=3000, nConnectBufSize=0, nGetConnInfoTime=3000, nSearchRecordTime=0, nsubDisconnetTime=0, byNetType=0, byPlaybackBufSize=0, bDetectDisconnTime=0, bKeepLifeInterval=0, nPicBufSize=0].
[2024-04-12T19:07:50.218 info Netsdk:69989 20668:12088 netsdk.cpp:367]Leave CLIENT_SetNetworkParam.
[2024-04-12T19:07:50.218 info Netsdk:69989 20668:12088 netsdk.cpp:1656]Enter CLIENT_RealPlayByDataType. lLoginID:00000000267B7F50. nChannelID:0. hWnd:0000000000000000
[2024-04-12T19:07:50.263 error Netsdk:69989 20668:12088 Generation2ProtocolSecureTransmit.cpp:661]Not find
[2024-04-12T19:07:50.263 info Netsdk:69989 20668:12088 DevConfigEx.cpp:12265]IN SetupSession PORT=0 and PORT: 43489
[2024-04-12T19:07:50.295 info Netsdk:69989 20668:12088 TPTCPClient.cpp:540]Connect Client Ip : 192.168.10.124 
[2024-04-12T19:07:50.295 info Netsdk:69989 20668:12088 TPTCPClient.cpp:541]Connect Client Port : 13537
[2024-04-12T19:07:50.295 info Netsdk:69989 20668:12088 TcpSocket.cpp:2320]bSetSSL:0, nPolicy:0, nTlsMode:0
[2024-04-12T19:07:50.295 info Netsdk:69989 20668:12088 TcpSocket.cpp:2335]IsStandardTls bSetSSL:0, nPolicy:0, nTlsMode:0
[2024-04-12T19:07:50.330 info Netsdk:69989 20668:12088 netsdk.cpp:1703]Leave CLIENT_RealPlayByDataType. ret:830659120
[2024-04-12T19:07:50.331 info Netsdk:69989 20668:12088 netsdk.cpp:3034]Enter CLIENT_SetRealDataCallBackEx. [lRealHandle=830659120. cbRealData=000000001CB70090, dwUser=0000000000C7E360. dwFlag=31.]
[2024-04-12T19:07:50.331 info Netsdk:69989 20668:12088 netsdk.cpp:3056]Leave CLIENT_SetRealDataCallBackEx.ret:1.
[2024-04-12T19:07:50.397 error Netsdk:69989 20668:27216 RealPlayAndPlayBackUtil.cpp:468]Render is NULL
[2024-04-12T19:07:50.397 error Netsdk:69989 20668:27216 RealPlayAndPlayBackUtil.cpp:468]Render is NULL
[2024-04-12T19:08:02.105 info Netsdk:69989 20668:15184 netsdk.cpp:2091]Enter CLIENT_StopRealPlayEx. lRealHandle:830659120.
[2024-04-12T19:08:02.106 info Netsdk:69989 20668:15184 netsdk.cpp:2105]Leave CLIENT_StopRealPlayEx. ret:1
